

Started GET "/assets/rails.png" for 127.0.0.1 at 2012-04-10 15:45:11 -0600
Served asset /rails.png - 200 OK (18ms)
  [1m[36m (0.2ms)[0m  [1mselect sqlite_version(*)[0m
  [1m[35m (12.6ms)[0m  CREATE TABLE "schema_migrations" ("version" varchar(255) NOT NULL) 
  [1m[36m (0.1ms)[0m  [1mPRAGMA index_list("schema_migrations")[0m
  [1m[35m (8.5ms)[0m  CREATE UNIQUE INDEX "unique_schema_migrations" ON "schema_migrations" ("version")
  [1m[36m (0.1ms)[0m  [1mSELECT "schema_migrations"."version" FROM "schema_migrations" [0m
Migrating to CreateUsers (20120410193519)
  [1m[35m (0.1ms)[0m  begin transaction
  [1m[36m (0.6ms)[0m  [1mCREATE TABLE "users" ("id" INTEGER PRIMARY KEY AUTOINCREMENT NOT NULL, "name" varchar(255), "password" varchar(255), "created_at" datetime NOT NULL, "updated_at" datetime NOT NULL) [0m
  [1m[35m (0.3ms)[0m  INSERT INTO "schema_migrations" ("version") VALUES ('20120410193519')
  [1m[36m (7.9ms)[0m  [1mcommit transaction[0m
Migrating to CreateGames (20120410193741)
  [1m[35m (0.1ms)[0m  begin transaction
  [1m[36m (0.5ms)[0m  [1mCREATE TABLE "games" ("id" INTEGER PRIMARY KEY AUTOINCREMENT NOT NULL, "title" varchar(255), "rating" varchar(255), "created_at" datetime NOT NULL, "updated_at" datetime NOT NULL) [0m
  [1m[35m (0.2ms)[0m  INSERT INTO "schema_migrations" ("version") VALUES ('20120410193741')
  [1m[36m (7.5ms)[0m  [1mcommit transaction[0m
  [1m[35m (0.4ms)[0m  select sqlite_version(*)
  [1m[36m (0.2ms)[0m  [1mSELECT "schema_migrations"."version" FROM "schema_migrations" [0m
  [1m[35m (0.1ms)[0m  PRAGMA index_list("games")
  [1m[36m (0.1ms)[0m  [1mPRAGMA index_list("users")[0m


Started GET "/assets/rails.png" for 127.0.0.1 at 2012-04-10 16:33:21 -0600
Served asset /rails.png - 304 Not Modified (1ms)


Started GET "/" for 127.0.0.1 at 2012-04-10 16:34:37 -0600

ActionController::RoutingError (No route matches [GET] "/"):
  actionpack (3.2.3) lib/action_dispatch/middleware/debug_exceptions.rb:21:in `call'
  actionpack (3.2.3) lib/action_dispatch/middleware/show_exceptions.rb:56:in `call'
  railties (3.2.3) lib/rails/rack/logger.rb:26:in `call_app'
  railties (3.2.3) lib/rails/rack/logger.rb:16:in `call'
  actionpack (3.2.3) lib/action_dispatch/middleware/request_id.rb:22:in `call'
  rack (1.4.1) lib/rack/methodoverride.rb:21:in `call'
  rack (1.4.1) lib/rack/runtime.rb:17:in `call'
  activesupport (3.2.3) lib/active_support/cache/strategy/local_cache.rb:72:in `call'
  rack (1.4.1) lib/rack/lock.rb:15:in `call'
  actionpack (3.2.3) lib/action_dispatch/middleware/static.rb:62:in `call'
  railties (3.2.3) lib/rails/engine.rb:479:in `call'
  railties (3.2.3) lib/rails/application.rb:220:in `call'
  railties (3.2.3) lib/rails/railtie/configurable.rb:30:in `method_missing'
  passenger (3.0.11) lib/phusion_passenger/rack/request_handler.rb:96:in `process_request'
  passenger (3.0.11) lib/phusion_passenger/abstract_request_handler.rb:513:in `accept_and_process_next_request'
  passenger (3.0.11) lib/phusion_passenger/abstract_request_handler.rb:274:in `main_loop'
  passenger (3.0.11) lib/phusion_passenger/rack/application_spawner.rb:206:in `start_request_handler'
  passenger (3.0.11) lib/phusion_passenger/rack/application_spawner.rb:171:in `block in handle_spawn_application'
  passenger (3.0.11) lib/phusion_passenger/utils.rb:479:in `safe_fork'
  passenger (3.0.11) lib/phusion_passenger/rack/application_spawner.rb:166:in `handle_spawn_application'
  passenger (3.0.11) lib/phusion_passenger/abstract_server.rb:357:in `server_main_loop'
  passenger (3.0.11) lib/phusion_passenger/abstract_server.rb:206:in `start_synchronously'
  passenger (3.0.11) lib/phusion_passenger/abstract_server.rb:180:in `start'
  passenger (3.0.11) lib/phusion_passenger/rack/application_spawner.rb:129:in `start'
  passenger (3.0.11) lib/phusion_passenger/spawn_manager.rb:253:in `block (2 levels) in spawn_rack_application'
  passenger (3.0.11) lib/phusion_passenger/abstract_server_collection.rb:132:in `lookup_or_add'
  passenger (3.0.11) lib/phusion_passenger/spawn_manager.rb:246:in `block in spawn_rack_application'
  passenger (3.0.11) lib/phusion_passenger/abstract_server_collection.rb:82:in `block in synchronize'
  <internal:prelude>:10:in `synchronize'
  passenger (3.0.11) lib/phusion_passenger/abstract_server_collection.rb:79:in `synchronize'
  passenger (3.0.11) lib/phusion_passenger/spawn_manager.rb:244:in `spawn_rack_application'
  passenger (3.0.11) lib/phusion_passenger/spawn_manager.rb:137:in `spawn_application'
  passenger (3.0.11) lib/phusion_passenger/spawn_manager.rb:275:in `handle_spawn_application'
  passenger (3.0.11) lib/phusion_passenger/abstract_server.rb:357:in `server_main_loop'
  passenger (3.0.11) lib/phusion_passenger/abstract_server.rb:206:in `start_synchronously'
  passenger (3.0.11) helper-scripts/passenger-spawn-server:99:in `<main>'


  Rendered /var/lib/gems/1.9.1/gems/actionpack-3.2.3/lib/action_dispatch/middleware/templates/rescues/routing_error.erb within rescues/layout (2.7ms)


Started GET "/" for 127.0.0.1 at 2012-04-10 16:36:53 -0600

ActionController::RoutingError (uninitialized constant GameController):
  activesupport (3.2.3) lib/active_support/inflector/methods.rb:229:in `block in constantize'
  activesupport (3.2.3) lib/active_support/inflector/methods.rb:228:in `each'
  activesupport (3.2.3) lib/active_support/inflector/methods.rb:228:in `constantize'
  actionpack (3.2.3) lib/action_dispatch/routing/route_set.rb:69:in `controller_reference'
  actionpack (3.2.3) lib/action_dispatch/routing/route_set.rb:54:in `controller'
  actionpack (3.2.3) lib/action_dispatch/routing/route_set.rb:32:in `call'
  journey (1.0.3) lib/journey/router.rb:68:in `block in call'
  journey (1.0.3) lib/journey/router.rb:56:in `each'
  journey (1.0.3) lib/journey/router.rb:56:in `call'
  actionpack (3.2.3) lib/action_dispatch/routing/route_set.rb:600:in `call'
  sass (3.1.15) lib/sass/plugin/rack.rb:54:in `call'
  actionpack (3.2.3) lib/action_dispatch/middleware/best_standards_support.rb:17:in `call'
  rack (1.4.1) lib/rack/etag.rb:23:in `call'
  rack (1.4.1) lib/rack/conditionalget.rb:25:in `call'
  actionpack (3.2.3) lib/action_dispatch/middleware/head.rb:14:in `call'
  actionpack (3.2.3) lib/action_dispatch/middleware/params_parser.rb:21:in `call'
  actionpack (3.2.3) lib/action_dispatch/middleware/flash.rb:242:in `call'
  rack (1.4.1) lib/rack/session/abstract/id.rb:205:in `context'
  rack (1.4.1) lib/rack/session/abstract/id.rb:200:in `call'
  actionpack (3.2.3) lib/action_dispatch/middleware/cookies.rb:338:in `call'
  activerecord (3.2.3) lib/active_record/query_cache.rb:64:in `call'
  activerecord (3.2.3) lib/active_record/connection_adapters/abstract/connection_pool.rb:467:in `call'
  actionpack (3.2.3) lib/action_dispatch/middleware/callbacks.rb:28:in `block in call'
  activesupport (3.2.3) lib/active_support/callbacks.rb:405:in `_run__1052172155061260909__call__3103518003267198189__callbacks'
  activesupport (3.2.3) lib/active_support/callbacks.rb:405:in `__run_callback'
  activesupport (3.2.3) lib/active_support/callbacks.rb:385:in `_run_call_callbacks'
  activesupport (3.2.3) lib/active_support/callbacks.rb:81:in `run_callbacks'
  actionpack (3.2.3) lib/action_dispatch/middleware/callbacks.rb:27:in `call'
  actionpack (3.2.3) lib/action_dispatch/middleware/reloader.rb:65:in `call'
  actionpack (3.2.3) lib/action_dispatch/middleware/remote_ip.rb:31:in `call'
  actionpack (3.2.3) lib/action_dispatch/middleware/debug_exceptions.rb:16:in `call'
  actionpack (3.2.3) lib/action_dispatch/middleware/show_exceptions.rb:56:in `call'
  railties (3.2.3) lib/rails/rack/logger.rb:26:in `call_app'
  railties (3.2.3) lib/rails/rack/logger.rb:16:in `call'
  actionpack (3.2.3) lib/action_dispatch/middleware/request_id.rb:22:in `call'
  rack (1.4.1) lib/rack/methodoverride.rb:21:in `call'
  rack (1.4.1) lib/rack/runtime.rb:17:in `call'
  activesupport (3.2.3) lib/active_support/cache/strategy/local_cache.rb:72:in `call'
  rack (1.4.1) lib/rack/lock.rb:15:in `call'
  actionpack (3.2.3) lib/action_dispatch/middleware/static.rb:62:in `call'
  railties (3.2.3) lib/rails/engine.rb:479:in `call'
  railties (3.2.3) lib/rails/application.rb:220:in `call'
  railties (3.2.3) lib/rails/railtie/configurable.rb:30:in `method_missing'
  passenger (3.0.11) lib/phusion_passenger/rack/request_handler.rb:96:in `process_request'
  passenger (3.0.11) lib/phusion_passenger/abstract_request_handler.rb:513:in `accept_and_process_next_request'
  passenger (3.0.11) lib/phusion_passenger/abstract_request_handler.rb:274:in `main_loop'
  passenger (3.0.11) lib/phusion_passenger/rack/application_spawner.rb:206:in `start_request_handler'
  passenger (3.0.11) lib/phusion_passenger/rack/application_spawner.rb:171:in `block in handle_spawn_application'
  passenger (3.0.11) lib/phusion_passenger/utils.rb:479:in `safe_fork'
  passenger (3.0.11) lib/phusion_passenger/rack/application_spawner.rb:166:in `handle_spawn_application'
  passenger (3.0.11) lib/phusion_passenger/abstract_server.rb:357:in `server_main_loop'
  passenger (3.0.11) lib/phusion_passenger/abstract_server.rb:206:in `start_synchronously'
  passenger (3.0.11) lib/phusion_passenger/abstract_server.rb:180:in `start'
  passenger (3.0.11) lib/phusion_passenger/rack/application_spawner.rb:129:in `start'
  passenger (3.0.11) lib/phusion_passenger/spawn_manager.rb:253:in `block (2 levels) in spawn_rack_application'
  passenger (3.0.11) lib/phusion_passenger/abstract_server_collection.rb:132:in `lookup_or_add'
  passenger (3.0.11) lib/phusion_passenger/spawn_manager.rb:246:in `block in spawn_rack_application'
  passenger (3.0.11) lib/phusion_passenger/abstract_server_collection.rb:82:in `block in synchronize'
  <internal:prelude>:10:in `synchronize'
  passenger (3.0.11) lib/phusion_passenger/abstract_server_collection.rb:79:in `synchronize'
  passenger (3.0.11) lib/phusion_passenger/spawn_manager.rb:244:in `spawn_rack_application'
  passenger (3.0.11) lib/phusion_passenger/spawn_manager.rb:137:in `spawn_application'
  passenger (3.0.11) lib/phusion_passenger/spawn_manager.rb:275:in `handle_spawn_application'
  passenger (3.0.11) lib/phusion_passenger/abstract_server.rb:357:in `server_main_loop'
  passenger (3.0.11) lib/phusion_passenger/abstract_server.rb:206:in `start_synchronously'
  passenger (3.0.11) helper-scripts/passenger-spawn-server:99:in `<main>'


  Rendered /var/lib/gems/1.9.1/gems/actionpack-3.2.3/lib/action_dispatch/middleware/templates/rescues/routing_error.erb within rescues/layout (1.9ms)


Started GET "/" for 127.0.0.1 at 2012-04-10 16:37:12 -0600

ActionController::RoutingError (uninitialized constant GamezController):
  activesupport (3.2.3) lib/active_support/inflector/methods.rb:229:in `block in constantize'
  activesupport (3.2.3) lib/active_support/inflector/methods.rb:228:in `each'
  activesupport (3.2.3) lib/active_support/inflector/methods.rb:228:in `constantize'
  actionpack (3.2.3) lib/action_dispatch/routing/route_set.rb:69:in `controller_reference'
  actionpack (3.2.3) lib/action_dispatch/routing/route_set.rb:54:in `controller'
  actionpack (3.2.3) lib/action_dispatch/routing/route_set.rb:32:in `call'
  journey (1.0.3) lib/journey/router.rb:68:in `block in call'
  journey (1.0.3) lib/journey/router.rb:56:in `each'
  journey (1.0.3) lib/journey/router.rb:56:in `call'
  actionpack (3.2.3) lib/action_dispatch/routing/route_set.rb:600:in `call'
  sass (3.1.15) lib/sass/plugin/rack.rb:54:in `call'
  actionpack (3.2.3) lib/action_dispatch/middleware/best_standards_support.rb:17:in `call'
  rack (1.4.1) lib/rack/etag.rb:23:in `call'
  rack (1.4.1) lib/rack/conditionalget.rb:25:in `call'
  actionpack (3.2.3) lib/action_dispatch/middleware/head.rb:14:in `call'
  actionpack (3.2.3) lib/action_dispatch/middleware/params_parser.rb:21:in `call'
  actionpack (3.2.3) lib/action_dispatch/middleware/flash.rb:242:in `call'
  rack (1.4.1) lib/rack/session/abstract/id.rb:205:in `context'
  rack (1.4.1) lib/rack/session/abstract/id.rb:200:in `call'
  actionpack (3.2.3) lib/action_dispatch/middleware/cookies.rb:338:in `call'
  activerecord (3.2.3) lib/active_record/query_cache.rb:64:in `call'
  activerecord (3.2.3) lib/active_record/connection_adapters/abstract/connection_pool.rb:467:in `call'
  actionpack (3.2.3) lib/action_dispatch/middleware/callbacks.rb:28:in `block in call'
  activesupport (3.2.3) lib/active_support/callbacks.rb:405:in `_run__1052172155061260909__call__3103518003267198189__callbacks'
  activesupport (3.2.3) lib/active_support/callbacks.rb:405:in `__run_callback'
  activesupport (3.2.3) lib/active_support/callbacks.rb:385:in `_run_call_callbacks'
  activesupport (3.2.3) lib/active_support/callbacks.rb:81:in `run_callbacks'
  actionpack (3.2.3) lib/action_dispatch/middleware/callbacks.rb:27:in `call'
  actionpack (3.2.3) lib/action_dispatch/middleware/reloader.rb:65:in `call'
  actionpack (3.2.3) lib/action_dispatch/middleware/remote_ip.rb:31:in `call'
  actionpack (3.2.3) lib/action_dispatch/middleware/debug_exceptions.rb:16:in `call'
  actionpack (3.2.3) lib/action_dispatch/middleware/show_exceptions.rb:56:in `call'
  railties (3.2.3) lib/rails/rack/logger.rb:26:in `call_app'
  railties (3.2.3) lib/rails/rack/logger.rb:16:in `call'
  actionpack (3.2.3) lib/action_dispatch/middleware/request_id.rb:22:in `call'
  rack (1.4.1) lib/rack/methodoverride.rb:21:in `call'
  rack (1.4.1) lib/rack/runtime.rb:17:in `call'
  activesupport (3.2.3) lib/active_support/cache/strategy/local_cache.rb:72:in `call'
  rack (1.4.1) lib/rack/lock.rb:15:in `call'
  actionpack (3.2.3) lib/action_dispatch/middleware/static.rb:62:in `call'
  railties (3.2.3) lib/rails/engine.rb:479:in `call'
  railties (3.2.3) lib/rails/application.rb:220:in `call'
  railties (3.2.3) lib/rails/railtie/configurable.rb:30:in `method_missing'
  passenger (3.0.11) lib/phusion_passenger/rack/request_handler.rb:96:in `process_request'
  passenger (3.0.11) lib/phusion_passenger/abstract_request_handler.rb:513:in `accept_and_process_next_request'
  passenger (3.0.11) lib/phusion_passenger/abstract_request_handler.rb:274:in `main_loop'
  passenger (3.0.11) lib/phusion_passenger/rack/application_spawner.rb:206:in `start_request_handler'
  passenger (3.0.11) lib/phusion_passenger/rack/application_spawner.rb:171:in `block in handle_spawn_application'
  passenger (3.0.11) lib/phusion_passenger/utils.rb:479:in `safe_fork'
  passenger (3.0.11) lib/phusion_passenger/rack/application_spawner.rb:166:in `handle_spawn_application'
  passenger (3.0.11) lib/phusion_passenger/abstract_server.rb:357:in `server_main_loop'
  passenger (3.0.11) lib/phusion_passenger/abstract_server.rb:206:in `start_synchronously'
  passenger (3.0.11) lib/phusion_passenger/abstract_server.rb:180:in `start'
  passenger (3.0.11) lib/phusion_passenger/rack/application_spawner.rb:129:in `start'
  passenger (3.0.11) lib/phusion_passenger/spawn_manager.rb:253:in `block (2 levels) in spawn_rack_application'
  passenger (3.0.11) lib/phusion_passenger/abstract_server_collection.rb:132:in `lookup_or_add'
  passenger (3.0.11) lib/phusion_passenger/spawn_manager.rb:246:in `block in spawn_rack_application'
  passenger (3.0.11) lib/phusion_passenger/abstract_server_collection.rb:82:in `block in synchronize'
  <internal:prelude>:10:in `synchronize'
  passenger (3.0.11) lib/phusion_passenger/abstract_server_collection.rb:79:in `synchronize'
  passenger (3.0.11) lib/phusion_passenger/spawn_manager.rb:244:in `spawn_rack_application'
  passenger (3.0.11) lib/phusion_passenger/spawn_manager.rb:137:in `spawn_application'
  passenger (3.0.11) lib/phusion_passenger/spawn_manager.rb:275:in `handle_spawn_application'
  passenger (3.0.11) lib/phusion_passenger/abstract_server.rb:357:in `server_main_loop'
  passenger (3.0.11) lib/phusion_passenger/abstract_server.rb:206:in `start_synchronously'
  passenger (3.0.11) helper-scripts/passenger-spawn-server:99:in `<main>'


  Rendered /var/lib/gems/1.9.1/gems/actionpack-3.2.3/lib/action_dispatch/middleware/templates/rescues/routing_error.erb within rescues/layout (1.7ms)


Started GET "/" for 127.0.0.1 at 2012-04-10 16:37:54 -0600

ActionController::RoutingError (uninitialized constant GamezController):
  activesupport (3.2.3) lib/active_support/inflector/methods.rb:229:in `block in constantize'
  activesupport (3.2.3) lib/active_support/inflector/methods.rb:228:in `each'
  activesupport (3.2.3) lib/active_support/inflector/methods.rb:228:in `constantize'
  actionpack (3.2.3) lib/action_dispatch/routing/route_set.rb:69:in `controller_reference'
  actionpack (3.2.3) lib/action_dispatch/routing/route_set.rb:54:in `controller'
  actionpack (3.2.3) lib/action_dispatch/routing/route_set.rb:32:in `call'
  journey (1.0.3) lib/journey/router.rb:68:in `block in call'
  journey (1.0.3) lib/journey/router.rb:56:in `each'
  journey (1.0.3) lib/journey/router.rb:56:in `call'
  actionpack (3.2.3) lib/action_dispatch/routing/route_set.rb:600:in `call'
  sass (3.1.15) lib/sass/plugin/rack.rb:54:in `call'
  actionpack (3.2.3) lib/action_dispatch/middleware/best_standards_support.rb:17:in `call'
  rack (1.4.1) lib/rack/etag.rb:23:in `call'
  rack (1.4.1) lib/rack/conditionalget.rb:25:in `call'
  actionpack (3.2.3) lib/action_dispatch/middleware/head.rb:14:in `call'
  actionpack (3.2.3) lib/action_dispatch/middleware/params_parser.rb:21:in `call'
  actionpack (3.2.3) lib/action_dispatch/middleware/flash.rb:242:in `call'
  rack (1.4.1) lib/rack/session/abstract/id.rb:205:in `context'
  rack (1.4.1) lib/rack/session/abstract/id.rb:200:in `call'
  actionpack (3.2.3) lib/action_dispatch/middleware/cookies.rb:338:in `call'
  activerecord (3.2.3) lib/active_record/query_cache.rb:64:in `call'
  activerecord (3.2.3) lib/active_record/connection_adapters/abstract/connection_pool.rb:467:in `call'
  actionpack (3.2.3) lib/action_dispatch/middleware/callbacks.rb:28:in `block in call'
  activesupport (3.2.3) lib/active_support/callbacks.rb:405:in `_run__1052172155061260909__call__3103518003267198189__callbacks'
  activesupport (3.2.3) lib/active_support/callbacks.rb:405:in `__run_callback'
  activesupport (3.2.3) lib/active_support/callbacks.rb:385:in `_run_call_callbacks'
  activesupport (3.2.3) lib/active_support/callbacks.rb:81:in `run_callbacks'
  actionpack (3.2.3) lib/action_dispatch/middleware/callbacks.rb:27:in `call'
  actionpack (3.2.3) lib/action_dispatch/middleware/reloader.rb:65:in `call'
  actionpack (3.2.3) lib/action_dispatch/middleware/remote_ip.rb:31:in `call'
  actionpack (3.2.3) lib/action_dispatch/middleware/debug_exceptions.rb:16:in `call'
  actionpack (3.2.3) lib/action_dispatch/middleware/show_exceptions.rb:56:in `call'
  railties (3.2.3) lib/rails/rack/logger.rb:26:in `call_app'
  railties (3.2.3) lib/rails/rack/logger.rb:16:in `call'
  actionpack (3.2.3) lib/action_dispatch/middleware/request_id.rb:22:in `call'
  rack (1.4.1) lib/rack/methodoverride.rb:21:in `call'
  rack (1.4.1) lib/rack/runtime.rb:17:in `call'
  activesupport (3.2.3) lib/active_support/cache/strategy/local_cache.rb:72:in `call'
  rack (1.4.1) lib/rack/lock.rb:15:in `call'
  actionpack (3.2.3) lib/action_dispatch/middleware/static.rb:62:in `call'
  railties (3.2.3) lib/rails/engine.rb:479:in `call'
  railties (3.2.3) lib/rails/application.rb:220:in `call'
  railties (3.2.3) lib/rails/railtie/configurable.rb:30:in `method_missing'
  passenger (3.0.11) lib/phusion_passenger/rack/request_handler.rb:96:in `process_request'
  passenger (3.0.11) lib/phusion_passenger/abstract_request_handler.rb:513:in `accept_and_process_next_request'
  passenger (3.0.11) lib/phusion_passenger/abstract_request_handler.rb:274:in `main_loop'
  passenger (3.0.11) lib/phusion_passenger/rack/application_spawner.rb:206:in `start_request_handler'
  passenger (3.0.11) lib/phusion_passenger/rack/application_spawner.rb:171:in `block in handle_spawn_application'
  passenger (3.0.11) lib/phusion_passenger/utils.rb:479:in `safe_fork'
  passenger (3.0.11) lib/phusion_passenger/rack/application_spawner.rb:166:in `handle_spawn_application'
  passenger (3.0.11) lib/phusion_passenger/abstract_server.rb:357:in `server_main_loop'
  passenger (3.0.11) lib/phusion_passenger/abstract_server.rb:206:in `start_synchronously'
  passenger (3.0.11) lib/phusion_passenger/abstract_server.rb:180:in `start'
  passenger (3.0.11) lib/phusion_passenger/rack/application_spawner.rb:129:in `start'
  passenger (3.0.11) lib/phusion_passenger/spawn_manager.rb:253:in `block (2 levels) in spawn_rack_application'
  passenger (3.0.11) lib/phusion_passenger/abstract_server_collection.rb:132:in `lookup_or_add'
  passenger (3.0.11) lib/phusion_passenger/spawn_manager.rb:246:in `block in spawn_rack_application'
  passenger (3.0.11) lib/phusion_passenger/abstract_server_collection.rb:82:in `block in synchronize'
  <internal:prelude>:10:in `synchronize'
  passenger (3.0.11) lib/phusion_passenger/abstract_server_collection.rb:79:in `synchronize'
  passenger (3.0.11) lib/phusion_passenger/spawn_manager.rb:244:in `spawn_rack_application'
  passenger (3.0.11) lib/phusion_passenger/spawn_manager.rb:137:in `spawn_application'
  passenger (3.0.11) lib/phusion_passenger/spawn_manager.rb:275:in `handle_spawn_application'
  passenger (3.0.11) lib/phusion_passenger/abstract_server.rb:357:in `server_main_loop'
  passenger (3.0.11) lib/phusion_passenger/abstract_server.rb:206:in `start_synchronously'
  passenger (3.0.11) helper-scripts/passenger-spawn-server:99:in `<main>'


  Rendered /var/lib/gems/1.9.1/gems/actionpack-3.2.3/lib/action_dispatch/middleware/templates/rescues/routing_error.erb within rescues/layout (1.5ms)


Started GET "/" for 127.0.0.1 at 2012-04-10 16:37:58 -0600

ActionController::RoutingError (uninitialized constant GamezController):
  activesupport (3.2.3) lib/active_support/inflector/methods.rb:229:in `block in constantize'
  activesupport (3.2.3) lib/active_support/inflector/methods.rb:228:in `each'
  activesupport (3.2.3) lib/active_support/inflector/methods.rb:228:in `constantize'
  actionpack (3.2.3) lib/action_dispatch/routing/route_set.rb:69:in `controller_reference'
  actionpack (3.2.3) lib/action_dispatch/routing/route_set.rb:54:in `controller'
  actionpack (3.2.3) lib/action_dispatch/routing/route_set.rb:32:in `call'
  journey (1.0.3) lib/journey/router.rb:68:in `block in call'
  journey (1.0.3) lib/journey/router.rb:56:in `each'
  journey (1.0.3) lib/journey/router.rb:56:in `call'
  actionpack (3.2.3) lib/action_dispatch/routing/route_set.rb:600:in `call'
  sass (3.1.15) lib/sass/plugin/rack.rb:54:in `call'
  actionpack (3.2.3) lib/action_dispatch/middleware/best_standards_support.rb:17:in `call'
  rack (1.4.1) lib/rack/etag.rb:23:in `call'
  rack (1.4.1) lib/rack/conditionalget.rb:25:in `call'
  actionpack (3.2.3) lib/action_dispatch/middleware/head.rb:14:in `call'
  actionpack (3.2.3) lib/action_dispatch/middleware/params_parser.rb:21:in `call'
  actionpack (3.2.3) lib/action_dispatch/middleware/flash.rb:242:in `call'
  rack (1.4.1) lib/rack/session/abstract/id.rb:205:in `context'
  rack (1.4.1) lib/rack/session/abstract/id.rb:200:in `call'
  actionpack (3.2.3) lib/action_dispatch/middleware/cookies.rb:338:in `call'
  activerecord (3.2.3) lib/active_record/query_cache.rb:64:in `call'
  activerecord (3.2.3) lib/active_record/connection_adapters/abstract/connection_pool.rb:467:in `call'
  actionpack (3.2.3) lib/action_dispatch/middleware/callbacks.rb:28:in `block in call'
  activesupport (3.2.3) lib/active_support/callbacks.rb:405:in `_run__1052172155061260909__call__3103518003267198189__callbacks'
  activesupport (3.2.3) lib/active_support/callbacks.rb:405:in `__run_callback'
  activesupport (3.2.3) lib/active_support/callbacks.rb:385:in `_run_call_callbacks'
  activesupport (3.2.3) lib/active_support/callbacks.rb:81:in `run_callbacks'
  actionpack (3.2.3) lib/action_dispatch/middleware/callbacks.rb:27:in `call'
  actionpack (3.2.3) lib/action_dispatch/middleware/reloader.rb:65:in `call'
  actionpack (3.2.3) lib/action_dispatch/middleware/remote_ip.rb:31:in `call'
  actionpack (3.2.3) lib/action_dispatch/middleware/debug_exceptions.rb:16:in `call'
  actionpack (3.2.3) lib/action_dispatch/middleware/show_exceptions.rb:56:in `call'
  railties (3.2.3) lib/rails/rack/logger.rb:26:in `call_app'
  railties (3.2.3) lib/rails/rack/logger.rb:16:in `call'
  actionpack (3.2.3) lib/action_dispatch/middleware/request_id.rb:22:in `call'
  rack (1.4.1) lib/rack/methodoverride.rb:21:in `call'
  rack (1.4.1) lib/rack/runtime.rb:17:in `call'
  activesupport (3.2.3) lib/active_support/cache/strategy/local_cache.rb:72:in `call'
  rack (1.4.1) lib/rack/lock.rb:15:in `call'
  actionpack (3.2.3) lib/action_dispatch/middleware/static.rb:62:in `call'
  railties (3.2.3) lib/rails/engine.rb:479:in `call'
  railties (3.2.3) lib/rails/application.rb:220:in `call'
  railties (3.2.3) lib/rails/railtie/configurable.rb:30:in `method_missing'
  passenger (3.0.11) lib/phusion_passenger/rack/request_handler.rb:96:in `process_request'
  passenger (3.0.11) lib/phusion_passenger/abstract_request_handler.rb:513:in `accept_and_process_next_request'
  passenger (3.0.11) lib/phusion_passenger/abstract_request_handler.rb:274:in `main_loop'
  passenger (3.0.11) lib/phusion_passenger/rack/application_spawner.rb:206:in `start_request_handler'
  passenger (3.0.11) lib/phusion_passenger/rack/application_spawner.rb:171:in `block in handle_spawn_application'
  passenger (3.0.11) lib/phusion_passenger/utils.rb:479:in `safe_fork'
  passenger (3.0.11) lib/phusion_passenger/rack/application_spawner.rb:166:in `handle_spawn_application'
  passenger (3.0.11) lib/phusion_passenger/abstract_server.rb:357:in `server_main_loop'
  passenger (3.0.11) lib/phusion_passenger/abstract_server.rb:206:in `start_synchronously'
  passenger (3.0.11) lib/phusion_passenger/abstract_server.rb:180:in `start'
  passenger (3.0.11) lib/phusion_passenger/rack/application_spawner.rb:129:in `start'
  passenger (3.0.11) lib/phusion_passenger/spawn_manager.rb:253:in `block (2 levels) in spawn_rack_application'
  passenger (3.0.11) lib/phusion_passenger/abstract_server_collection.rb:132:in `lookup_or_add'
  passenger (3.0.11) lib/phusion_passenger/spawn_manager.rb:246:in `block in spawn_rack_application'
  passenger (3.0.11) lib/phusion_passenger/abstract_server_collection.rb:82:in `block in synchronize'
  <internal:prelude>:10:in `synchronize'
  passenger (3.0.11) lib/phusion_passenger/abstract_server_collection.rb:79:in `synchronize'
  passenger (3.0.11) lib/phusion_passenger/spawn_manager.rb:244:in `spawn_rack_application'
  passenger (3.0.11) lib/phusion_passenger/spawn_manager.rb:137:in `spawn_application'
  passenger (3.0.11) lib/phusion_passenger/spawn_manager.rb:275:in `handle_spawn_application'
  passenger (3.0.11) lib/phusion_passenger/abstract_server.rb:357:in `server_main_loop'
  passenger (3.0.11) lib/phusion_passenger/abstract_server.rb:206:in `start_synchronously'
  passenger (3.0.11) helper-scripts/passenger-spawn-server:99:in `<main>'


  Rendered /var/lib/gems/1.9.1/gems/actionpack-3.2.3/lib/action_dispatch/middleware/templates/rescues/routing_error.erb within rescues/layout (1.5ms)


Started GET "/" for 127.0.0.1 at 2012-04-10 16:45:34 -0600

ActionController::RoutingError (uninitialized constant GamezController):
  activesupport (3.2.3) lib/active_support/inflector/methods.rb:229:in `block in constantize'
  activesupport (3.2.3) lib/active_support/inflector/methods.rb:228:in `each'
  activesupport (3.2.3) lib/active_support/inflector/methods.rb:228:in `constantize'
  actionpack (3.2.3) lib/action_dispatch/routing/route_set.rb:69:in `controller_reference'
  actionpack (3.2.3) lib/action_dispatch/routing/route_set.rb:54:in `controller'
  actionpack (3.2.3) lib/action_dispatch/routing/route_set.rb:32:in `call'
  journey (1.0.3) lib/journey/router.rb:68:in `block in call'
  journey (1.0.3) lib/journey/router.rb:56:in `each'
  journey (1.0.3) lib/journey/router.rb:56:in `call'
  actionpack (3.2.3) lib/action_dispatch/routing/route_set.rb:600:in `call'
  sass (3.1.15) lib/sass/plugin/rack.rb:54:in `call'
  actionpack (3.2.3) lib/action_dispatch/middleware/best_standards_support.rb:17:in `call'
  rack (1.4.1) lib/rack/etag.rb:23:in `call'
  rack (1.4.1) lib/rack/conditionalget.rb:25:in `call'
  actionpack (3.2.3) lib/action_dispatch/middleware/head.rb:14:in `call'
  actionpack (3.2.3) lib/action_dispatch/middleware/params_parser.rb:21:in `call'
  actionpack (3.2.3) lib/action_dispatch/middleware/flash.rb:242:in `call'
  rack (1.4.1) lib/rack/session/abstract/id.rb:205:in `context'
  rack (1.4.1) lib/rack/session/abstract/id.rb:200:in `call'
  actionpack (3.2.3) lib/action_dispatch/middleware/cookies.rb:338:in `call'
  activerecord (3.2.3) lib/active_record/query_cache.rb:64:in `call'
  activerecord (3.2.3) lib/active_record/connection_adapters/abstract/connection_pool.rb:467:in `call'
  actionpack (3.2.3) lib/action_dispatch/middleware/callbacks.rb:28:in `block in call'
  activesupport (3.2.3) lib/active_support/callbacks.rb:405:in `_run__1052172155061260909__call__3103518003267198189__callbacks'
  activesupport (3.2.3) lib/active_support/callbacks.rb:405:in `__run_callback'
  activesupport (3.2.3) lib/active_support/callbacks.rb:385:in `_run_call_callbacks'
  activesupport (3.2.3) lib/active_support/callbacks.rb:81:in `run_callbacks'
  actionpack (3.2.3) lib/action_dispatch/middleware/callbacks.rb:27:in `call'
  actionpack (3.2.3) lib/action_dispatch/middleware/reloader.rb:65:in `call'
  actionpack (3.2.3) lib/action_dispatch/middleware/remote_ip.rb:31:in `call'
  actionpack (3.2.3) lib/action_dispatch/middleware/debug_exceptions.rb:16:in `call'
  actionpack (3.2.3) lib/action_dispatch/middleware/show_exceptions.rb:56:in `call'
  railties (3.2.3) lib/rails/rack/logger.rb:26:in `call_app'
  railties (3.2.3) lib/rails/rack/logger.rb:16:in `call'
  actionpack (3.2.3) lib/action_dispatch/middleware/request_id.rb:22:in `call'
  rack (1.4.1) lib/rack/methodoverride.rb:21:in `call'
  rack (1.4.1) lib/rack/runtime.rb:17:in `call'
  activesupport (3.2.3) lib/active_support/cache/strategy/local_cache.rb:72:in `call'
  rack (1.4.1) lib/rack/lock.rb:15:in `call'
  actionpack (3.2.3) lib/action_dispatch/middleware/static.rb:62:in `call'
  railties (3.2.3) lib/rails/engine.rb:479:in `call'
  railties (3.2.3) lib/rails/application.rb:220:in `call'
  railties (3.2.3) lib/rails/railtie/configurable.rb:30:in `method_missing'
  passenger (3.0.11) lib/phusion_passenger/rack/request_handler.rb:96:in `process_request'
  passenger (3.0.11) lib/phusion_passenger/abstract_request_handler.rb:513:in `accept_and_process_next_request'
  passenger (3.0.11) lib/phusion_passenger/abstract_request_handler.rb:274:in `main_loop'
  passenger (3.0.11) lib/phusion_passenger/rack/application_spawner.rb:206:in `start_request_handler'
  passenger (3.0.11) lib/phusion_passenger/rack/application_spawner.rb:171:in `block in handle_spawn_application'
  passenger (3.0.11) lib/phusion_passenger/utils.rb:479:in `safe_fork'
  passenger (3.0.11) lib/phusion_passenger/rack/application_spawner.rb:166:in `handle_spawn_application'
  passenger (3.0.11) lib/phusion_passenger/abstract_server.rb:357:in `server_main_loop'
  passenger (3.0.11) lib/phusion_passenger/abstract_server.rb:206:in `start_synchronously'
  passenger (3.0.11) lib/phusion_passenger/abstract_server.rb:180:in `start'
  passenger (3.0.11) lib/phusion_passenger/rack/application_spawner.rb:129:in `start'
  passenger (3.0.11) lib/phusion_passenger/spawn_manager.rb:253:in `block (2 levels) in spawn_rack_application'
  passenger (3.0.11) lib/phusion_passenger/abstract_server_collection.rb:132:in `lookup_or_add'
  passenger (3.0.11) lib/phusion_passenger/spawn_manager.rb:246:in `block in spawn_rack_application'
  passenger (3.0.11) lib/phusion_passenger/abstract_server_collection.rb:82:in `block in synchronize'
  <internal:prelude>:10:in `synchronize'
  passenger (3.0.11) lib/phusion_passenger/abstract_server_collection.rb:79:in `synchronize'
  passenger (3.0.11) lib/phusion_passenger/spawn_manager.rb:244:in `spawn_rack_application'
  passenger (3.0.11) lib/phusion_passenger/spawn_manager.rb:137:in `spawn_application'
  passenger (3.0.11) lib/phusion_passenger/spawn_manager.rb:275:in `handle_spawn_application'
  passenger (3.0.11) lib/phusion_passenger/abstract_server.rb:357:in `server_main_loop'
  passenger (3.0.11) lib/phusion_passenger/abstract_server.rb:206:in `start_synchronously'
  passenger (3.0.11) helper-scripts/passenger-spawn-server:99:in `<main>'


  Rendered /var/lib/gems/1.9.1/gems/actionpack-3.2.3/lib/action_dispatch/middleware/templates/rescues/routing_error.erb within rescues/layout (2.0ms)


Started GET "/" for 127.0.0.1 at 2012-04-10 16:46:34 -0600
Processing by GamesController#index as HTML
  [1m[36mGame Load (0.3ms)[0m  [1mSELECT "games".* FROM "games" [0m
  Rendered games/index.html.haml within layouts/application (10.0ms)
Compiled games.css  (123ms)  (pid 24914)
Compiled scaffolds.css  (38ms)  (pid 24914)
Compiled users.css  (3ms)  (pid 24914)
Compiled application.css  (226ms)  (pid 24914)
Compiled jquery.js  (53ms)  (pid 24914)
Compiled jquery_ujs.js  (1ms)  (pid 24914)
Compiled games.js  (433ms)  (pid 24914)
Compiled users.js  (331ms)  (pid 24914)
Compiled application.js  (995ms)  (pid 24914)
Completed 200 OK in 1322ms (Views: 1306.9ms | ActiveRecord: 6.4ms)


Started GET "/assets/application.css?body=1" for 127.0.0.1 at 2012-04-10 16:46:35 -0600
Served asset /application.css - 304 Not Modified (11ms)


Started GET "/assets/scaffolds.css?body=1" for 127.0.0.1 at 2012-04-10 16:46:35 -0600
Served asset /scaffolds.css - 200 OK (2ms)


Started GET "/assets/games.css?body=1" for 127.0.0.1 at 2012-04-10 16:46:35 -0600
Served asset /games.css - 200 OK (3ms)


Started GET "/assets/jquery.js?body=1" for 127.0.0.1 at 2012-04-10 16:46:35 -0600
Served asset /jquery.js - 200 OK (4ms)


Started GET "/assets/users.css?body=1" for 127.0.0.1 at 2012-04-10 16:46:36 -0600
Served asset /users.css - 200 OK (3ms)


Started GET "/assets/games.js?body=1" for 127.0.0.1 at 2012-04-10 16:46:36 -0600
Served asset /games.js - 200 OK (3ms)


Started GET "/assets/users.js?body=1" for 127.0.0.1 at 2012-04-10 16:46:36 -0600
Served asset /users.js - 200 OK (2ms)


Started GET "/assets/jquery_ujs.js?body=1" for 127.0.0.1 at 2012-04-10 16:46:36 -0600
Served asset /jquery_ujs.js - 200 OK (3ms)


Started GET "/assets/application.js?body=1" for 127.0.0.1 at 2012-04-10 16:46:36 -0600
Served asset /application.js - 304 Not Modified (10ms)


Started GET "/users" for 127.0.0.1 at 2012-04-10 16:46:41 -0600
Processing by UsersController#index as HTML
  [1m[36mUser Load (0.3ms)[0m  [1mSELECT "users".* FROM "users" [0m
  Rendered users/index.html.haml within layouts/application (10.9ms)
Completed 200 OK in 138ms (Views: 125.7ms | ActiveRecord: 5.2ms)


Started GET "/assets/application.css?body=1" for 127.0.0.1 at 2012-04-10 16:46:41 -0600


Started GET "/assets/application.js?body=1" for 127.0.0.1 at 2012-04-10 16:46:41 -0600
Served asset /application.js - 304 Not Modified (1ms)
Served asset /application.css - 304 Not Modified (12ms)


Started GET "/" for 127.0.0.1 at 2012-04-10 16:46:48 -0600
Processing by GamesController#index as HTML
  [1m[35mGame Load (0.3ms)[0m  SELECT "games".* FROM "games" 
  Rendered games/index.html.haml within layouts/application (7.5ms)
Completed 200 OK in 30ms (Views: 24.1ms | ActiveRecord: 1.1ms)


Started GET "/assets/application.css?body=1" for 127.0.0.1 at 2012-04-10 16:46:48 -0600


Started GET "/assets/application.js?body=1" for 127.0.0.1 at 2012-04-10 16:46:48 -0600
Served asset /application.css - 304 Not Modified (0ms)
Served asset /application.js - 304 Not Modified (0ms)


Started GET "/users" for 127.0.0.1 at 2012-04-10 17:04:27 -0600
Processing by UsersController#index as HTML
  [1m[36mUser Load (0.3ms)[0m  [1mSELECT "users".* FROM "users" ORDER BY name[0m
  Rendered users/index.html.haml within layouts/application (24.7ms)
Completed 200 OK in 142ms (Views: 129.9ms | ActiveRecord: 7.9ms)


Started GET "/assets/application.css?body=1" for 127.0.0.1 at 2012-04-10 17:04:28 -0600
Served asset /application.css - 304 Not Modified (11ms)


Started GET "/assets/application.js?body=1" for 127.0.0.1 at 2012-04-10 17:04:28 -0600
Served asset /application.js - 304 Not Modified (25ms)


Started GET "/users/new" for 127.0.0.1 at 2012-04-10 17:04:29 -0600
Processing by UsersController#new as HTML
  Rendered users/_form.html.haml (84.6ms)
  Rendered users/new.html.haml within layouts/application (142.7ms)
Completed 200 OK in 286ms (Views: 258.2ms | ActiveRecord: 5.4ms)


Started GET "/assets/application.css?body=1" for 127.0.0.1 at 2012-04-10 17:04:30 -0600


Started GET "/assets/application.js?body=1" for 127.0.0.1 at 2012-04-10 17:04:30 -0600
Served asset /application.js - 304 Not Modified (0ms)
Served asset /application.css - 304 Not Modified (11ms)


Started POST "/users" for 127.0.0.1 at 2012-04-10 17:06:28 -0600
Processing by UsersController#create as HTML
  Parameters: {"utf8"=>"✓", "authenticity_token"=>"6EsRRYT6sXNfFM9gQtI1qUmWh4AX/WQ1SpeVcgQ+sqY=", "user"=>{"name"=>"Dave Matthews", "password"=>"[FILTERED]", "password_confirmation"=>"[FILTERED]"}, "commit"=>"Save"}
Completed 500 Internal Server Error in 2ms

ActiveModel::MassAssignmentSecurity::Error (Can't mass-assign protected attributes: password_confirmation):
  app/controllers/users_controller.rb:43:in `new'
  app/controllers/users_controller.rb:43:in `create'


  Rendered /var/lib/gems/1.9.1/gems/actionpack-3.2.3/lib/action_dispatch/middleware/templates/rescues/_trace.erb (9.0ms)
  Rendered /var/lib/gems/1.9.1/gems/actionpack-3.2.3/lib/action_dispatch/middleware/templates/rescues/_request_and_response.erb (3.3ms)
  Rendered /var/lib/gems/1.9.1/gems/actionpack-3.2.3/lib/action_dispatch/middleware/templates/rescues/diagnostics.erb within rescues/layout (35.0ms)


Started POST "/users" for 127.0.0.1 at 2012-04-10 17:06:55 -0600
Processing by UsersController#create as HTML
  Parameters: {"utf8"=>"✓", "authenticity_token"=>"6EsRRYT6sXNfFM9gQtI1qUmWh4AX/WQ1SpeVcgQ+sqY=", "user"=>{"name"=>"Dave Matthews", "password"=>"[FILTERED]", "password_confirmation"=>"[FILTERED]"}, "commit"=>"Save"}
Completed 500 Internal Server Error in 2ms

ActiveModel::MassAssignmentSecurity::Error (Can't mass-assign protected attributes: password_confirmation):
  app/controllers/users_controller.rb:43:in `new'
  app/controllers/users_controller.rb:43:in `create'


  Rendered /var/lib/gems/1.9.1/gems/actionpack-3.2.3/lib/action_dispatch/middleware/templates/rescues/_trace.erb (8.7ms)
  Rendered /var/lib/gems/1.9.1/gems/actionpack-3.2.3/lib/action_dispatch/middleware/templates/rescues/_request_and_response.erb (3.0ms)
  Rendered /var/lib/gems/1.9.1/gems/actionpack-3.2.3/lib/action_dispatch/middleware/templates/rescues/diagnostics.erb within rescues/layout (28.7ms)


Started GET "/users/new" for 127.0.0.1 at 2012-04-10 17:07:04 -0600
Processing by UsersController#new as HTML
  Rendered users/_form.html.haml (7.9ms)
  Rendered users/new.html.haml within layouts/application (10.4ms)
Completed 200 OK in 25ms (Views: 24.0ms | ActiveRecord: 0.0ms)


Started GET "/assets/application.css?body=1" for 127.0.0.1 at 2012-04-10 17:07:05 -0600


Started GET "/assets/games.css?body=1" for 127.0.0.1 at 2012-04-10 17:07:05 -0600
Served asset /application.css - 304 Not Modified (1ms)


Started GET "/assets/users.css?body=1" for 127.0.0.1 at 2012-04-10 17:07:05 -0600
Served asset /games.css - 304 Not Modified (5ms)
Served asset /users.css - 304 Not Modified (4ms)


Started GET "/assets/scaffolds.css?body=1" for 127.0.0.1 at 2012-04-10 17:07:05 -0600


Started GET "/assets/games.js?body=1" for 127.0.0.1 at 2012-04-10 17:07:05 -0600
Served asset /games.js - 304 Not Modified (3ms)
Served asset /scaffolds.css - 304 Not Modified (4ms)


Started GET "/assets/users.js?body=1" for 127.0.0.1 at 2012-04-10 17:07:05 -0600
Served asset /users.js - 304 Not Modified (3ms)


Started GET "/assets/application.js?body=1" for 127.0.0.1 at 2012-04-10 17:07:05 -0600
Served asset /application.js - 304 Not Modified (15ms)


Started POST "/users" for 127.0.0.1 at 2012-04-10 17:07:07 -0600
Processing by UsersController#create as HTML
  Parameters: {"utf8"=>"✓", "authenticity_token"=>"6EsRRYT6sXNfFM9gQtI1qUmWh4AX/WQ1SpeVcgQ+sqY=", "user"=>{"name"=>"", "password"=>"[FILTERED]", "password_confirmation"=>"[FILTERED]"}, "commit"=>"Save"}
Completed 500 Internal Server Error in 10ms

ActiveModel::MassAssignmentSecurity::Error (Can't mass-assign protected attributes: password_confirmation):
  app/controllers/users_controller.rb:43:in `new'
  app/controllers/users_controller.rb:43:in `create'


  Rendered /var/lib/gems/1.9.1/gems/actionpack-3.2.3/lib/action_dispatch/middleware/templates/rescues/_trace.erb (9.2ms)
  Rendered /var/lib/gems/1.9.1/gems/actionpack-3.2.3/lib/action_dispatch/middleware/templates/rescues/_request_and_response.erb (3.1ms)
  Rendered /var/lib/gems/1.9.1/gems/actionpack-3.2.3/lib/action_dispatch/middleware/templates/rescues/diagnostics.erb within rescues/layout (30.6ms)
  [1m[36m (0.1ms)[0m  [1mSELECT "schema_migrations"."version" FROM "schema_migrations" [0m
  [1m[35m (0.1ms)[0m  SELECT "schema_migrations"."version" FROM "schema_migrations" 
Migrating to CreateGames (20120410193741)
  [1m[36m (0.1ms)[0m  [1mselect sqlite_version(*)[0m
  [1m[35m (0.1ms)[0m  begin transaction
  [1m[36m (0.8ms)[0m  [1mDROP TABLE "games"[0m
  [1m[35m (0.2ms)[0m  DELETE FROM "schema_migrations" WHERE "schema_migrations"."version" = '20120410193741'
  [1m[36m (10.3ms)[0m  [1mcommit transaction[0m
  [1m[35m (0.3ms)[0m  select sqlite_version(*)
  [1m[36m (0.1ms)[0m  [1mSELECT "schema_migrations"."version" FROM "schema_migrations" [0m
  [1m[35m (0.0ms)[0m  PRAGMA index_list("users")
  [1m[36m (0.2ms)[0m  [1mSELECT "schema_migrations"."version" FROM "schema_migrations" [0m
  [1m[35m (0.2ms)[0m  SELECT "schema_migrations"."version" FROM "schema_migrations" 
Migrating to CreateUsers (20120410193519)
  [1m[36m (0.1ms)[0m  [1mselect sqlite_version(*)[0m
  [1m[35m (0.1ms)[0m  begin transaction
  [1m[36m (0.6ms)[0m  [1mDROP TABLE "users"[0m
  [1m[35m (0.3ms)[0m  DELETE FROM "schema_migrations" WHERE "schema_migrations"."version" = '20120410193519'
  [1m[36m (14.2ms)[0m  [1mcommit transaction[0m
  [1m[35m (0.4ms)[0m  select sqlite_version(*)
  [1m[36m (0.1ms)[0m  [1mSELECT "schema_migrations"."version" FROM "schema_migrations" [0m
  [1m[36m (0.1ms)[0m  [1mSELECT "schema_migrations"."version" FROM "schema_migrations" [0m
Migrating to CreateGames (20120410193741)
  [1m[35m (0.1ms)[0m  select sqlite_version(*)
  [1m[36m (0.1ms)[0m  [1mbegin transaction[0m
  [1m[35m (0.6ms)[0m  CREATE TABLE "games" ("id" INTEGER PRIMARY KEY AUTOINCREMENT NOT NULL, "title" varchar(255), "rating" varchar(255), "created_at" datetime NOT NULL, "updated_at" datetime NOT NULL) 
  [1m[36m (0.2ms)[0m  [1mINSERT INTO "schema_migrations" ("version") VALUES ('20120410193741')[0m
  [1m[35m (346.5ms)[0m  commit transaction
  [1m[36m (0.6ms)[0m  [1mselect sqlite_version(*)[0m
  [1m[35m (0.3ms)[0m  SELECT "schema_migrations"."version" FROM "schema_migrations" 
  [1m[36m (0.1ms)[0m  [1mPRAGMA index_list("games")[0m


Started GET "/users" for 127.0.0.1 at 2012-04-10 17:17:48 -0600

ActionController::RoutingError (No route matches [GET] "/users"):
  actionpack (3.2.3) lib/action_dispatch/middleware/debug_exceptions.rb:21:in `call'
  actionpack (3.2.3) lib/action_dispatch/middleware/show_exceptions.rb:56:in `call'
  railties (3.2.3) lib/rails/rack/logger.rb:26:in `call_app'
  railties (3.2.3) lib/rails/rack/logger.rb:16:in `call'
  actionpack (3.2.3) lib/action_dispatch/middleware/request_id.rb:22:in `call'
  rack (1.4.1) lib/rack/methodoverride.rb:21:in `call'
  rack (1.4.1) lib/rack/runtime.rb:17:in `call'
  activesupport (3.2.3) lib/active_support/cache/strategy/local_cache.rb:72:in `call'
  rack (1.4.1) lib/rack/lock.rb:15:in `call'
  actionpack (3.2.3) lib/action_dispatch/middleware/static.rb:62:in `call'
  railties (3.2.3) lib/rails/engine.rb:479:in `call'
  railties (3.2.3) lib/rails/application.rb:220:in `call'
  railties (3.2.3) lib/rails/railtie/configurable.rb:30:in `method_missing'
  passenger (3.0.11) lib/phusion_passenger/rack/request_handler.rb:96:in `process_request'
  passenger (3.0.11) lib/phusion_passenger/abstract_request_handler.rb:513:in `accept_and_process_next_request'
  passenger (3.0.11) lib/phusion_passenger/abstract_request_handler.rb:274:in `main_loop'
  passenger (3.0.11) lib/phusion_passenger/rack/application_spawner.rb:206:in `start_request_handler'
  passenger (3.0.11) lib/phusion_passenger/rack/application_spawner.rb:171:in `block in handle_spawn_application'
  passenger (3.0.11) lib/phusion_passenger/utils.rb:479:in `safe_fork'
  passenger (3.0.11) lib/phusion_passenger/rack/application_spawner.rb:166:in `handle_spawn_application'
  passenger (3.0.11) lib/phusion_passenger/abstract_server.rb:357:in `server_main_loop'
  passenger (3.0.11) lib/phusion_passenger/abstract_server.rb:206:in `start_synchronously'
  passenger (3.0.11) lib/phusion_passenger/abstract_server.rb:180:in `start'
  passenger (3.0.11) lib/phusion_passenger/rack/application_spawner.rb:129:in `start'
  passenger (3.0.11) lib/phusion_passenger/spawn_manager.rb:253:in `block (2 levels) in spawn_rack_application'
  passenger (3.0.11) lib/phusion_passenger/abstract_server_collection.rb:132:in `lookup_or_add'
  passenger (3.0.11) lib/phusion_passenger/spawn_manager.rb:246:in `block in spawn_rack_application'
  passenger (3.0.11) lib/phusion_passenger/abstract_server_collection.rb:82:in `block in synchronize'
  <internal:prelude>:10:in `synchronize'
  passenger (3.0.11) lib/phusion_passenger/abstract_server_collection.rb:79:in `synchronize'
  passenger (3.0.11) lib/phusion_passenger/spawn_manager.rb:244:in `spawn_rack_application'
  passenger (3.0.11) lib/phusion_passenger/spawn_manager.rb:137:in `spawn_application'
  passenger (3.0.11) lib/phusion_passenger/spawn_manager.rb:275:in `handle_spawn_application'
  passenger (3.0.11) lib/phusion_passenger/abstract_server.rb:357:in `server_main_loop'
  passenger (3.0.11) lib/phusion_passenger/abstract_server.rb:206:in `start_synchronously'
  passenger (3.0.11) helper-scripts/passenger-spawn-server:99:in `<main>'


  Rendered /var/lib/gems/1.9.1/gems/actionpack-3.2.3/lib/action_dispatch/middleware/templates/rescues/routing_error.erb within rescues/layout (2.2ms)


Started GET "/" for 127.0.0.1 at 2012-04-10 17:17:52 -0600
Processing by GamesController#index as HTML
  [1m[36mGame Load (0.3ms)[0m  [1mSELECT "games".* FROM "games" [0m
  Rendered games/index.html.haml within layouts/application (11.4ms)
Compiled application.css  (4ms)  (pid 1921)
Compiled application.js  (7ms)  (pid 1921)
Completed 200 OK in 153ms (Views: 143.7ms | ActiveRecord: 1.7ms)


Started GET "/assets/application.css?body=1" for 127.0.0.1 at 2012-04-10 17:17:52 -0600
Served asset /application.css - 304 Not Modified (11ms)


Started GET "/assets/games.css?body=1" for 127.0.0.1 at 2012-04-10 17:17:52 -0600
Served asset /games.css - 304 Not Modified (3ms)


Started GET "/assets/games.js?body=1" for 127.0.0.1 at 2012-04-10 17:17:52 -0600
Served asset /games.js - 304 Not Modified (3ms)


Started GET "/assets/scaffolds.css?body=1" for 127.0.0.1 at 2012-04-10 17:17:52 -0600
Served asset /scaffolds.css - 304 Not Modified (3ms)


Started GET "/assets/application.js?body=1" for 127.0.0.1 at 2012-04-10 17:17:52 -0600
Served asset /application.js - 304 Not Modified (12ms)
  [1m[36m (0.2ms)[0m  [1mSELECT "schema_migrations"."version" FROM "schema_migrations" [0m
Migrating to CreateGames (20120410193741)
Migrating to CreateUsers (20120410232409)
  [1m[35m (0.1ms)[0m  select sqlite_version(*)
  [1m[36m (0.1ms)[0m  [1mbegin transaction[0m
  [1m[35m (0.7ms)[0m  CREATE TABLE "users" ("id" INTEGER PRIMARY KEY AUTOINCREMENT NOT NULL, "name" varchar(255), "password_digest" varchar(255), "created_at" datetime NOT NULL, "updated_at" datetime NOT NULL) 
  [1m[36m (0.2ms)[0m  [1mINSERT INTO "schema_migrations" ("version") VALUES ('20120410232409')[0m
  [1m[35m (12.8ms)[0m  commit transaction
  [1m[36m (0.4ms)[0m  [1mselect sqlite_version(*)[0m
  [1m[35m (0.2ms)[0m  SELECT "schema_migrations"."version" FROM "schema_migrations" 
  [1m[36m (0.1ms)[0m  [1mPRAGMA index_list("games")[0m
  [1m[35m (0.0ms)[0m  PRAGMA index_list("users")


Started GET "/" for 127.0.0.1 at 2012-04-10 17:32:39 -0600
Processing by GamesController#index as HTML
  [1m[35mGame Load (0.3ms)[0m  SELECT "games".* FROM "games" 
  Rendered games/index.html.haml within layouts/application (1.9ms)
Compiled application.css  (5ms)  (pid 1921)
Compiled application.js  (10ms)  (pid 1921)
Completed 200 OK in 154ms (Views: 145.7ms | ActiveRecord: 1.8ms)


Started GET "/assets/application.css?body=1" for 127.0.0.1 at 2012-04-10 17:32:39 -0600
Served asset /application.css - 304 Not Modified (16ms)


Started GET "/assets/games.css?body=1" for 127.0.0.1 at 2012-04-10 17:32:39 -0600
Served asset /games.css - 304 Not Modified (0ms)


Started GET "/assets/users.css?body=1" for 127.0.0.1 at 2012-04-10 17:32:39 -0600
Served asset /users.css - 304 Not Modified (5ms)


Started GET "/assets/jquery_ujs.js?body=1" for 127.0.0.1 at 2012-04-10 17:32:39 -0600
Served asset /jquery_ujs.js - 304 Not Modified (5ms)


Started GET "/assets/games.js?body=1" for 127.0.0.1 at 2012-04-10 17:32:39 -0600
Served asset /games.js - 304 Not Modified (0ms)


Started GET "/assets/scaffolds.css?body=1" for 127.0.0.1 at 2012-04-10 17:32:39 -0600
Served asset /scaffolds.css - 304 Not Modified (0ms)


Started GET "/assets/jquery.js?body=1" for 127.0.0.1 at 2012-04-10 17:32:39 -0600
Served asset /jquery.js - 304 Not Modified (6ms)


Started GET "/assets/users.js?body=1" for 127.0.0.1 at 2012-04-10 17:32:39 -0600
Served asset /users.js - 304 Not Modified (4ms)


Started GET "/assets/application.js?body=1" for 127.0.0.1 at 2012-04-10 17:32:39 -0600
Served asset /application.js - 304 Not Modified (13ms)


Started GET "/games/new" for 127.0.0.1 at 2012-04-10 17:32:42 -0600
Processing by GamesController#new as HTML
  Rendered games/_form.html.haml (31.2ms)
  Rendered games/new.html.haml within layouts/application (51.2ms)
Completed 200 OK in 138ms (Views: 119.5ms | ActiveRecord: 0.0ms)


Started GET "/assets/jquery.js?body=1" for 127.0.0.1 at 2012-04-10 17:32:42 -0600
Served asset /jquery.js - 304 Not Modified (0ms)


Started GET "/assets/users.css?body=1" for 127.0.0.1 at 2012-04-10 17:32:42 -0600
Served asset /users.css - 304 Not Modified (0ms)


Started GET "/assets/games.js?body=1" for 127.0.0.1 at 2012-04-10 17:32:42 -0600
Served asset /games.js - 304 Not Modified (0ms)


Started GET "/assets/users.js?body=1" for 127.0.0.1 at 2012-04-10 17:32:42 -0600
Served asset /users.js - 304 Not Modified (0ms)


Started GET "/assets/application.css?body=1" for 127.0.0.1 at 2012-04-10 17:32:42 -0600
Served asset /application.css - 304 Not Modified (0ms)


Started GET "/assets/jquery_ujs.js?body=1" for 127.0.0.1 at 2012-04-10 17:32:42 -0600
Served asset /jquery_ujs.js - 304 Not Modified (0ms)


Started GET "/assets/games.css?body=1" for 127.0.0.1 at 2012-04-10 17:32:42 -0600
Served asset /games.css - 304 Not Modified (0ms)


Started GET "/assets/scaffolds.css?body=1" for 127.0.0.1 at 2012-04-10 17:32:42 -0600
Served asset /scaffolds.css - 304 Not Modified (0ms)


Started GET "/assets/application.js?body=1" for 127.0.0.1 at 2012-04-10 17:32:42 -0600
Served asset /application.js - 304 Not Modified (0ms)


Started GET "/games" for 127.0.0.1 at 2012-04-10 17:32:43 -0600
Processing by GamesController#index as HTML
  [1m[36mGame Load (0.4ms)[0m  [1mSELECT "games".* FROM "games" [0m
  Rendered games/index.html.haml within layouts/application (1.2ms)
Completed 200 OK in 76ms (Views: 72.9ms | ActiveRecord: 0.4ms)


Started GET "/assets/application.css?body=1" for 127.0.0.1 at 2012-04-10 17:32:44 -0600
Served asset /application.css - 304 Not Modified (1ms)


Started GET "/assets/games.css?body=1" for 127.0.0.1 at 2012-04-10 17:32:44 -0600
Served asset /games.css - 304 Not Modified (0ms)


Started GET "/assets/scaffolds.css?body=1" for 127.0.0.1 at 2012-04-10 17:32:44 -0600
Served asset /scaffolds.css - 304 Not Modified (0ms)


Started GET "/assets/jquery_ujs.js?body=1" for 127.0.0.1 at 2012-04-10 17:32:44 -0600
Served asset /jquery_ujs.js - 304 Not Modified (0ms)


Started GET "/assets/games.js?body=1" for 127.0.0.1 at 2012-04-10 17:32:44 -0600
Served asset /games.js - 304 Not Modified (0ms)


Started GET "/assets/jquery.js?body=1" for 127.0.0.1 at 2012-04-10 17:32:44 -0600
Served asset /jquery.js - 304 Not Modified (0ms)


Started GET "/assets/users.css?body=1" for 127.0.0.1 at 2012-04-10 17:32:44 -0600
Served asset /users.css - 304 Not Modified (0ms)


Started GET "/assets/application.js?body=1" for 127.0.0.1 at 2012-04-10 17:32:44 -0600
Served asset /application.js - 304 Not Modified (0ms)


Started GET "/assets/users.js?body=1" for 127.0.0.1 at 2012-04-10 17:32:44 -0600
Served asset /users.js - 304 Not Modified (2ms)


Started GET "/games" for 127.0.0.1 at 2012-04-10 17:36:08 -0600
Processing by GamesController#index as HTML
  [1m[35mGame Load (0.4ms)[0m  SELECT "games".* FROM "games" 
  Rendered games/index.html.haml within layouts/application (1.7ms)
Completed 200 OK in 21ms (Views: 17.9ms | ActiveRecord: 0.4ms)


Started GET "/assets/application.css?body=1" for 127.0.0.1 at 2012-04-10 17:36:08 -0600
Served asset /application.css - 304 Not Modified (1ms)


Started GET "/assets/games.css?body=1" for 127.0.0.1 at 2012-04-10 17:36:08 -0600
Served asset /games.css - 304 Not Modified (0ms)


Started GET "/assets/scaffolds.css?body=1" for 127.0.0.1 at 2012-04-10 17:36:08 -0600
Served asset /scaffolds.css - 304 Not Modified (0ms)


Started GET "/assets/jquery_ujs.js?body=1" for 127.0.0.1 at 2012-04-10 17:36:08 -0600
Served asset /jquery_ujs.js - 304 Not Modified (0ms)


Started GET "/assets/games.js?body=1" for 127.0.0.1 at 2012-04-10 17:36:08 -0600
Served asset /games.js - 304 Not Modified (0ms)


Started GET "/assets/jquery.js?body=1" for 127.0.0.1 at 2012-04-10 17:36:08 -0600
Served asset /jquery.js - 304 Not Modified (0ms)


Started GET "/assets/users.js?body=1" for 127.0.0.1 at 2012-04-10 17:36:08 -0600
Served asset /users.js - 304 Not Modified (0ms)


Started GET "/assets/users.css?body=1" for 127.0.0.1 at 2012-04-10 17:36:09 -0600


Started GET "/assets/application.js?body=1" for 127.0.0.1 at 2012-04-10 17:36:09 -0600
Served asset /users.css - 304 Not Modified (7ms)
Served asset /application.js - 304 Not Modified (13ms)


Started GET "/users" for 127.0.0.1 at 2012-04-10 17:36:12 -0600
Processing by UsersController#index as HTML
  [1m[36mUser Load (0.3ms)[0m  [1mSELECT "users".* FROM "users" ORDER BY name[0m
  Rendered users/index.html.haml within layouts/application (67.1ms)
Completed 200 OK in 143ms (Views: 89.8ms | ActiveRecord: 49.4ms)


Started GET "/assets/application.css?body=1" for 127.0.0.1 at 2012-04-10 17:36:12 -0600


Started GET "/assets/games.css?body=1" for 127.0.0.1 at 2012-04-10 17:36:12 -0600


Started GET "/assets/scaffolds.css?body=1" for 127.0.0.1 at 2012-04-10 17:36:12 -0600
Served asset /scaffolds.css - 304 Not Modified (0ms)
Served asset /games.css - 304 Not Modified (4ms)


Started GET "/assets/users.css?body=1" for 127.0.0.1 at 2012-04-10 17:36:12 -0600
Served asset /users.css - 304 Not Modified (0ms)


Started GET "/assets/games.js?body=1" for 127.0.0.1 at 2012-04-10 17:36:12 -0600
Served asset /application.css - 304 Not Modified (17ms)


Started GET "/assets/jquery.js?body=1" for 127.0.0.1 at 2012-04-10 17:36:12 -0600
Served asset /games.js - 304 Not Modified (3ms)


Started GET "/assets/jquery_ujs.js?body=1" for 127.0.0.1 at 2012-04-10 17:36:12 -0600
Served asset /jquery.js - 304 Not Modified (0ms)


Started GET "/assets/users.js?body=1" for 127.0.0.1 at 2012-04-10 17:36:12 -0600
Served asset /jquery_ujs.js - 304 Not Modified (3ms)


Started GET "/assets/application.js?body=1" for 127.0.0.1 at 2012-04-10 17:36:12 -0600
Served asset /users.js - 304 Not Modified (0ms)
Served asset /application.js - 304 Not Modified (10ms)


Started GET "/users/new" for 127.0.0.1 at 2012-04-10 17:36:25 -0600
Processing by UsersController#new as HTML
  Rendered users/_form.html.haml (3.7ms)
  Rendered users/new.html.haml within layouts/application (17.7ms)
Completed 500 Internal Server Error in 112ms

ActionView::Template::Error (Illegal nesting: content can't be both given on the same line as %legend and nested within it.):
    9: %fieldset
    10: %legend Enter Member Details 
    11: 
    12:   .field
    13:     = f.label :name
    14:     = f.text_field :name, size: 40
    15:   .field
  app/views/users/_form.html.haml:12
  app/views/users/new.html.haml:3:in `_app_views_users_new_html_haml___1138786990335518500_26202060'
  app/controllers/users_controller.rb:29:in `new'


  Rendered /var/lib/gems/1.9.1/gems/actionpack-3.2.3/lib/action_dispatch/middleware/templates/rescues/_trace.erb (12.0ms)
  Rendered /var/lib/gems/1.9.1/gems/actionpack-3.2.3/lib/action_dispatch/middleware/templates/rescues/_request_and_response.erb (2.8ms)
  Rendered /var/lib/gems/1.9.1/gems/actionpack-3.2.3/lib/action_dispatch/middleware/templates/rescues/template_error.erb within rescues/layout (32.9ms)


Started GET "/users/new" for 127.0.0.1 at 2012-04-10 17:36:48 -0600
Processing by UsersController#new as HTML
  Rendered users/_form.html.haml (2.7ms)
  Rendered users/new.html.haml within layouts/application (4.7ms)
Completed 500 Internal Server Error in 9ms

ActionView::Template::Error (Illegal nesting: content can't be both given on the same line as %legend and nested within it.):
    8: 
    9: %legend Enter Member Details 
    10: 
    11:   .field
    12:     = f.label :name
    13:     = f.text_field :name, size: 40
    14:   .field
  app/views/users/_form.html.haml:11
  app/views/users/new.html.haml:3:in `_app_views_users_new_html_haml___1138786990335518500_26202060'
  app/controllers/users_controller.rb:29:in `new'


  Rendered /var/lib/gems/1.9.1/gems/actionpack-3.2.3/lib/action_dispatch/middleware/templates/rescues/_trace.erb (13.3ms)
  Rendered /var/lib/gems/1.9.1/gems/actionpack-3.2.3/lib/action_dispatch/middleware/templates/rescues/_request_and_response.erb (2.9ms)
  Rendered /var/lib/gems/1.9.1/gems/actionpack-3.2.3/lib/action_dispatch/middleware/templates/rescues/template_error.erb within rescues/layout (34.4ms)


Started GET "/users/new" for 127.0.0.1 at 2012-04-10 17:37:10 -0600
Processing by UsersController#new as HTML
  Rendered users/_form.html.haml (35.1ms)
  Rendered users/new.html.haml within layouts/application (37.0ms)
Completed 500 Internal Server Error in 42ms

ActionView::Template::Error (undefined local variable or method `f' for #<#<Class:0x00000003117e90>:0x0000000330e000>):
    9: %legend Enter Member Details 
    10: 
    11: .field
    12:   = f.label :name
    13:   = f.text_field :name, size: 40
    14: .field
    15:   = f.label :password, 'Password'
  app/views/users/_form.html.haml:12:in `_app_views_users__form_html_haml__961470156633251109_26773540'
  app/views/users/new.html.haml:3:in `_app_views_users_new_html_haml___1138786990335518500_26202060'
  app/controllers/users_controller.rb:29:in `new'


  Rendered /var/lib/gems/1.9.1/gems/actionpack-3.2.3/lib/action_dispatch/middleware/templates/rescues/_trace.erb (12.1ms)
  Rendered /var/lib/gems/1.9.1/gems/actionpack-3.2.3/lib/action_dispatch/middleware/templates/rescues/_request_and_response.erb (3.0ms)
  Rendered /var/lib/gems/1.9.1/gems/actionpack-3.2.3/lib/action_dispatch/middleware/templates/rescues/template_error.erb within rescues/layout (32.8ms)


Started GET "/users/new" for 127.0.0.1 at 2012-04-10 17:39:15 -0600
Processing by UsersController#new as HTML
  Rendered users/_form.html.haml (28.9ms)
  Rendered users/new.html.haml within layouts/application (32.5ms)
Completed 200 OK in 138ms (Views: 137.2ms | ActiveRecord: 0.0ms)


Started GET "/assets/application.css?body=1" for 127.0.0.1 at 2012-04-10 17:39:15 -0600


Started GET "/assets/games.css?body=1" for 127.0.0.1 at 2012-04-10 17:39:15 -0600


Started GET "/assets/scaffolds.css?body=1" for 127.0.0.1 at 2012-04-10 17:39:15 -0600
Served asset /games.css - 304 Not Modified (5ms)


Started GET "/assets/jquery_ujs.js?body=1" for 127.0.0.1 at 2012-04-10 17:39:15 -0600
Served asset /scaffolds.css - 304 Not Modified (3ms)
Served asset /application.css - 304 Not Modified (14ms)
Served asset /jquery_ujs.js - 304 Not Modified (0ms)


Started GET "/assets/users.css?body=1" for 127.0.0.1 at 2012-04-10 17:39:15 -0600
Served asset /users.css - 304 Not Modified (0ms)


Started GET "/assets/jquery.js?body=1" for 127.0.0.1 at 2012-04-10 17:39:15 -0600


Started GET "/assets/games.js?body=1" for 127.0.0.1 at 2012-04-10 17:39:15 -0600


Started GET "/assets/application.js?body=1" for 127.0.0.1 at 2012-04-10 17:39:15 -0600
Served asset /games.js - 304 Not Modified (0ms)
Served asset /jquery.js - 304 Not Modified (6ms)


Started GET "/assets/users.js?body=1" for 127.0.0.1 at 2012-04-10 17:39:15 -0600
Served asset /application.js - 304 Not Modified (0ms)
Served asset /users.js - 304 Not Modified (9ms)


Started POST "/users" for 127.0.0.1 at 2012-04-10 17:39:17 -0600
Processing by UsersController#create as HTML
  Parameters: {"utf8"=>"✓", "authenticity_token"=>"6EsRRYT6sXNfFM9gQtI1qUmWh4AX/WQ1SpeVcgQ+sqY=", "user"=>{"name"=>"", "password"=>"[FILTERED]", "password_confirmation"=>"[FILTERED]"}, "commit"=>"Save"}
Completed 500 Internal Server Error in 2ms

ActiveModel::MassAssignmentSecurity::Error (Can't mass-assign protected attributes: password, password_confirmation):
  app/controllers/users_controller.rb:43:in `new'
  app/controllers/users_controller.rb:43:in `create'


  Rendered /var/lib/gems/1.9.1/gems/actionpack-3.2.3/lib/action_dispatch/middleware/templates/rescues/_trace.erb (9.1ms)
  Rendered /var/lib/gems/1.9.1/gems/actionpack-3.2.3/lib/action_dispatch/middleware/templates/rescues/_request_and_response.erb (5.4ms)
  Rendered /var/lib/gems/1.9.1/gems/actionpack-3.2.3/lib/action_dispatch/middleware/templates/rescues/diagnostics.erb within rescues/layout (34.0ms)


Started POST "/users" for 127.0.0.1 at 2012-04-10 17:39:58 -0600
Processing by UsersController#create as HTML
  Parameters: {"utf8"=>"✓", "authenticity_token"=>"6EsRRYT6sXNfFM9gQtI1qUmWh4AX/WQ1SpeVcgQ+sqY=", "user"=>{"name"=>"", "password"=>"[FILTERED]", "password_confirmation"=>"[FILTERED]"}, "commit"=>"Save"}
Completed 500 Internal Server Error in 1ms

ActiveModel::MassAssignmentSecurity::Error (Can't mass-assign protected attributes: password, password_confirmation):
  app/controllers/users_controller.rb:43:in `new'
  app/controllers/users_controller.rb:43:in `create'


  Rendered /var/lib/gems/1.9.1/gems/actionpack-3.2.3/lib/action_dispatch/middleware/templates/rescues/_trace.erb (8.8ms)
  Rendered /var/lib/gems/1.9.1/gems/actionpack-3.2.3/lib/action_dispatch/middleware/templates/rescues/_request_and_response.erb (3.2ms)
  Rendered /var/lib/gems/1.9.1/gems/actionpack-3.2.3/lib/action_dispatch/middleware/templates/rescues/diagnostics.erb within rescues/layout (29.1ms)


Started POST "/users" for 127.0.0.1 at 2012-04-10 17:45:38 -0600


Started POST "/users" for 127.0.0.1 at 2012-04-10 17:45:38 -0600
Processing by UsersController#create as HTML
  Parameters: {"utf8"=>"✓", "authenticity_token"=>"6EsRRYT6sXNfFM9gQtI1qUmWh4AX/WQ1SpeVcgQ+sqY=", "user"=>{"name"=>"", "password"=>"[FILTERED]", "password_confirmation"=>"[FILTERED]"}, "commit"=>"Save"}
Processing by UsersController#create as HTML
  Parameters: {"utf8"=>"✓", "authenticity_token"=>"6EsRRYT6sXNfFM9gQtI1qUmWh4AX/WQ1SpeVcgQ+sqY=", "user"=>{"name"=>"", "password"=>"[FILTERED]", "password_confirmation"=>"[FILTERED]"}, "commit"=>"Save"}
Completed 500 Internal Server Error in 8ms

ActiveModel::MassAssignmentSecurity::Error (Can't mass-assign protected attributes: password, password_confirmation):
  app/controllers/users_controller.rb:43:in `new'
  app/controllers/users_controller.rb:43:in `create'


Completed 500 Internal Server Error in 7ms

ActiveModel::MassAssignmentSecurity::Error (Can't mass-assign protected attributes: password, password_confirmation):
  app/controllers/users_controller.rb:43:in `new'
  app/controllers/users_controller.rb:43:in `create'


  Rendered /var/lib/gems/1.9.1/gems/actionpack-3.2.3/lib/action_dispatch/middleware/templates/rescues/_trace.erb (5.7ms)
  Rendered /var/lib/gems/1.9.1/gems/actionpack-3.2.3/lib/action_dispatch/middleware/templates/rescues/_trace.erb (5.9ms)
  Rendered /var/lib/gems/1.9.1/gems/actionpack-3.2.3/lib/action_dispatch/middleware/templates/rescues/_request_and_response.erb (2.0ms)
  Rendered /var/lib/gems/1.9.1/gems/actionpack-3.2.3/lib/action_dispatch/middleware/templates/rescues/diagnostics.erb within rescues/layout (20.2ms)
  Rendered /var/lib/gems/1.9.1/gems/actionpack-3.2.3/lib/action_dispatch/middleware/templates/rescues/_request_and_response.erb (2.0ms)
  Rendered /var/lib/gems/1.9.1/gems/actionpack-3.2.3/lib/action_dispatch/middleware/templates/rescues/diagnostics.erb within rescues/layout (19.7ms)


Started POST "/users" for 127.0.0.1 at 2012-04-10 17:46:53 -0600
Processing by UsersController#create as HTML
  Parameters: {"utf8"=>"✓", "authenticity_token"=>"6EsRRYT6sXNfFM9gQtI1qUmWh4AX/WQ1SpeVcgQ+sqY=", "user"=>{"name"=>"", "password"=>"[FILTERED]", "password_confirmation"=>"[FILTERED]"}, "commit"=>"Save"}
Completed 500 Internal Server Error in 6ms

ActiveModel::MassAssignmentSecurity::Error (Can't mass-assign protected attributes: name, password, password_confirmation):
  app/controllers/users_controller.rb:43:in `new'
  app/controllers/users_controller.rb:43:in `create'


  Rendered /var/lib/gems/1.9.1/gems/actionpack-3.2.3/lib/action_dispatch/middleware/templates/rescues/_trace.erb (9.3ms)
  Rendered /var/lib/gems/1.9.1/gems/actionpack-3.2.3/lib/action_dispatch/middleware/templates/rescues/_request_and_response.erb (3.1ms)
  Rendered /var/lib/gems/1.9.1/gems/actionpack-3.2.3/lib/action_dispatch/middleware/templates/rescues/diagnostics.erb within rescues/layout (30.5ms)


Started GET "/users" for 127.0.0.1 at 2012-04-10 17:47:11 -0600
Processing by UsersController#index as HTML
  [1m[36mUser Load (0.5ms)[0m  [1mSELECT "users".* FROM "users" ORDER BY name[0m
  Rendered users/index.html.haml within layouts/application (15.3ms)
Completed 200 OK in 69ms (Views: 66.4ms | ActiveRecord: 0.5ms)


Started GET "/assets/application.css?body=1" for 127.0.0.1 at 2012-04-10 17:47:11 -0600


Started GET "/assets/games.css?body=1" for 127.0.0.1 at 2012-04-10 17:47:11 -0600
Served asset /application.css - 304 Not Modified (12ms)
Served asset /games.css - 304 Not Modified (11ms)


Started GET "/assets/scaffolds.css?body=1" for 127.0.0.1 at 2012-04-10 17:47:11 -0600
Served asset /scaffolds.css - 304 Not Modified (4ms)


Started GET "/assets/games.js?body=1" for 127.0.0.1 at 2012-04-10 17:47:11 -0600
Served asset /games.js - 304 Not Modified (13ms)


Started GET "/assets/users.js?body=1" for 127.0.0.1 at 2012-04-10 17:47:11 -0600
Served asset /users.js - 304 Not Modified (4ms)


Started GET "/assets/application.js?body=1" for 127.0.0.1 at 2012-04-10 17:47:11 -0600


Started GET "/assets/jquery.js?body=1" for 127.0.0.1 at 2012-04-10 17:47:11 -0600
Served asset /jquery.js - 304 Not Modified (8ms)
Served asset /application.js - 304 Not Modified (17ms)


Started GET "/assets/jquery_ujs.js?body=1" for 127.0.0.1 at 2012-04-10 17:47:12 -0600


Started GET "/assets/users.css?body=1" for 127.0.0.1 at 2012-04-10 17:47:12 -0600
Served asset /jquery_ujs.js - 304 Not Modified (9ms)
Served asset /users.css - 304 Not Modified (8ms)


Started GET "/users/new" for 127.0.0.1 at 2012-04-10 17:50:00 -0600
Processing by UsersController#new as HTML
  Rendered users/_form.html.haml (33.5ms)
  Rendered users/new.html.haml within layouts/application (48.4ms)
Completed 200 OK in 192ms (Views: 163.0ms | ActiveRecord: 5.8ms)


Started GET "/assets/scaffolds.css?body=1" for 127.0.0.1 at 2012-04-10 17:50:01 -0600


Started GET "/assets/jquery.js?body=1" for 127.0.0.1 at 2012-04-10 17:50:01 -0600
Served asset /scaffolds.css - 304 Not Modified (5ms)
Served asset /jquery.js - 304 Not Modified (8ms)


Started GET "/assets/games.js?body=1" for 127.0.0.1 at 2012-04-10 17:50:01 -0600


Started GET "/assets/users.js?body=1" for 127.0.0.1 at 2012-04-10 17:50:01 -0600
Served asset /users.js - 304 Not Modified (0ms)
Served asset /games.js - 304 Not Modified (5ms)


Started GET "/assets/application.js?body=1" for 127.0.0.1 at 2012-04-10 17:50:01 -0600
Served asset /application.js - 304 Not Modified (1ms)


Started GET "/assets/application.css?body=1" for 127.0.0.1 at 2012-04-10 17:50:01 -0600


Started GET "/assets/jquery_ujs.js?body=1" for 127.0.0.1 at 2012-04-10 17:50:01 -0600


Started GET "/assets/users.css?body=1" for 127.0.0.1 at 2012-04-10 17:50:01 -0600
Served asset /application.css - 304 Not Modified (22ms)
Served asset /users.css - 304 Not Modified (5ms)


Started GET "/assets/games.css?body=1" for 127.0.0.1 at 2012-04-10 17:50:01 -0600
Served asset /jquery_ujs.js - 304 Not Modified (19ms)
Served asset /games.css - 304 Not Modified (5ms)


Started POST "/users" for 127.0.0.1 at 2012-04-10 17:50:02 -0600
Processing by UsersController#create as HTML
  Parameters: {"utf8"=>"✓", "authenticity_token"=>"6EsRRYT6sXNfFM9gQtI1qUmWh4AX/WQ1SpeVcgQ+sqY=", "user"=>{"name"=>"", "password"=>"[FILTERED]", "password_confirmation"=>"[FILTERED]"}, "commit"=>"Save"}
Completed 500 Internal Server Error in 2ms

ActiveModel::MassAssignmentSecurity::Error (Can't mass-assign protected attributes: name, password, password_confirmation):
  app/controllers/users_controller.rb:43:in `new'
  app/controllers/users_controller.rb:43:in `create'


  Rendered /var/lib/gems/1.9.1/gems/actionpack-3.2.3/lib/action_dispatch/middleware/templates/rescues/_trace.erb (8.9ms)
  Rendered /var/lib/gems/1.9.1/gems/actionpack-3.2.3/lib/action_dispatch/middleware/templates/rescues/_request_and_response.erb (3.2ms)
  Rendered /var/lib/gems/1.9.1/gems/actionpack-3.2.3/lib/action_dispatch/middleware/templates/rescues/diagnostics.erb within rescues/layout (29.9ms)


Started GET "/users" for 127.0.0.1 at 2012-04-10 17:50:49 -0600
Processing by UsersController#index as HTML
  [1m[36mUser Load (0.5ms)[0m  [1mSELECT "users".* FROM "users" ORDER BY name[0m
  Rendered users/index.html.haml within layouts/application (61.0ms)
Completed 200 OK in 77ms (Views: 75.2ms | ActiveRecord: 0.5ms)


Started GET "/assets/application.css?body=1" for 127.0.0.1 at 2012-04-10 17:50:49 -0600


Started GET "/assets/games.css?body=1" for 127.0.0.1 at 2012-04-10 17:50:49 -0600
Served asset /application.css - 304 Not Modified (0ms)
Served asset /games.css - 304 Not Modified (0ms)


Started GET "/assets/scaffolds.css?body=1" for 127.0.0.1 at 2012-04-10 17:50:49 -0600


Started GET "/assets/jquery.js?body=1" for 127.0.0.1 at 2012-04-10 17:50:49 -0600


Started GET "/assets/games.js?body=1" for 127.0.0.1 at 2012-04-10 17:50:49 -0600
Served asset /jquery.js - 304 Not Modified (0ms)
Served asset /scaffolds.css - 304 Not Modified (4ms)
Served asset /games.js - 304 Not Modified (0ms)


Started GET "/assets/users.css?body=1" for 127.0.0.1 at 2012-04-10 17:50:49 -0600


Started GET "/assets/jquery_ujs.js?body=1" for 127.0.0.1 at 2012-04-10 17:50:49 -0600


Started GET "/assets/users.js?body=1" for 127.0.0.1 at 2012-04-10 17:50:49 -0600
Served asset /jquery_ujs.js - 304 Not Modified (0ms)
Served asset /users.css - 304 Not Modified (3ms)
Served asset /users.js - 304 Not Modified (4ms)


Started GET "/assets/application.js?body=1" for 127.0.0.1 at 2012-04-10 17:50:49 -0600
Served asset /application.js - 304 Not Modified (15ms)


Started GET "/users/new" for 127.0.0.1 at 2012-04-10 17:54:14 -0600


Started GET "/users/new" for 127.0.0.1 at 2012-04-10 17:54:14 -0600
Processing by UsersController#new as HTML
Processing by UsersController#new as HTML
  Rendered users/_form.html.haml (22.0ms)
  Rendered users/new.html.haml within layouts/application (62.9ms)
Completed 200 OK in 159ms (Views: 109.8ms | ActiveRecord: 34.3ms)
  Rendered users/_form.html.haml (23.2ms)
  Rendered users/new.html.haml within layouts/application (65.8ms)
Completed 200 OK in 173ms (Views: 118.1ms | ActiveRecord: 37.7ms)


Started GET "/assets/application.css?body=1" for 127.0.0.1 at 2012-04-10 17:54:15 -0600


Started GET "/assets/scaffolds.css?body=1" for 127.0.0.1 at 2012-04-10 17:54:15 -0600
Served asset /scaffolds.css - 304 Not Modified (2ms)
Served asset /application.css - 304 Not Modified (7ms)


Started GET "/assets/games.css?body=1" for 127.0.0.1 at 2012-04-10 17:54:15 -0600


Started GET "/assets/users.js?body=1" for 127.0.0.1 at 2012-04-10 17:54:15 -0600
Served asset /games.css - 304 Not Modified (2ms)
Served asset /users.js - 304 Not Modified (2ms)


Started GET "/assets/application.js?body=1" for 127.0.0.1 at 2012-04-10 17:54:15 -0600


Started GET "/assets/games.js?body=1" for 127.0.0.1 at 2012-04-10 17:54:15 -0600
Served asset /games.js - 304 Not Modified (2ms)


Started GET "/assets/jquery_ujs.js?body=1" for 127.0.0.1 at 2012-04-10 17:54:15 -0600
Served asset /application.js - 304 Not Modified (9ms)


Started GET "/assets/users.css?body=1" for 127.0.0.1 at 2012-04-10 17:54:15 -0600
Served asset /jquery_ujs.js - 304 Not Modified (3ms)
Served asset /users.css - 304 Not Modified (2ms)


Started GET "/assets/jquery.js?body=1" for 127.0.0.1 at 2012-04-10 17:54:15 -0600
Served asset /jquery.js - 304 Not Modified (6ms)


Started POST "/users" for 127.0.0.1 at 2012-04-10 17:54:18 -0600
Processing by UsersController#create as HTML
  Parameters: {"utf8"=>"✓", "authenticity_token"=>"6EsRRYT6sXNfFM9gQtI1qUmWh4AX/WQ1SpeVcgQ+sqY=", "user"=>{"name"=>"", "password"=>"[FILTERED]", "password_confirmation"=>"[FILTERED]"}, "commit"=>"Save"}
Completed 500 Internal Server Error in 11ms

ActiveModel::MassAssignmentSecurity::Error (Can't mass-assign protected attributes: name, password, password_confirmation):
  app/controllers/users_controller.rb:43:in `new'
  app/controllers/users_controller.rb:43:in `create'


  Rendered /var/lib/gems/1.9.1/gems/actionpack-3.2.3/lib/action_dispatch/middleware/templates/rescues/_trace.erb (9.2ms)
  Rendered /var/lib/gems/1.9.1/gems/actionpack-3.2.3/lib/action_dispatch/middleware/templates/rescues/_request_and_response.erb (3.3ms)
  Rendered /var/lib/gems/1.9.1/gems/actionpack-3.2.3/lib/action_dispatch/middleware/templates/rescues/diagnostics.erb within rescues/layout (31.6ms)


Started POST "/users" for 127.0.0.1 at 2012-04-10 17:55:33 -0600
Processing by UsersController#create as HTML
  Parameters: {"utf8"=>"✓", "authenticity_token"=>"6EsRRYT6sXNfFM9gQtI1qUmWh4AX/WQ1SpeVcgQ+sqY=", "user"=>{"name"=>"", "password"=>"[FILTERED]", "password_confirmation"=>"[FILTERED]"}, "commit"=>"Save"}
Completed 500 Internal Server Error in 2ms

ActiveModel::MassAssignmentSecurity::Error (Can't mass-assign protected attributes: name, password, password_confirmation):
  app/controllers/users_controller.rb:43:in `new'
  app/controllers/users_controller.rb:43:in `create'


  Rendered /var/lib/gems/1.9.1/gems/actionpack-3.2.3/lib/action_dispatch/middleware/templates/rescues/_trace.erb (8.9ms)
  Rendered /var/lib/gems/1.9.1/gems/actionpack-3.2.3/lib/action_dispatch/middleware/templates/rescues/_request_and_response.erb (3.2ms)
  Rendered /var/lib/gems/1.9.1/gems/actionpack-3.2.3/lib/action_dispatch/middleware/templates/rescues/diagnostics.erb within rescues/layout (31.3ms)


Started GET "/users/new" for 127.0.0.1 at 2012-04-10 18:02:34 -0600
Processing by UsersController#new as HTML
  Rendered users/_form.html.haml (34.1ms)
  Rendered users/new.html.haml within layouts/application (50.7ms)
Completed 200 OK in 175ms (Views: 154.9ms | ActiveRecord: 0.0ms)


Started GET "/assets/application.css?body=1" for 127.0.0.1 at 2012-04-10 18:02:35 -0600
Served asset /application.css - 304 Not Modified (11ms)


Started GET "/assets/games.css?body=1" for 127.0.0.1 at 2012-04-10 18:02:35 -0600


Started GET "/assets/games.js?body=1" for 127.0.0.1 at 2012-04-10 18:02:35 -0600
Served asset /games.css - 304 Not Modified (4ms)
Served asset /games.js - 304 Not Modified (5ms)


Started GET "/assets/scaffolds.css?body=1" for 127.0.0.1 at 2012-04-10 18:02:35 -0600


Started GET "/assets/application.js?body=1" for 127.0.0.1 at 2012-04-10 18:02:35 -0600
Served asset /scaffolds.css - 304 Not Modified (2ms)
Served asset /application.js - 304 Not Modified (15ms)


Started GET "/assets/users.css?body=1" for 127.0.0.1 at 2012-04-10 18:02:35 -0600


Started GET "/assets/jquery.js?body=1" for 127.0.0.1 at 2012-04-10 18:02:35 -0600


Started GET "/assets/users.js?body=1" for 127.0.0.1 at 2012-04-10 18:02:35 -0600
Served asset /users.css - 304 Not Modified (3ms)
Served asset /jquery.js - 304 Not Modified (6ms)
Served asset /users.js - 304 Not Modified (3ms)


Started GET "/assets/jquery_ujs.js?body=1" for 127.0.0.1 at 2012-04-10 18:02:35 -0600
Served asset /jquery_ujs.js - 304 Not Modified (7ms)


Started POST "/users" for 127.0.0.1 at 2012-04-10 18:04:22 -0600
Processing by UsersController#create as HTML
  Parameters: {"utf8"=>"✓", "authenticity_token"=>"6EsRRYT6sXNfFM9gQtI1qUmWh4AX/WQ1SpeVcgQ+sqY=", "user"=>{"name"=>"", "password"=>"[FILTERED]", "password_confirmation"=>"[FILTERED]"}, "commit"=>"Save"}
Completed 500 Internal Server Error in 2ms

ActiveModel::MassAssignmentSecurity::Error (Can't mass-assign protected attributes: name, password, password_confirmation):
  app/controllers/users_controller.rb:43:in `new'
  app/controllers/users_controller.rb:43:in `create'


  Rendered /var/lib/gems/1.9.1/gems/actionpack-3.2.3/lib/action_dispatch/middleware/templates/rescues/_trace.erb (9.3ms)
  Rendered /var/lib/gems/1.9.1/gems/actionpack-3.2.3/lib/action_dispatch/middleware/templates/rescues/_request_and_response.erb (3.1ms)
  Rendered /var/lib/gems/1.9.1/gems/actionpack-3.2.3/lib/action_dispatch/middleware/templates/rescues/diagnostics.erb within rescues/layout (32.5ms)
  [1m[36m (0.1ms)[0m  [1mSELECT "schema_migrations"."version" FROM "schema_migrations" [0m
Migrating to CreateGames (20120410193741)
Migrating to CreateUsers (20120410232409)
  [1m[35m (0.3ms)[0m  select sqlite_version(*)
  [1m[36m (0.1ms)[0m  [1mSELECT "schema_migrations"."version" FROM "schema_migrations" [0m
  [1m[35m (0.0ms)[0m  PRAGMA index_list("games")
  [1m[36m (0.0ms)[0m  [1mPRAGMA index_list("users")[0m


Started POST "/users" for 127.0.0.1 at 2012-04-10 18:07:50 -0600


Started POST "/users" for 127.0.0.1 at 2012-04-10 18:07:50 -0600

Gem::LoadError (bcrypt-ruby is not part of the bundle. Add it to Gemfile.):
  app/models/user.rb:3:in `<class:User>'
  app/models/user.rb:1:in `<top (required)>'
  app/controllers/users_controller.rb:1:in `<top (required)>'



Gem::LoadError (bcrypt-ruby is not part of the bundle. Add it to Gemfile.):
  app/models/user.rb:3:in `<class:User>'
  app/models/user.rb:1:in `<top (required)>'
  app/controllers/users_controller.rb:1:in `<top (required)>'


  Rendered /var/lib/gems/1.9.1/gems/actionpack-3.2.3/lib/action_dispatch/middleware/templates/rescues/_trace.erb (6.3ms)
  Rendered /var/lib/gems/1.9.1/gems/actionpack-3.2.3/lib/action_dispatch/middleware/templates/rescues/_trace.erb (6.5ms)
  Rendered /var/lib/gems/1.9.1/gems/actionpack-3.2.3/lib/action_dispatch/middleware/templates/rescues/_request_and_response.erb (5.4ms)
  Rendered /var/lib/gems/1.9.1/gems/actionpack-3.2.3/lib/action_dispatch/middleware/templates/rescues/diagnostics.erb within rescues/layout (25.3ms)
  Rendered /var/lib/gems/1.9.1/gems/actionpack-3.2.3/lib/action_dispatch/middleware/templates/rescues/_request_and_response.erb (5.5ms)
  Rendered /var/lib/gems/1.9.1/gems/actionpack-3.2.3/lib/action_dispatch/middleware/templates/rescues/diagnostics.erb within rescues/layout (25.4ms)


Started POST "/users" for 127.0.0.1 at 2012-04-10 18:08:05 -0600

NoMethodError (undefined method `key?' for nil:NilClass):
  actionpack (3.2.3) lib/action_controller/metal/hide_actions.rb:36:in `visible_action?'
  actionpack (3.2.3) lib/action_controller/metal/hide_actions.rb:18:in `method_for_action'
  actionpack (3.2.3) lib/action_controller/metal/implicit_render.rb:14:in `method_for_action'
  actionpack (3.2.3) lib/action_controller/metal/compatibility.rb:61:in `method_for_action'
  actionpack (3.2.3) lib/abstract_controller/base.rb:115:in `process'
  actionpack (3.2.3) lib/abstract_controller/rendering.rb:45:in `process'
  actionpack (3.2.3) lib/action_controller/metal.rb:203:in `dispatch'
  actionpack (3.2.3) lib/action_controller/metal/rack_delegation.rb:14:in `dispatch'
  actionpack (3.2.3) lib/action_controller/metal.rb:246:in `block in action'
  actionpack (3.2.3) lib/action_dispatch/routing/route_set.rb:73:in `call'
  actionpack (3.2.3) lib/action_dispatch/routing/route_set.rb:73:in `dispatch'
  actionpack (3.2.3) lib/action_dispatch/routing/route_set.rb:36:in `call'
  journey (1.0.3) lib/journey/router.rb:68:in `block in call'
  journey (1.0.3) lib/journey/router.rb:56:in `each'
  journey (1.0.3) lib/journey/router.rb:56:in `call'
  actionpack (3.2.3) lib/action_dispatch/routing/route_set.rb:600:in `call'
  sass (3.1.15) lib/sass/plugin/rack.rb:54:in `call'
  actionpack (3.2.3) lib/action_dispatch/middleware/best_standards_support.rb:17:in `call'
  rack (1.4.1) lib/rack/etag.rb:23:in `call'
  rack (1.4.1) lib/rack/conditionalget.rb:35:in `call'
  actionpack (3.2.3) lib/action_dispatch/middleware/head.rb:14:in `call'
  actionpack (3.2.3) lib/action_dispatch/middleware/params_parser.rb:21:in `call'
  actionpack (3.2.3) lib/action_dispatch/middleware/flash.rb:242:in `call'
  rack (1.4.1) lib/rack/session/abstract/id.rb:205:in `context'
  rack (1.4.1) lib/rack/session/abstract/id.rb:200:in `call'
  actionpack (3.2.3) lib/action_dispatch/middleware/cookies.rb:338:in `call'
  activerecord (3.2.3) lib/active_record/query_cache.rb:64:in `call'
  activerecord (3.2.3) lib/active_record/connection_adapters/abstract/connection_pool.rb:467:in `call'
  actionpack (3.2.3) lib/action_dispatch/middleware/callbacks.rb:28:in `block in call'
  activesupport (3.2.3) lib/active_support/callbacks.rb:405:in `_run__140686304009147716__call__1966339486976981279__callbacks'
  activesupport (3.2.3) lib/active_support/callbacks.rb:405:in `__run_callback'
  activesupport (3.2.3) lib/active_support/callbacks.rb:385:in `_run_call_callbacks'
  activesupport (3.2.3) lib/active_support/callbacks.rb:81:in `run_callbacks'
  actionpack (3.2.3) lib/action_dispatch/middleware/callbacks.rb:27:in `call'
  actionpack (3.2.3) lib/action_dispatch/middleware/reloader.rb:65:in `call'
  actionpack (3.2.3) lib/action_dispatch/middleware/remote_ip.rb:31:in `call'
  actionpack (3.2.3) lib/action_dispatch/middleware/debug_exceptions.rb:16:in `call'
  actionpack (3.2.3) lib/action_dispatch/middleware/show_exceptions.rb:56:in `call'
  railties (3.2.3) lib/rails/rack/logger.rb:26:in `call_app'
  railties (3.2.3) lib/rails/rack/logger.rb:16:in `call'
  actionpack (3.2.3) lib/action_dispatch/middleware/request_id.rb:22:in `call'
  rack (1.4.1) lib/rack/methodoverride.rb:21:in `call'
  rack (1.4.1) lib/rack/runtime.rb:17:in `call'
  activesupport (3.2.3) lib/active_support/cache/strategy/local_cache.rb:72:in `call'
  rack (1.4.1) lib/rack/lock.rb:15:in `call'
  actionpack (3.2.3) lib/action_dispatch/middleware/static.rb:62:in `call'
  railties (3.2.3) lib/rails/engine.rb:479:in `call'
  railties (3.2.3) lib/rails/application.rb:220:in `call'
  railties (3.2.3) lib/rails/railtie/configurable.rb:30:in `method_missing'
  passenger (3.0.11) lib/phusion_passenger/rack/request_handler.rb:96:in `process_request'
  passenger (3.0.11) lib/phusion_passenger/abstract_request_handler.rb:513:in `accept_and_process_next_request'
  passenger (3.0.11) lib/phusion_passenger/abstract_request_handler.rb:274:in `main_loop'
  passenger (3.0.11) lib/phusion_passenger/rack/application_spawner.rb:206:in `start_request_handler'
  passenger (3.0.11) lib/phusion_passenger/rack/application_spawner.rb:171:in `block in handle_spawn_application'
  passenger (3.0.11) lib/phusion_passenger/utils.rb:479:in `safe_fork'
  passenger (3.0.11) lib/phusion_passenger/rack/application_spawner.rb:166:in `handle_spawn_application'
  passenger (3.0.11) lib/phusion_passenger/abstract_server.rb:357:in `server_main_loop'
  passenger (3.0.11) lib/phusion_passenger/abstract_server.rb:206:in `start_synchronously'
  passenger (3.0.11) lib/phusion_passenger/abstract_server.rb:180:in `start'
  passenger (3.0.11) lib/phusion_passenger/rack/application_spawner.rb:129:in `start'
  passenger (3.0.11) lib/phusion_passenger/spawn_manager.rb:253:in `block (2 levels) in spawn_rack_application'
  passenger (3.0.11) lib/phusion_passenger/abstract_server_collection.rb:132:in `lookup_or_add'
  passenger (3.0.11) lib/phusion_passenger/spawn_manager.rb:246:in `block in spawn_rack_application'
  passenger (3.0.11) lib/phusion_passenger/abstract_server_collection.rb:82:in `block in synchronize'
  <internal:prelude>:10:in `synchronize'
  passenger (3.0.11) lib/phusion_passenger/abstract_server_collection.rb:79:in `synchronize'
  passenger (3.0.11) lib/phusion_passenger/spawn_manager.rb:244:in `spawn_rack_application'
  passenger (3.0.11) lib/phusion_passenger/spawn_manager.rb:137:in `spawn_application'
  passenger (3.0.11) lib/phusion_passenger/spawn_manager.rb:275:in `handle_spawn_application'
  passenger (3.0.11) lib/phusion_passenger/abstract_server.rb:357:in `server_main_loop'
  passenger (3.0.11) lib/phusion_passenger/abstract_server.rb:206:in `start_synchronously'
  passenger (3.0.11) helper-scripts/passenger-spawn-server:99:in `<main>'


  Rendered /var/lib/gems/1.9.1/gems/actionpack-3.2.3/lib/action_dispatch/middleware/templates/rescues/_trace.erb (9.7ms)
  Rendered /var/lib/gems/1.9.1/gems/actionpack-3.2.3/lib/action_dispatch/middleware/templates/rescues/_request_and_response.erb (3.2ms)
  Rendered /var/lib/gems/1.9.1/gems/actionpack-3.2.3/lib/action_dispatch/middleware/templates/rescues/diagnostics.erb within rescues/layout (36.1ms)


Started POST "/users" for 127.0.0.1 at 2012-04-10 18:09:15 -0600

NoMethodError (undefined method `key?' for nil:NilClass):
  actionpack (3.2.3) lib/action_controller/metal/hide_actions.rb:36:in `visible_action?'
  actionpack (3.2.3) lib/action_controller/metal/hide_actions.rb:18:in `method_for_action'
  actionpack (3.2.3) lib/action_controller/metal/implicit_render.rb:14:in `method_for_action'
  actionpack (3.2.3) lib/action_controller/metal/compatibility.rb:61:in `method_for_action'
  actionpack (3.2.3) lib/abstract_controller/base.rb:115:in `process'
  actionpack (3.2.3) lib/abstract_controller/rendering.rb:45:in `process'
  actionpack (3.2.3) lib/action_controller/metal.rb:203:in `dispatch'
  actionpack (3.2.3) lib/action_controller/metal/rack_delegation.rb:14:in `dispatch'
  actionpack (3.2.3) lib/action_controller/metal.rb:246:in `block in action'
  actionpack (3.2.3) lib/action_dispatch/routing/route_set.rb:73:in `call'
  actionpack (3.2.3) lib/action_dispatch/routing/route_set.rb:73:in `dispatch'
  actionpack (3.2.3) lib/action_dispatch/routing/route_set.rb:36:in `call'
  journey (1.0.3) lib/journey/router.rb:68:in `block in call'
  journey (1.0.3) lib/journey/router.rb:56:in `each'
  journey (1.0.3) lib/journey/router.rb:56:in `call'
  actionpack (3.2.3) lib/action_dispatch/routing/route_set.rb:600:in `call'
  sass (3.1.15) lib/sass/plugin/rack.rb:54:in `call'
  actionpack (3.2.3) lib/action_dispatch/middleware/best_standards_support.rb:17:in `call'
  rack (1.4.1) lib/rack/etag.rb:23:in `call'
  rack (1.4.1) lib/rack/conditionalget.rb:35:in `call'
  actionpack (3.2.3) lib/action_dispatch/middleware/head.rb:14:in `call'
  actionpack (3.2.3) lib/action_dispatch/middleware/params_parser.rb:21:in `call'
  actionpack (3.2.3) lib/action_dispatch/middleware/flash.rb:242:in `call'
  rack (1.4.1) lib/rack/session/abstract/id.rb:205:in `context'
  rack (1.4.1) lib/rack/session/abstract/id.rb:200:in `call'
  actionpack (3.2.3) lib/action_dispatch/middleware/cookies.rb:338:in `call'
  activerecord (3.2.3) lib/active_record/query_cache.rb:64:in `call'
  activerecord (3.2.3) lib/active_record/connection_adapters/abstract/connection_pool.rb:467:in `call'
  actionpack (3.2.3) lib/action_dispatch/middleware/callbacks.rb:28:in `block in call'
  activesupport (3.2.3) lib/active_support/callbacks.rb:405:in `_run__140686304009147716__call__1966339486976981279__callbacks'
  activesupport (3.2.3) lib/active_support/callbacks.rb:405:in `__run_callback'
  activesupport (3.2.3) lib/active_support/callbacks.rb:385:in `_run_call_callbacks'
  activesupport (3.2.3) lib/active_support/callbacks.rb:81:in `run_callbacks'
  actionpack (3.2.3) lib/action_dispatch/middleware/callbacks.rb:27:in `call'
  actionpack (3.2.3) lib/action_dispatch/middleware/reloader.rb:65:in `call'
  actionpack (3.2.3) lib/action_dispatch/middleware/remote_ip.rb:31:in `call'
  actionpack (3.2.3) lib/action_dispatch/middleware/debug_exceptions.rb:16:in `call'
  actionpack (3.2.3) lib/action_dispatch/middleware/show_exceptions.rb:56:in `call'
  railties (3.2.3) lib/rails/rack/logger.rb:26:in `call_app'
  railties (3.2.3) lib/rails/rack/logger.rb:16:in `call'
  actionpack (3.2.3) lib/action_dispatch/middleware/request_id.rb:22:in `call'
  rack (1.4.1) lib/rack/methodoverride.rb:21:in `call'
  rack (1.4.1) lib/rack/runtime.rb:17:in `call'
  activesupport (3.2.3) lib/active_support/cache/strategy/local_cache.rb:72:in `call'
  rack (1.4.1) lib/rack/lock.rb:15:in `call'
  actionpack (3.2.3) lib/action_dispatch/middleware/static.rb:62:in `call'
  railties (3.2.3) lib/rails/engine.rb:479:in `call'
  railties (3.2.3) lib/rails/application.rb:220:in `call'
  railties (3.2.3) lib/rails/railtie/configurable.rb:30:in `method_missing'
  passenger (3.0.11) lib/phusion_passenger/rack/request_handler.rb:96:in `process_request'
  passenger (3.0.11) lib/phusion_passenger/abstract_request_handler.rb:513:in `accept_and_process_next_request'
  passenger (3.0.11) lib/phusion_passenger/abstract_request_handler.rb:274:in `main_loop'
  passenger (3.0.11) lib/phusion_passenger/rack/application_spawner.rb:206:in `start_request_handler'
  passenger (3.0.11) lib/phusion_passenger/rack/application_spawner.rb:171:in `block in handle_spawn_application'
  passenger (3.0.11) lib/phusion_passenger/utils.rb:479:in `safe_fork'
  passenger (3.0.11) lib/phusion_passenger/rack/application_spawner.rb:166:in `handle_spawn_application'
  passenger (3.0.11) lib/phusion_passenger/abstract_server.rb:357:in `server_main_loop'
  passenger (3.0.11) lib/phusion_passenger/abstract_server.rb:206:in `start_synchronously'
  passenger (3.0.11) lib/phusion_passenger/abstract_server.rb:180:in `start'
  passenger (3.0.11) lib/phusion_passenger/rack/application_spawner.rb:129:in `start'
  passenger (3.0.11) lib/phusion_passenger/spawn_manager.rb:253:in `block (2 levels) in spawn_rack_application'
  passenger (3.0.11) lib/phusion_passenger/abstract_server_collection.rb:132:in `lookup_or_add'
  passenger (3.0.11) lib/phusion_passenger/spawn_manager.rb:246:in `block in spawn_rack_application'
  passenger (3.0.11) lib/phusion_passenger/abstract_server_collection.rb:82:in `block in synchronize'
  <internal:prelude>:10:in `synchronize'
  passenger (3.0.11) lib/phusion_passenger/abstract_server_collection.rb:79:in `synchronize'
  passenger (3.0.11) lib/phusion_passenger/spawn_manager.rb:244:in `spawn_rack_application'
  passenger (3.0.11) lib/phusion_passenger/spawn_manager.rb:137:in `spawn_application'
  passenger (3.0.11) lib/phusion_passenger/spawn_manager.rb:275:in `handle_spawn_application'
  passenger (3.0.11) lib/phusion_passenger/abstract_server.rb:357:in `server_main_loop'
  passenger (3.0.11) lib/phusion_passenger/abstract_server.rb:206:in `start_synchronously'
  passenger (3.0.11) helper-scripts/passenger-spawn-server:99:in `<main>'


  Rendered /var/lib/gems/1.9.1/gems/actionpack-3.2.3/lib/action_dispatch/middleware/templates/rescues/_trace.erb (7.8ms)
  Rendered /var/lib/gems/1.9.1/gems/actionpack-3.2.3/lib/action_dispatch/middleware/templates/rescues/_request_and_response.erb (3.3ms)
  Rendered /var/lib/gems/1.9.1/gems/actionpack-3.2.3/lib/action_dispatch/middleware/templates/rescues/diagnostics.erb within rescues/layout (29.2ms)


Started POST "/users" for 127.0.0.1 at 2012-04-10 18:09:37 -0600


Started GET "/users/new" for 127.0.0.1 at 2012-04-10 18:09:37 -0600
Processing by UsersController#new as HTML
Processing by UsersController#create as HTML
  Parameters: {"utf8"=>"✓", "authenticity_token"=>"6EsRRYT6sXNfFM9gQtI1qUmWh4AX/WQ1SpeVcgQ+sqY=", "user"=>{"name"=>"", "password"=>"[FILTERED]", "password_confirmation"=>"[FILTERED]"}, "commit"=>"Save"}
Completed 500 Internal Server Error in 14ms

ActiveModel::MassAssignmentSecurity::Error (Can't mass-assign protected attributes: name, password, password_confirmation):
  app/controllers/users_controller.rb:43:in `new'
  app/controllers/users_controller.rb:43:in `create'




Started GET "/users/new" for 127.0.0.1 at 2012-04-10 18:09:37 -0600
  Rendered users/_form.html.haml (22.2ms)
  Rendered users/new.html.haml within layouts/application (66.3ms)
  Rendered /var/lib/gems/1.9.1/gems/actionpack-3.2.3/lib/action_dispatch/middleware/templates/rescues/_trace.erb (7.2ms)
  Rendered /var/lib/gems/1.9.1/gems/actionpack-3.2.3/lib/action_dispatch/middleware/templates/rescues/_request_and_response.erb (2.6ms)
  Rendered /var/lib/gems/1.9.1/gems/actionpack-3.2.3/lib/action_dispatch/middleware/templates/rescues/diagnostics.erb within rescues/layout (24.6ms)
Completed 200 OK in 172ms (Views: 115.6ms | ActiveRecord: 35.8ms)
Processing by UsersController#new as HTML
  Rendered users/_form.html.haml (23.5ms)
  Rendered users/new.html.haml within layouts/application (65.9ms)
Completed 200 OK in 171ms (Views: 119.7ms | ActiveRecord: 35.0ms)


Started GET "/assets/application.css?body=1" for 127.0.0.1 at 2012-04-10 18:09:37 -0600


Started GET "/assets/games.css?body=1" for 127.0.0.1 at 2012-04-10 18:09:37 -0600
Served asset /application.css - 304 Not Modified (8ms)


Started GET "/assets/jquery.js?body=1" for 127.0.0.1 at 2012-04-10 18:09:37 -0600
Served asset /games.css - 304 Not Modified (8ms)
Served asset /jquery.js - 304 Not Modified (3ms)


Started GET "/assets/jquery_ujs.js?body=1" for 127.0.0.1 at 2012-04-10 18:09:37 -0600


Started GET "/assets/users.css?body=1" for 127.0.0.1 at 2012-04-10 18:09:37 -0600
Served asset /jquery_ujs.js - 304 Not Modified (3ms)


Started GET "/assets/users.js?body=1" for 127.0.0.1 at 2012-04-10 18:09:37 -0600
Served asset /users.css - 304 Not Modified (5ms)


Started GET "/assets/application.js?body=1" for 127.0.0.1 at 2012-04-10 18:09:37 -0600
Served asset /users.js - 304 Not Modified (2ms)


Started GET "/assets/scaffolds.css?body=1" for 127.0.0.1 at 2012-04-10 18:09:37 -0600
Served asset /scaffolds.css - 304 Not Modified (3ms)
Served asset /application.js - 304 Not Modified (92ms)


Started GET "/assets/games.js?body=1" for 127.0.0.1 at 2012-04-10 18:09:38 -0600
Served asset /games.js - 304 Not Modified (6ms)


Started POST "/users" for 127.0.0.1 at 2012-04-10 18:09:39 -0600
Processing by UsersController#create as HTML
  Parameters: {"utf8"=>"✓", "authenticity_token"=>"6EsRRYT6sXNfFM9gQtI1qUmWh4AX/WQ1SpeVcgQ+sqY=", "user"=>{"name"=>"", "password"=>"[FILTERED]", "password_confirmation"=>"[FILTERED]"}, "commit"=>"Save"}
Completed 500 Internal Server Error in 13ms

ActiveModel::MassAssignmentSecurity::Error (Can't mass-assign protected attributes: name, password, password_confirmation):
  app/controllers/users_controller.rb:43:in `new'
  app/controllers/users_controller.rb:43:in `create'


  Rendered /var/lib/gems/1.9.1/gems/actionpack-3.2.3/lib/action_dispatch/middleware/templates/rescues/_trace.erb (9.4ms)
  Rendered /var/lib/gems/1.9.1/gems/actionpack-3.2.3/lib/action_dispatch/middleware/templates/rescues/_request_and_response.erb (3.4ms)
  Rendered /var/lib/gems/1.9.1/gems/actionpack-3.2.3/lib/action_dispatch/middleware/templates/rescues/diagnostics.erb within rescues/layout (32.1ms)
  [1m[36m (0.3ms)[0m  [1mSELECT "schema_migrations"."version" FROM "schema_migrations" [0m
Migrating to CreateGames (20120410193741)
Migrating to CreateUsers (20120410232409)
  [1m[35m (0.7ms)[0m  select sqlite_version(*)
  [1m[36m (0.3ms)[0m  [1mSELECT "schema_migrations"."version" FROM "schema_migrations" [0m
  [1m[35m (0.1ms)[0m  PRAGMA index_list("games")
  [1m[36m (0.1ms)[0m  [1mPRAGMA index_list("users")[0m


Started GET "/users" for 127.0.0.1 at 2012-04-10 20:42:18 -0600

SyntaxError (/home/kira/cs446/src/project06/app/controllers/application_controller.rb:17: syntax error, unexpected $end, expecting keyword_end):
  app/controllers/users_controller.rb:1:in `<top (required)>'


  Rendered /var/lib/gems/1.9.1/gems/actionpack-3.2.3/lib/action_dispatch/middleware/templates/rescues/_trace.erb (7.1ms)
  Rendered /var/lib/gems/1.9.1/gems/actionpack-3.2.3/lib/action_dispatch/middleware/templates/rescues/_request_and_response.erb (6.4ms)
  Rendered /var/lib/gems/1.9.1/gems/actionpack-3.2.3/lib/action_dispatch/middleware/templates/rescues/diagnostics.erb within rescues/layout (29.8ms)


Started GET "/users" for 127.0.0.1 at 2012-04-10 20:52:20 -0600

SyntaxError (/home/kira/cs446/src/project06/app/controllers/application_controller.rb:17: syntax error, unexpected $end, expecting keyword_end):
  app/controllers/users_controller.rb:1:in `<top (required)>'


  Rendered /var/lib/gems/1.9.1/gems/actionpack-3.2.3/lib/action_dispatch/middleware/templates/rescues/_trace.erb (7.6ms)
  Rendered /var/lib/gems/1.9.1/gems/actionpack-3.2.3/lib/action_dispatch/middleware/templates/rescues/_request_and_response.erb (6.0ms)
  Rendered /var/lib/gems/1.9.1/gems/actionpack-3.2.3/lib/action_dispatch/middleware/templates/rescues/diagnostics.erb within rescues/layout (32.0ms)
