  [1m[36m (0.4ms)[0m  [1mselect sqlite_version(*)[0m
  [1m[35m (130.7ms)[0m  CREATE TABLE "schema_migrations" ("version" varchar(255) NOT NULL) 
  [1m[36m (0.1ms)[0m  [1mPRAGMA index_list("schema_migrations")[0m
  [1m[35m (141.5ms)[0m  CREATE UNIQUE INDEX "unique_schema_migrations" ON "schema_migrations" ("version")
  [1m[36m (0.4ms)[0m  [1mSELECT "schema_migrations"."version" FROM "schema_migrations" [0m
Migrating to CreateProducts (20120206014445)
  [1m[35m (0.2ms)[0m  begin transaction
  [1m[36m (1.2ms)[0m  [1mCREATE TABLE "products" ("id" INTEGER PRIMARY KEY AUTOINCREMENT NOT NULL, "title" varchar(255), "description" text, "image_url" varchar(255), "price" decimal(8,2), "created_at" datetime NOT NULL, "updated_at" datetime NOT NULL) [0m
  [1m[35m (0.4ms)[0m  INSERT INTO "schema_migrations" ("version") VALUES ('20120206014445')
  [1m[36m (134.8ms)[0m  [1mcommit transaction[0m
  [1m[35m (0.8ms)[0m  select sqlite_version(*)
  [1m[36m (0.4ms)[0m  [1mSELECT "schema_migrations"."version" FROM "schema_migrations" [0m
  [1m[35m (0.1ms)[0m  PRAGMA index_list("products")


Started GET "/assets/rails.png" for 75.70.211.17 at 2012-02-05 18:57:18 -0700
Served asset /rails.png - 200 OK (27ms)
  [1m[36m (0.4ms)[0m  [1mSELECT "schema_migrations"."version" FROM "schema_migrations" [0m
Migrating to CreateProducts (20120206014445)
  [1m[35m (0.8ms)[0m  select sqlite_version(*)
  [1m[36m (0.4ms)[0m  [1mSELECT "schema_migrations"."version" FROM "schema_migrations" [0m
  [1m[35m (0.1ms)[0m  PRAGMA index_list("products")


Started GET "/products" for 75.70.211.17 at 2012-02-05 19:04:40 -0700
Processing by ProductsController#index as HTML
  [1m[36mProduct Load (0.5ms)[0m  [1mSELECT "products".* FROM "products" [0m
  Rendered products/index.html.erb within layouts/application (58.9ms)
Compiled products.css  (26ms)  (pid 31911)
Compiled scaffolds.css  (60ms)  (pid 31911)
Compiled application.css  (146ms)  (pid 31911)
Compiled jquery.js  (5ms)  (pid 31911)
Compiled jquery_ujs.js  (1ms)  (pid 31911)
Compiled products.js  (389ms)  (pid 31911)
Compiled application.js  (551ms)  (pid 31911)
Completed 200 OK in 957ms (Views: 951.2ms | ActiveRecord: 0.5ms)


Started GET "/assets/application.css?body=1" for 75.70.211.17 at 2012-02-05 19:04:41 -0700
Served asset /application.css - 304 Not Modified (17ms)


Started GET "/assets/products.css?body=1" for 75.70.211.17 at 2012-02-05 19:04:41 -0700
Served asset /products.css - 200 OK (6ms)


Started GET "/assets/scaffolds.css?body=1" for 75.70.211.17 at 2012-02-05 19:04:41 -0700
Served asset /scaffolds.css - 200 OK (6ms)


Started GET "/assets/jquery_ujs.js?body=1" for 75.70.211.17 at 2012-02-05 19:04:41 -0700
Served asset /jquery_ujs.js - 200 OK (11ms)


Started GET "/assets/jquery.js?body=1" for 75.70.211.17 at 2012-02-05 19:04:41 -0700
Served asset /jquery.js - 200 OK (17ms)


Started GET "/assets/application.js?body=1" for 75.70.211.17 at 2012-02-05 19:04:44 -0700


Started GET "/assets/products.js?body=1" for 75.70.211.17 at 2012-02-05 19:04:44 -0700
Served asset /application.js - 200 OK (31ms)
Served asset /products.js - 200 OK (15ms)


Started GET "/products/new" for 75.70.211.17 at 2012-02-05 19:04:57 -0700
Processing by ProductsController#new as HTML
  Rendered products/_form.html.erb (44.7ms)
  Rendered products/new.html.erb within layouts/application (126.0ms)
Completed 200 OK in 248ms (Views: 211.1ms | ActiveRecord: 0.0ms)


Started GET "/assets/application.css?body=1" for 75.70.211.17 at 2012-02-05 19:04:57 -0700
Served asset /application.css - 304 Not Modified (13ms)


Started GET "/products/new" for 75.70.211.17 at 2012-02-05 19:09:39 -0700
Processing by ProductsController#new as HTML
  Rendered products/_form.html.erb (16.2ms)
  Rendered products/new.html.erb within layouts/application (19.4ms)
Completed 200 OK in 43ms (Views: 41.3ms | ActiveRecord: 0.0ms)


Started GET "/assets/application.css?body=1" for 75.70.211.17 at 2012-02-05 19:09:40 -0700
Served asset /application.css - 304 Not Modified (3ms)


Started GET "/assets/jquery_ujs.js?body=1" for 75.70.211.17 at 2012-02-05 19:09:40 -0700


Started GET "/assets/products.css?body=1" for 75.70.211.17 at 2012-02-05 19:09:40 -0700


Started GET "/assets/jquery.js?body=1" for 75.70.211.17 at 2012-02-05 19:09:40 -0700
Served asset /jquery_ujs.js - 304 Not Modified (1ms)


Started GET "/assets/scaffolds.css?body=1" for 75.70.211.17 at 2012-02-05 19:09:40 -0700
Served asset /scaffolds.css - 304 Not Modified (1ms)
Served asset /products.css - 304 Not Modified (12ms)
Served asset /jquery.js - 304 Not Modified (17ms)


Started GET "/assets/application.js?body=1" for 75.70.211.17 at 2012-02-05 19:09:40 -0700
Served asset /application.js - 304 Not Modified (21ms)


Started GET "/assets/products.js?body=1" for 75.70.211.17 at 2012-02-05 19:09:42 -0700
Served asset /products.js - 304 Not Modified (14ms)


Started POST "/products" for 75.70.211.17 at 2012-02-05 19:10:18 -0700
Processing by ProductsController#create as HTML
  Parameters: {"utf8"=>"✓", "authenticity_token"=>"dWbz/P7xyqfBcspJ3GIYy8w1DerWc/YNPFv6vNqxvpM=", "product"=>{"title"=>"Web Design for Developers", "description"=>"", "image_url"=>"", "price"=>""}, "commit"=>"Create Product"}
  [1m[36m (0.3ms)[0m  [1mbegin transaction[0m
  [1m[35mSQL (26.4ms)[0m  INSERT INTO "products" ("created_at", "description", "image_url", "price", "title", "updated_at") VALUES (?, ?, ?, ?, ?, ?)  [["created_at", Mon, 06 Feb 2012 02:10:18 UTC +00:00], ["description", ""], ["image_url", ""], ["price", nil], ["title", "Web Design for Developers"], ["updated_at", Mon, 06 Feb 2012 02:10:18 UTC +00:00]]
  [1m[36m (129.7ms)[0m  [1mcommit transaction[0m
Redirected to http://kicombs.tj.lcarsos.com/products/1
Completed 302 Found in 213ms (ActiveRecord: 156.4ms)


Started GET "/products/1" for 75.70.211.17 at 2012-02-05 19:10:19 -0700
Processing by ProductsController#show as HTML
  Parameters: {"id"=>"1"}
  [1m[35mProduct Load (0.8ms)[0m  SELECT "products".* FROM "products" WHERE "products"."id" = ? LIMIT 1  [["id", "1"]]
  Rendered products/show.html.erb within layouts/application (13.3ms)
Completed 200 OK in 157ms (Views: 147.2ms | ActiveRecord: 0.8ms)


Started GET "/assets/application.css?body=1" for 75.70.211.17 at 2012-02-05 19:10:19 -0700
Served asset /application.css - 304 Not Modified (13ms)


Started GET "/assets/products.css?body=1" for 75.70.211.17 at 2012-02-05 19:10:19 -0700
Served asset /products.css - 304 Not Modified (5ms)


Started GET "/assets/scaffolds.css?body=1" for 75.70.211.17 at 2012-02-05 19:10:19 -0700


Started GET "/assets/jquery.js?body=1" for 75.70.211.17 at 2012-02-05 19:10:19 -0700
Served asset /scaffolds.css - 304 Not Modified (6ms)


Started GET "/assets/application.js?body=1" for 75.70.211.17 at 2012-02-05 19:10:19 -0700
Served asset /jquery.js - 304 Not Modified (3ms)


Started GET "/assets/products.js?body=1" for 75.70.211.17 at 2012-02-05 19:10:19 -0700


Started GET "/assets/jquery_ujs.js?body=1" for 75.70.211.17 at 2012-02-05 19:10:19 -0700
Served asset /products.js - 304 Not Modified (8ms)
Served asset /jquery_ujs.js - 304 Not Modified (11ms)
Served asset /application.js - 304 Not Modified (21ms)


Started GET "/products" for 75.70.211.17 at 2012-02-05 19:10:21 -0700
Processing by ProductsController#index as HTML
  [1m[36mProduct Load (0.6ms)[0m  [1mSELECT "products".* FROM "products" [0m
  Rendered products/index.html.erb within layouts/application (8.6ms)
Completed 200 OK in 36ms (Views: 31.4ms | ActiveRecord: 0.6ms)


Started GET "/assets/application.css?body=1" for 75.70.211.17 at 2012-02-05 19:10:21 -0700
Served asset /application.css - 304 Not Modified (2ms)


Started GET "/assets/products.css?body=1" for 75.70.211.17 at 2012-02-05 19:10:21 -0700
Served asset /products.css - 304 Not Modified (0ms)


Started GET "/assets/scaffolds.css?body=1" for 75.70.211.17 at 2012-02-05 19:10:21 -0700


Started GET "/assets/jquery.js?body=1" for 75.70.211.17 at 2012-02-05 19:10:21 -0700


Started GET "/assets/jquery_ujs.js?body=1" for 75.70.211.17 at 2012-02-05 19:10:21 -0700


Started GET "/assets/products.js?body=1" for 75.70.211.17 at 2012-02-05 19:10:21 -0700
Served asset /products.js - 304 Not Modified (1ms)
Served asset /jquery.js - 304 Not Modified (3ms)
Served asset /scaffolds.css - 304 Not Modified (8ms)


Started GET "/assets/application.js?body=1" for 75.70.211.17 at 2012-02-05 19:10:21 -0700
Served asset /jquery_ujs.js - 304 Not Modified (10ms)
Served asset /application.js - 304 Not Modified (19ms)


Started GET "/products/1/edit" for 75.70.211.17 at 2012-02-05 19:10:23 -0700
Processing by ProductsController#edit as HTML
  Parameters: {"id"=>"1"}
  [1m[35mProduct Load (0.9ms)[0m  SELECT "products".* FROM "products" WHERE "products"."id" = ? LIMIT 1  [["id", "1"]]
  Rendered products/_form.html.erb (39.2ms)
  Rendered products/edit.html.erb within layouts/application (54.9ms)
Completed 200 OK in 171ms (Views: 72.9ms | ActiveRecord: 0.9ms)


Started GET "/assets/application.css?body=1" for 75.70.211.17 at 2012-02-05 19:10:23 -0700


Started GET "/assets/scaffolds.css?body=1" for 75.70.211.17 at 2012-02-05 19:10:23 -0700


Started GET "/assets/jquery_ujs.js?body=1" for 75.70.211.17 at 2012-02-05 19:10:23 -0700


Started GET "/assets/jquery.js?body=1" for 75.70.211.17 at 2012-02-05 19:10:23 -0700
Served asset /scaffolds.css - 304 Not Modified (1ms)
Served asset /jquery_ujs.js - 304 Not Modified (1ms)
Served asset /application.css - 304 Not Modified (3ms)


Started GET "/assets/products.css?body=1" for 75.70.211.17 at 2012-02-05 19:10:23 -0700


Started GET "/assets/products.js?body=1" for 75.70.211.17 at 2012-02-05 19:10:23 -0700
Served asset /products.js - 304 Not Modified (1ms)
Served asset /products.css - 304 Not Modified (1ms)
Served asset /jquery.js - 304 Not Modified (76ms)


Started GET "/assets/application.js?body=1" for 75.70.211.17 at 2012-02-05 19:10:26 -0700
Served asset /application.js - 304 Not Modified (29ms)


Started PUT "/products/1" for 75.70.211.17 at 2012-02-05 19:11:43 -0700
Processing by ProductsController#update as HTML
  Parameters: {"utf8"=>"✓", "authenticity_token"=>"dWbz/P7xyqfBcspJ3GIYy8w1DerWc/YNPFv6vNqxvpM=", "product"=>{"title"=>"Web Design for Developers", "description"=>"<p>\r\n<em>Web Design for Developers</em> will show you how to make your web-based application look professionally designed. We'll help you learn how to pick the right colors and fonts, avoid costly interface and accessibility mistakes --your application will really come alive", "image_url"=>"/images/wd4d.jpg", "price"=>"42.95"}, "commit"=>"Update Product", "id"=>"1"}
  [1m[36mProduct Load (0.8ms)[0m  [1mSELECT "products".* FROM "products" WHERE "products"."id" = ? LIMIT 1[0m  [["id", "1"]]
  [1m[35m (0.3ms)[0m  begin transaction
  [1m[36m (1.0ms)[0m  [1mUPDATE "products" SET "description" = '<p>
<em>Web Design for Developers</em> will show you how to make your web-based application look professionally designed. We''ll help you learn how to pick the right colors and fonts, avoid costly interface and accessibility mistakes --your application will really come alive', "image_url" = '/images/wd4d.jpg', "price" = 42.95, "updated_at" = '2012-02-06 02:11:43.804416' WHERE "products"."id" = 1[0m
  [1m[35m (132.1ms)[0m  commit transaction
Redirected to http://kicombs.tj.lcarsos.com/products/1
Completed 302 Found in 214ms (ActiveRecord: 134.1ms)


Started GET "/products/1" for 75.70.211.17 at 2012-02-05 19:11:44 -0700
Processing by ProductsController#show as HTML
  Parameters: {"id"=>"1"}
  [1m[36mProduct Load (0.5ms)[0m  [1mSELECT "products".* FROM "products" WHERE "products"."id" = ? LIMIT 1[0m  [["id", "1"]]
  Rendered products/show.html.erb within layouts/application (13.5ms)
Completed 200 OK in 154ms (Views: 148.9ms | ActiveRecord: 0.5ms)


Started GET "/assets/application.css?body=1" for 75.70.211.17 at 2012-02-05 19:11:44 -0700


Started GET "/assets/products.css?body=1" for 75.70.211.17 at 2012-02-05 19:11:44 -0700
Served asset /application.css - 304 Not Modified (14ms)
Served asset /products.css - 304 Not Modified (7ms)


Started GET "/assets/scaffolds.css?body=1" for 75.70.211.17 at 2012-02-05 19:11:44 -0700


Started GET "/assets/jquery.js?body=1" for 75.70.211.17 at 2012-02-05 19:11:44 -0700


Started GET "/assets/jquery_ujs.js?body=1" for 75.70.211.17 at 2012-02-05 19:11:44 -0700


Started GET "/assets/products.js?body=1" for 75.70.211.17 at 2012-02-05 19:11:44 -0700
Served asset /jquery_ujs.js - 304 Not Modified (0ms)


Started GET "/assets/application.js?body=1" for 75.70.211.17 at 2012-02-05 19:11:44 -0700
Served asset /products.js - 304 Not Modified (1ms)
Served asset /scaffolds.css - 304 Not Modified (18ms)
Served asset /application.js - 304 Not Modified (7ms)
Served asset /jquery.js - 304 Not Modified (68ms)


Started GET "/products" for 75.70.211.17 at 2012-02-05 19:11:55 -0700
Processing by ProductsController#index as HTML
  [1m[35mProduct Load (0.6ms)[0m  SELECT "products".* FROM "products" 
  Rendered products/index.html.erb within layouts/application (8.8ms)
Completed 200 OK in 37ms (Views: 31.7ms | ActiveRecord: 0.6ms)


Started GET "/assets/application.css?body=1" for 75.70.211.17 at 2012-02-05 19:11:55 -0700
Served asset /application.css - 304 Not Modified (2ms)


Started GET "/assets/jquery.js?body=1" for 75.70.211.17 at 2012-02-05 19:11:55 -0700


Started GET "/assets/products.css?body=1" for 75.70.211.17 at 2012-02-05 19:11:55 -0700


Started GET "/assets/scaffolds.css?body=1" for 75.70.211.17 at 2012-02-05 19:11:55 -0700


Started GET "/assets/application.js?body=1" for 75.70.211.17 at 2012-02-05 19:11:55 -0700
Served asset /products.css - 304 Not Modified (0ms)
Served asset /jquery.js - 304 Not Modified (3ms)
Served asset /scaffolds.css - 304 Not Modified (1ms)


Started GET "/assets/products.js?body=1" for 75.70.211.17 at 2012-02-05 19:11:55 -0700


Started GET "/assets/jquery_ujs.js?body=1" for 75.70.211.17 at 2012-02-05 19:11:55 -0700
Served asset /application.js - 304 Not Modified (7ms)
Served asset /jquery_ujs.js - 304 Not Modified (0ms)
Served asset /products.js - 304 Not Modified (6ms)
  [1m[36m (0.4ms)[0m  [1mSELECT "schema_migrations"."version" FROM "schema_migrations" [0m
  [1m[35m (0.8ms)[0m  select sqlite_version(*)
  [1m[36m (127.2ms)[0m  [1mCREATE TABLE "products" ("id" INTEGER PRIMARY KEY AUTOINCREMENT NOT NULL, "title" varchar(255), "description" text, "image_url" varchar(255), "price" decimal(8,2), "created_at" datetime NOT NULL, "updated_at" datetime NOT NULL) [0m
  [1m[35m (132.5ms)[0m  CREATE TABLE "schema_migrations" ("version" varchar(255) NOT NULL) 
  [1m[36m (0.1ms)[0m  [1mPRAGMA index_list("schema_migrations")[0m
  [1m[35m (149.9ms)[0m  CREATE UNIQUE INDEX "unique_schema_migrations" ON "schema_migrations" ("version")
  [1m[36m (0.3ms)[0m  [1mSELECT version FROM "schema_migrations"[0m
  [1m[35m (141.6ms)[0m  INSERT INTO "schema_migrations" (version) VALUES ('20120206014445')


Started GET "/products" for 75.70.211.17 at 2012-02-05 19:26:49 -0700
Processing by ProductsController#index as HTML
  [1m[36mProduct Load (0.6ms)[0m  [1mSELECT "products".* FROM "products" [0m
  Rendered products/index.html.erb within layouts/application (5.2ms)
Completed 200 OK in 31ms (Views: 27.0ms | ActiveRecord: 0.6ms)


Started GET "/assets/application.css?body=1" for 75.70.211.17 at 2012-02-05 19:26:49 -0700
Served asset /application.css - 304 Not Modified (2ms)


Started GET "/assets/products.css?body=1" for 75.70.211.17 at 2012-02-05 19:26:49 -0700
Served asset /products.css - 304 Not Modified (6ms)


Started GET "/assets/scaffolds.css?body=1" for 75.70.211.17 at 2012-02-05 19:26:49 -0700
Served asset /scaffolds.css - 304 Not Modified (9ms)


Started GET "/assets/jquery.js?body=1" for 75.70.211.17 at 2012-02-05 19:26:49 -0700
Served asset /jquery.js - 304 Not Modified (2ms)


Started GET "/assets/application.js?body=1" for 75.70.211.17 at 2012-02-05 19:26:49 -0700
Served asset /application.js - 304 Not Modified (4ms)


Started GET "/assets/jquery_ujs.js?body=1" for 75.70.211.17 at 2012-02-05 19:26:49 -0700
Served asset /jquery_ujs.js - 304 Not Modified (7ms)


Started GET "/assets/products.js?body=1" for 75.70.211.17 at 2012-02-05 19:26:49 -0700
Served asset /products.js - 304 Not Modified (0ms)


Started GET "/products" for 75.70.211.17 at 2012-02-05 19:32:22 -0700
Processing by ProductsController#index as HTML
  [1m[35mProduct Load (0.5ms)[0m  SELECT "products".* FROM "products" 
  Rendered products/index.html.erb within layouts/application (5.1ms)
Completed 200 OK in 28ms (Views: 25.6ms | ActiveRecord: 0.5ms)


Started GET "/assets/application.css?body=1" for 75.70.211.17 at 2012-02-05 19:32:22 -0700
Served asset /application.css - 304 Not Modified (2ms)


Started GET "/assets/products.css?body=1" for 75.70.211.17 at 2012-02-05 19:32:22 -0700
Served asset /products.css - 304 Not Modified (1ms)


Started GET "/assets/scaffolds.css?body=1" for 75.70.211.17 at 2012-02-05 19:32:22 -0700
Served asset /scaffolds.css - 304 Not Modified (0ms)


Started GET "/assets/jquery.js?body=1" for 75.70.211.17 at 2012-02-05 19:32:22 -0700
Served asset /jquery.js - 304 Not Modified (2ms)


Started GET "/assets/jquery_ujs.js?body=1" for 75.70.211.17 at 2012-02-05 19:32:22 -0700
Served asset /jquery_ujs.js - 304 Not Modified (1ms)


Started GET "/assets/application.js?body=1" for 75.70.211.17 at 2012-02-05 19:32:22 -0700
Served asset /application.js - 304 Not Modified (7ms)


Started GET "/assets/products.js?body=1" for 75.70.211.17 at 2012-02-05 19:32:25 -0700
Served asset /products.js - 304 Not Modified (14ms)
  [1m[36m (0.4ms)[0m  [1mSELECT "schema_migrations"."version" FROM "schema_migrations" [0m
  [1m[35mSQL (134.1ms)[0m  DELETE FROM "products"
  [1m[36m (0.2ms)[0m  [1mbegin transaction[0m
  [1m[35mSQL (15.4ms)[0m  INSERT INTO "products" ("created_at", "description", "image_url", "price", "title", "updated_at") VALUES (?, ?, ?, ?, ?, ?)  [["created_at", Mon, 06 Feb 2012 02:34:00 UTC +00:00], ["description", "<p>\n        <em>Web Design for Developers</em> will show you how to make your\n        web-based application look professionally designed. We'll help you\n        learn how to pick the right colors and fonts, avoid costly interface\n        and accessibility mistakes -- your application will really come alive.\n        We'll also walk you through some common Photoshop and CSS techniques\n        and work through a web site redesign, taking a new design from concept\n        all the way to implementation.\n      </p>"], ["image_url", "/images/wd4d.jpg"], ["price", #<BigDecimal:39eb7d8,'0.4295E2',18(45)>], ["title", "Web Design for Developers"], ["updated_at", Mon, 06 Feb 2012 02:34:00 UTC +00:00]]
  [1m[36m (138.3ms)[0m  [1mcommit transaction[0m
  [1m[35m (0.2ms)[0m  begin transaction
  [1m[36mSQL (1.4ms)[0m  [1mINSERT INTO "products" ("created_at", "description", "image_url", "price", "title", "updated_at") VALUES (?, ?, ?, ?, ?, ?)[0m  [["created_at", Mon, 06 Feb 2012 02:34:00 UTC +00:00], ["description", "<p>\n        Ruby is the fastest growing and most exciting dynamic language\n        out there. If you need to get working programs delivered fast,\n        you should add Ruby to your toolbox.\n      </p>"], ["image_url", "/images/ruby.jpg"], ["price", #<BigDecimal:417bae8,'0.495E2',18(45)>], ["title", "Programming Ruby 1.9"], ["updated_at", Mon, 06 Feb 2012 02:34:00 UTC +00:00]]
  [1m[35m (150.6ms)[0m  commit transaction
  [1m[36m (0.2ms)[0m  [1mbegin transaction[0m
  [1m[35mSQL (1.2ms)[0m  INSERT INTO "products" ("created_at", "description", "image_url", "price", "title", "updated_at") VALUES (?, ?, ?, ?, ?, ?)  [["created_at", Mon, 06 Feb 2012 02:34:01 UTC +00:00], ["description", "<p>\n        <em>Rails Test Prescriptions</em> is a comprehensive guide to testing\n        Rails applications, covering Test-Driven Development from both a\n        theoretical perspective (why to test) and from a practical perspective\n        (how to test effectively). It covers the core Rails testing tools and\n        procedures for Rails 2 and Rails 3, and introduces popular add-ons,\n        including Cucumber, Shoulda, Machinist, Mocha, and Rcov.\n      </p>"], ["image_url", "/images/rtp.jpg"], ["price", #<BigDecimal:436c910,'0.4375E2',18(45)>], ["title", "Rails Test Prescriptions"], ["updated_at", Mon, 06 Feb 2012 02:34:01 UTC +00:00]]
  [1m[36m (128.5ms)[0m  [1mcommit transaction[0m


Started GET "/products" for 75.70.211.17 at 2012-02-05 19:34:04 -0700
Processing by ProductsController#index as HTML
  [1m[36mProduct Load (0.8ms)[0m  [1mSELECT "products".* FROM "products" [0m
  Rendered products/index.html.erb within layouts/application (75.4ms)
Completed 200 OK in 204ms (Views: 162.2ms | ActiveRecord: 0.8ms)


Started GET "/assets/application.css?body=1" for 75.70.211.17 at 2012-02-05 19:34:05 -0700


Started GET "/assets/scaffolds.css?body=1" for 75.70.211.17 at 2012-02-05 19:34:05 -0700
Served asset /application.css - 304 Not Modified (18ms)
Served asset /scaffolds.css - 304 Not Modified (0ms)


Started GET "/assets/jquery.js?body=1" for 75.70.211.17 at 2012-02-05 19:34:05 -0700
Served asset /jquery.js - 304 Not Modified (15ms)


Started GET "/assets/application.js?body=1" for 75.70.211.17 at 2012-02-05 19:34:05 -0700


Started GET "/assets/products.js?body=1" for 75.70.211.17 at 2012-02-05 19:34:05 -0700
Served asset /products.js - 304 Not Modified (1ms)
Served asset /application.js - 304 Not Modified (24ms)


Started GET "/assets/products.css?body=1" for 75.70.211.17 at 2012-02-05 19:34:06 -0700
Served asset /products.css - 304 Not Modified (16ms)


Started GET "/assets/jquery_ujs.js?body=1" for 75.70.211.17 at 2012-02-05 19:34:08 -0700
Served asset /jquery_ujs.js - 304 Not Modified (16ms)


Started GET "/products/3" for 75.70.211.17 at 2012-02-05 19:34:12 -0700
Processing by ProductsController#show as HTML
  Parameters: {"id"=>"3"}
  [1m[36mProduct Load (0.9ms)[0m  [1mSELECT "products".* FROM "products" WHERE "products"."id" = ? LIMIT 1[0m  [["id", "3"]]
  Rendered products/show.html.erb within layouts/application (61.4ms)
Completed 200 OK in 192ms (Views: 147.8ms | ActiveRecord: 0.9ms)


Started GET "/assets/application.css?body=1" for 75.70.211.17 at 2012-02-05 19:34:13 -0700
Served asset /application.css - 304 Not Modified (13ms)


Started GET "/assets/products.css?body=1" for 75.70.211.17 at 2012-02-05 19:34:13 -0700
Served asset /products.css - 304 Not Modified (5ms)


Started GET "/assets/jquery.js?body=1" for 75.70.211.17 at 2012-02-05 19:34:13 -0700


Started GET "/assets/scaffolds.css?body=1" for 75.70.211.17 at 2012-02-05 19:34:13 -0700


Started GET "/assets/products.js?body=1" for 75.70.211.17 at 2012-02-05 19:34:13 -0700


Started GET "/assets/jquery_ujs.js?body=1" for 75.70.211.17 at 2012-02-05 19:34:13 -0700
Served asset /scaffolds.css - 304 Not Modified (8ms)
Served asset /products.js - 304 Not Modified (1ms)
Served asset /jquery_ujs.js - 304 Not Modified (1ms)


Started GET "/assets/application.js?body=1" for 75.70.211.17 at 2012-02-05 19:34:13 -0700
Served asset /jquery.js - 304 Not Modified (17ms)
Served asset /application.js - 304 Not Modified (4ms)


Started GET "/products" for 75.70.211.17 at 2012-02-05 19:34:27 -0700
Processing by ProductsController#index as HTML
  [1m[36mProduct Load (0.6ms)[0m  [1mSELECT "products".* FROM "products" [0m
  Rendered products/index.html.erb within layouts/application (13.2ms)
Completed 200 OK in 37ms (Views: 34.3ms | ActiveRecord: 0.6ms)


Started GET "/products" for 75.70.211.17 at 2012-02-05 19:43:08 -0700
Processing by ProductsController#index as HTML
  [1m[35mProduct Load (0.6ms)[0m  SELECT "products".* FROM "products" 
  Rendered products/index.html.erb within layouts/application (13.2ms)
Completed 200 OK in 114ms (Views: 110.3ms | ActiveRecord: 0.6ms)


Started GET "/assets/all.css" for 75.70.211.17 at 2012-02-05 19:43:08 -0700
Served asset /all.css - 404 Not Found (17ms)

ActionController::RoutingError (No route matches [GET] "/assets/all.css"):
  actionpack (3.2.1) lib/action_dispatch/middleware/debug_exceptions.rb:21:in `call'
  actionpack (3.2.1) lib/action_dispatch/middleware/show_exceptions.rb:56:in `call'
  railties (3.2.1) lib/rails/rack/logger.rb:26:in `call_app'
  railties (3.2.1) lib/rails/rack/logger.rb:16:in `call'
  actionpack (3.2.1) lib/action_dispatch/middleware/request_id.rb:22:in `call'
  rack (1.4.1) lib/rack/methodoverride.rb:21:in `call'
  rack (1.4.1) lib/rack/runtime.rb:17:in `call'
  activesupport (3.2.1) lib/active_support/cache/strategy/local_cache.rb:72:in `call'
  rack (1.4.1) lib/rack/lock.rb:15:in `call'
  actionpack (3.2.1) lib/action_dispatch/middleware/static.rb:53:in `call'
  railties (3.2.1) lib/rails/engine.rb:479:in `call'
  railties (3.2.1) lib/rails/application.rb:220:in `call'
  railties (3.2.1) lib/rails/railtie/configurable.rb:30:in `method_missing'
  passenger (3.0.11) lib/phusion_passenger/rack/request_handler.rb:96:in `process_request'
  passenger (3.0.11) lib/phusion_passenger/abstract_request_handler.rb:513:in `accept_and_process_next_request'
  passenger (3.0.11) lib/phusion_passenger/abstract_request_handler.rb:274:in `main_loop'
  passenger (3.0.11) lib/phusion_passenger/rack/application_spawner.rb:206:in `start_request_handler'
  passenger (3.0.11) lib/phusion_passenger/rack/application_spawner.rb:171:in `block in handle_spawn_application'
  passenger (3.0.11) lib/phusion_passenger/utils.rb:479:in `safe_fork'
  passenger (3.0.11) lib/phusion_passenger/rack/application_spawner.rb:166:in `handle_spawn_application'
  passenger (3.0.11) lib/phusion_passenger/abstract_server.rb:357:in `server_main_loop'
  passenger (3.0.11) lib/phusion_passenger/abstract_server.rb:206:in `start_synchronously'
  passenger (3.0.11) lib/phusion_passenger/abstract_server.rb:180:in `start'
  passenger (3.0.11) lib/phusion_passenger/rack/application_spawner.rb:129:in `start'
  passenger (3.0.11) lib/phusion_passenger/spawn_manager.rb:253:in `block (2 levels) in spawn_rack_application'
  passenger (3.0.11) lib/phusion_passenger/abstract_server_collection.rb:132:in `lookup_or_add'
  passenger (3.0.11) lib/phusion_passenger/spawn_manager.rb:246:in `block in spawn_rack_application'
  passenger (3.0.11) lib/phusion_passenger/abstract_server_collection.rb:82:in `block in synchronize'
  <internal:prelude>:10:in `synchronize'
  passenger (3.0.11) lib/phusion_passenger/abstract_server_collection.rb:79:in `synchronize'
  passenger (3.0.11) lib/phusion_passenger/spawn_manager.rb:244:in `spawn_rack_application'
  passenger (3.0.11) lib/phusion_passenger/spawn_manager.rb:137:in `spawn_application'
  passenger (3.0.11) lib/phusion_passenger/spawn_manager.rb:275:in `handle_spawn_application'
  passenger (3.0.11) lib/phusion_passenger/abstract_server.rb:357:in `server_main_loop'
  passenger (3.0.11) lib/phusion_passenger/abstract_server.rb:206:in `start_synchronously'
  passenger (3.0.11) helper-scripts/passenger-spawn-server:99:in `<main>'


  Rendered /var/lib/gems/1.9.1/gems/actionpack-3.2.1/lib/action_dispatch/middleware/templates/rescues/routing_error.erb within rescues/layout (4.1ms)


Started GET "/assets/defaults.js" for 75.70.211.17 at 2012-02-05 19:43:10 -0700
Served asset /defaults.js - 404 Not Found (14ms)

ActionController::RoutingError (No route matches [GET] "/assets/defaults.js"):
  actionpack (3.2.1) lib/action_dispatch/middleware/debug_exceptions.rb:21:in `call'
  actionpack (3.2.1) lib/action_dispatch/middleware/show_exceptions.rb:56:in `call'
  railties (3.2.1) lib/rails/rack/logger.rb:26:in `call_app'
  railties (3.2.1) lib/rails/rack/logger.rb:16:in `call'
  actionpack (3.2.1) lib/action_dispatch/middleware/request_id.rb:22:in `call'
  rack (1.4.1) lib/rack/methodoverride.rb:21:in `call'
  rack (1.4.1) lib/rack/runtime.rb:17:in `call'
  activesupport (3.2.1) lib/active_support/cache/strategy/local_cache.rb:72:in `call'
  rack (1.4.1) lib/rack/lock.rb:15:in `call'
  actionpack (3.2.1) lib/action_dispatch/middleware/static.rb:53:in `call'
  railties (3.2.1) lib/rails/engine.rb:479:in `call'
  railties (3.2.1) lib/rails/application.rb:220:in `call'
  railties (3.2.1) lib/rails/railtie/configurable.rb:30:in `method_missing'
  passenger (3.0.11) lib/phusion_passenger/rack/request_handler.rb:96:in `process_request'
  passenger (3.0.11) lib/phusion_passenger/abstract_request_handler.rb:513:in `accept_and_process_next_request'
  passenger (3.0.11) lib/phusion_passenger/abstract_request_handler.rb:274:in `main_loop'
  passenger (3.0.11) lib/phusion_passenger/rack/application_spawner.rb:206:in `start_request_handler'
  passenger (3.0.11) lib/phusion_passenger/rack/application_spawner.rb:171:in `block in handle_spawn_application'
  passenger (3.0.11) lib/phusion_passenger/utils.rb:479:in `safe_fork'
  passenger (3.0.11) lib/phusion_passenger/rack/application_spawner.rb:166:in `handle_spawn_application'
  passenger (3.0.11) lib/phusion_passenger/abstract_server.rb:357:in `server_main_loop'
  passenger (3.0.11) lib/phusion_passenger/abstract_server.rb:206:in `start_synchronously'
  passenger (3.0.11) lib/phusion_passenger/abstract_server.rb:180:in `start'
  passenger (3.0.11) lib/phusion_passenger/rack/application_spawner.rb:129:in `start'
  passenger (3.0.11) lib/phusion_passenger/spawn_manager.rb:253:in `block (2 levels) in spawn_rack_application'
  passenger (3.0.11) lib/phusion_passenger/abstract_server_collection.rb:132:in `lookup_or_add'
  passenger (3.0.11) lib/phusion_passenger/spawn_manager.rb:246:in `block in spawn_rack_application'
  passenger (3.0.11) lib/phusion_passenger/abstract_server_collection.rb:82:in `block in synchronize'
  <internal:prelude>:10:in `synchronize'
  passenger (3.0.11) lib/phusion_passenger/abstract_server_collection.rb:79:in `synchronize'
  passenger (3.0.11) lib/phusion_passenger/spawn_manager.rb:244:in `spawn_rack_application'
  passenger (3.0.11) lib/phusion_passenger/spawn_manager.rb:137:in `spawn_application'
  passenger (3.0.11) lib/phusion_passenger/spawn_manager.rb:275:in `handle_spawn_application'
  passenger (3.0.11) lib/phusion_passenger/abstract_server.rb:357:in `server_main_loop'
  passenger (3.0.11) lib/phusion_passenger/abstract_server.rb:206:in `start_synchronously'
  passenger (3.0.11) helper-scripts/passenger-spawn-server:99:in `<main>'


  Rendered /var/lib/gems/1.9.1/gems/actionpack-3.2.1/lib/action_dispatch/middleware/templates/rescues/routing_error.erb within rescues/layout (9.7ms)


Started GET "/products" for 75.70.211.17 at 2012-02-05 19:55:29 -0700
Processing by ProductsController#index as HTML
  [1m[36mProduct Load (0.7ms)[0m  [1mSELECT "products".* FROM "products" [0m
ERROR: compiling _app_views_products_index_html_erb__3142170606201959111_24297600 RAISED /home/kicombs/cs446/src/project03/work/depot/app/views/products/index.html.erb:27: syntax error, unexpected keyword_end, expecting ')'
');   end 
         ^
/home/kicombs/cs446/src/project03/work/depot/app/views/products/index.html.erb:34: syntax error, unexpected keyword_ensure, expecting ')'
/home/kicombs/cs446/src/project03/work/depot/app/views/products/index.html.erb:36: syntax error, unexpected keyword_end, expecting ')'
Function body:           def _app_views_products_index_html_erb__3142170606201959111_24297600(local_assigns, output_buffer)
            _old_virtual_path, @virtual_path = @virtual_path, "products/index";_old_output_buffer = @output_buffer;;@output_buffer = output_buffer || ActionView::OutputBuffer.new;@output_buffer.safe_concat('<div id="product_list">
  <h1>Listing products</h1>

  <table>
');   @products.each do |product| 
@output_buffer.safe_concat('    <tr class="');@output_buffer.append= ( cycle( 'list_line_odd', 'list_line_even') );@output_buffer.safe_concat('
');@output_buffer.safe_concat('      <td>
        ');@output_buffer.append= ( image_tag(product.image_url, :class => 'list_image') );@output_buffer.safe_concat('
');@output_buffer.safe_concat('      </td>

      <td class="list_description">
        <dl>
          <dt>');@output_buffer.append= ( product.title );@output_buffer.safe_concat('</dt>
          <dd>');@output_buffer.append= ( truncate(strip_tags(product.description),
                 :length => 80 );@output_buffer.safe_concat('</dd>
        </dl>
      </td>

      <td class="list_actions">
        ');@output_buffer.append= ( link_to 'Show', product );@output_buffer.safe_concat('<br/>
        ');@output_buffer.append= ( link_to 'Edit', edit_product_path(product) );@output_buffer.safe_concat('<br/>
        ');@output_buffer.append= ( link_to 'Destroy', product,
                    :confirm => 'Are you sure?',
                    :method => :delete );@output_buffer.safe_concat('
');@output_buffer.safe_concat('      </td>
    </tr>
');   end 
@output_buffer.safe_concat('  </table>
</div>

<br />
');@output_buffer.append= ( link_to 'New product', new_product_path );@output_buffer.safe_concat('
');@output_buffer.to_s
          ensure
            @virtual_path, @output_buffer = _old_virtual_path, _old_output_buffer
          end

Backtrace: /var/lib/gems/1.9.1/gems/actionpack-3.2.1/lib/action_view/template.rb:285:in `module_eval'
/var/lib/gems/1.9.1/gems/actionpack-3.2.1/lib/action_view/template.rb:285:in `compile'
/var/lib/gems/1.9.1/gems/actionpack-3.2.1/lib/action_view/template.rb:233:in `compile!'
/var/lib/gems/1.9.1/gems/actionpack-3.2.1/lib/action_view/template.rb:142:in `block in render'
/var/lib/gems/1.9.1/gems/activesupport-3.2.1/lib/active_support/notifications.rb:125:in `instrument'
/var/lib/gems/1.9.1/gems/actionpack-3.2.1/lib/action_view/template.rb:141:in `render'
/var/lib/gems/1.9.1/gems/actionpack-3.2.1/lib/action_view/renderer/template_renderer.rb:41:in `block (2 levels) in render_template'
/var/lib/gems/1.9.1/gems/actionpack-3.2.1/lib/action_view/renderer/abstract_renderer.rb:38:in `block in instrument'
/var/lib/gems/1.9.1/gems/activesupport-3.2.1/lib/active_support/notifications.rb:123:in `block in instrument'
/var/lib/gems/1.9.1/gems/activesupport-3.2.1/lib/active_support/notifications/instrumenter.rb:20:in `instrument'
/var/lib/gems/1.9.1/gems/activesupport-3.2.1/lib/active_support/notifications.rb:123:in `instrument'
/var/lib/gems/1.9.1/gems/actionpack-3.2.1/lib/action_view/renderer/abstract_renderer.rb:38:in `instrument'
/var/lib/gems/1.9.1/gems/actionpack-3.2.1/lib/action_view/renderer/template_renderer.rb:40:in `block in render_template'
/var/lib/gems/1.9.1/gems/actionpack-3.2.1/lib/action_view/renderer/template_renderer.rb:48:in `render_with_layout'
/var/lib/gems/1.9.1/gems/actionpack-3.2.1/lib/action_view/renderer/template_renderer.rb:39:in `render_template'
/var/lib/gems/1.9.1/gems/actionpack-3.2.1/lib/action_view/renderer/template_renderer.rb:12:in `render'
/var/lib/gems/1.9.1/gems/actionpack-3.2.1/lib/action_view/renderer/renderer.rb:36:in `render_template'
/var/lib/gems/1.9.1/gems/actionpack-3.2.1/lib/action_view/renderer/renderer.rb:17:in `render'
/var/lib/gems/1.9.1/gems/actionpack-3.2.1/lib/abstract_controller/rendering.rb:109:in `_render_template'
/var/lib/gems/1.9.1/gems/actionpack-3.2.1/lib/action_controller/metal/streaming.rb:225:in `_render_template'
/var/lib/gems/1.9.1/gems/actionpack-3.2.1/lib/abstract_controller/rendering.rb:103:in `render_to_body'
/var/lib/gems/1.9.1/gems/actionpack-3.2.1/lib/action_controller/metal/renderers.rb:28:in `render_to_body'
/var/lib/gems/1.9.1/gems/actionpack-3.2.1/lib/action_controller/metal/compatibility.rb:50:in `render_to_body'
/var/lib/gems/1.9.1/gems/actionpack-3.2.1/lib/abstract_controller/rendering.rb:88:in `render'
/var/lib/gems/1.9.1/gems/actionpack-3.2.1/lib/action_controller/metal/rendering.rb:16:in `render'
/var/lib/gems/1.9.1/gems/actionpack-3.2.1/lib/action_controller/metal/instrumentation.rb:40:in `block (2 levels) in render'
/var/lib/gems/1.9.1/gems/activesupport-3.2.1/lib/active_support/core_ext/benchmark.rb:5:in `block in ms'
/usr/lib/ruby/1.9.1/benchmark.rb:295:in `realtime'
/var/lib/gems/1.9.1/gems/activesupport-3.2.1/lib/active_support/core_ext/benchmark.rb:5:in `ms'
/var/lib/gems/1.9.1/gems/actionpack-3.2.1/lib/action_controller/metal/instrumentation.rb:40:in `block in render'
/var/lib/gems/1.9.1/gems/actionpack-3.2.1/lib/action_controller/metal/instrumentation.rb:83:in `cleanup_view_runtime'
/var/lib/gems/1.9.1/gems/activerecord-3.2.1/lib/active_record/railties/controller_runtime.rb:24:in `cleanup_view_runtime'
/var/lib/gems/1.9.1/gems/actionpack-3.2.1/lib/action_controller/metal/instrumentation.rb:39:in `render'
/var/lib/gems/1.9.1/gems/actionpack-3.2.1/lib/action_controller/metal/implicit_render.rb:10:in `default_render'
/var/lib/gems/1.9.1/gems/actionpack-3.2.1/lib/action_controller/metal/mime_responds.rb:268:in `block in retrieve_response_from_mimes'
/var/lib/gems/1.9.1/gems/actionpack-3.2.1/lib/action_controller/metal/mime_responds.rb:195:in `call'
/var/lib/gems/1.9.1/gems/actionpack-3.2.1/lib/action_controller/metal/mime_responds.rb:195:in `respond_to'
/home/kicombs/cs446/src/project03/work/depot/app/controllers/products_controller.rb:7:in `index'
/var/lib/gems/1.9.1/gems/actionpack-3.2.1/lib/action_controller/metal/implicit_render.rb:4:in `send_action'
/var/lib/gems/1.9.1/gems/actionpack-3.2.1/lib/abstract_controller/base.rb:167:in `process_action'
/var/lib/gems/1.9.1/gems/actionpack-3.2.1/lib/action_controller/metal/rendering.rb:10:in `process_action'
/var/lib/gems/1.9.1/gems/actionpack-3.2.1/lib/abstract_controller/callbacks.rb:18:in `block in process_action'
/var/lib/gems/1.9.1/gems/activesupport-3.2.1/lib/active_support/callbacks.rb:414:in `_run__2329221722799951689__process_action__4194583998529135982__callbacks'
/var/lib/gems/1.9.1/gems/activesupport-3.2.1/lib/active_support/callbacks.rb:405:in `__run_callback'
/var/lib/gems/1.9.1/gems/activesupport-3.2.1/lib/active_support/callbacks.rb:385:in `_run_process_action_callbacks'
/var/lib/gems/1.9.1/gems/activesupport-3.2.1/lib/active_support/callbacks.rb:81:in `run_callbacks'
/var/lib/gems/1.9.1/gems/actionpack-3.2.1/lib/abstract_controller/callbacks.rb:17:in `process_action'
/var/lib/gems/1.9.1/gems/actionpack-3.2.1/lib/action_controller/metal/rescue.rb:29:in `process_action'
/var/lib/gems/1.9.1/gems/actionpack-3.2.1/lib/action_controller/metal/instrumentation.rb:30:in `block in process_action'
/var/lib/gems/1.9.1/gems/activesupport-3.2.1/lib/active_support/notifications.rb:123:in `block in instrument'
/var/lib/gems/1.9.1/gems/activesupport-3.2.1/lib/active_support/notifications/instrumenter.rb:20:in `instrument'
/var/lib/gems/1.9.1/gems/activesupport-3.2.1/lib/active_support/notifications.rb:123:in `instrument'
/var/lib/gems/1.9.1/gems/actionpack-3.2.1/lib/action_controller/metal/instrumentation.rb:29:in `process_action'
/var/lib/gems/1.9.1/gems/actionpack-3.2.1/lib/action_controller/metal/params_wrapper.rb:205:in `process_action'
/var/lib/gems/1.9.1/gems/activerecord-3.2.1/lib/active_record/railties/controller_runtime.rb:18:in `process_action'
/var/lib/gems/1.9.1/gems/actionpack-3.2.1/lib/abstract_controller/base.rb:121:in `process'
/var/lib/gems/1.9.1/gems/actionpack-3.2.1/lib/abstract_controller/rendering.rb:45:in `process'
/var/lib/gems/1.9.1/gems/actionpack-3.2.1/lib/action_controller/metal.rb:203:in `dispatch'
/var/lib/gems/1.9.1/gems/actionpack-3.2.1/lib/action_controller/metal/rack_delegation.rb:14:in `dispatch'
/var/lib/gems/1.9.1/gems/actionpack-3.2.1/lib/action_controller/metal.rb:246:in `block in action'
/var/lib/gems/1.9.1/gems/actionpack-3.2.1/lib/action_dispatch/routing/route_set.rb:66:in `call'
/var/lib/gems/1.9.1/gems/actionpack-3.2.1/lib/action_dispatch/routing/route_set.rb:66:in `dispatch'
/var/lib/gems/1.9.1/gems/actionpack-3.2.1/lib/action_dispatch/routing/route_set.rb:30:in `call'
/var/lib/gems/1.9.1/gems/journey-1.0.1/lib/journey/router.rb:68:in `block in call'
/var/lib/gems/1.9.1/gems/journey-1.0.1/lib/journey/router.rb:56:in `each'
/var/lib/gems/1.9.1/gems/journey-1.0.1/lib/journey/router.rb:56:in `call'
/var/lib/gems/1.9.1/gems/actionpack-3.2.1/lib/action_dispatch/routing/route_set.rb:589:in `call'
/var/lib/gems/1.9.1/gems/actionpack-3.2.1/lib/action_dispatch/middleware/best_standards_support.rb:17:in `call'
/var/lib/gems/1.9.1/gems/rack-1.4.1/lib/rack/etag.rb:23:in `call'
/var/lib/gems/1.9.1/gems/rack-1.4.1/lib/rack/conditionalget.rb:25:in `call'
/var/lib/gems/1.9.1/gems/actionpack-3.2.1/lib/action_dispatch/middleware/head.rb:14:in `call'
/var/lib/gems/1.9.1/gems/actionpack-3.2.1/lib/action_dispatch/middleware/params_parser.rb:21:in `call'
/var/lib/gems/1.9.1/gems/actionpack-3.2.1/lib/action_dispatch/middleware/flash.rb:242:in `call'
/var/lib/gems/1.9.1/gems/rack-1.4.1/lib/rack/session/abstract/id.rb:205:in `context'
/var/lib/gems/1.9.1/gems/rack-1.4.1/lib/rack/session/abstract/id.rb:200:in `call'
/var/lib/gems/1.9.1/gems/actionpack-3.2.1/lib/action_dispatch/middleware/cookies.rb:338:in `call'
/var/lib/gems/1.9.1/gems/activerecord-3.2.1/lib/active_record/query_cache.rb:64:in `call'
/var/lib/gems/1.9.1/gems/activerecord-3.2.1/lib/active_record/connection_adapters/abstract/connection_pool.rb:443:in `call'
/var/lib/gems/1.9.1/gems/actionpack-3.2.1/lib/action_dispatch/middleware/callbacks.rb:28:in `block in call'
/var/lib/gems/1.9.1/gems/activesupport-3.2.1/lib/active_support/callbacks.rb:405:in `_run__4115270854681375027__call__3929603339838725188__callbacks'
/var/lib/gems/1.9.1/gems/activesupport-3.2.1/lib/active_support/callbacks.rb:405:in `__run_callback'
/var/lib/gems/1.9.1/gems/activesupport-3.2.1/lib/active_support/callbacks.rb:385:in `_run_call_callbacks'
/var/lib/gems/1.9.1/gems/activesupport-3.2.1/lib/active_support/callbacks.rb:81:in `run_callbacks'
/var/lib/gems/1.9.1/gems/actionpack-3.2.1/lib/action_dispatch/middleware/callbacks.rb:27:in `call'
/var/lib/gems/1.9.1/gems/actionpack-3.2.1/lib/action_dispatch/middleware/reloader.rb:65:in `call'
/var/lib/gems/1.9.1/gems/actionpack-3.2.1/lib/action_dispatch/middleware/remote_ip.rb:31:in `call'
/var/lib/gems/1.9.1/gems/actionpack-3.2.1/lib/action_dispatch/middleware/debug_exceptions.rb:16:in `call'
/var/lib/gems/1.9.1/gems/actionpack-3.2.1/lib/action_dispatch/middleware/show_exceptions.rb:56:in `call'
/var/lib/gems/1.9.1/gems/railties-3.2.1/lib/rails/rack/logger.rb:26:in `call_app'
/var/lib/gems/1.9.1/gems/railties-3.2.1/lib/rails/rack/logger.rb:16:in `call'
/var/lib/gems/1.9.1/gems/actionpack-3.2.1/lib/action_dispatch/middleware/request_id.rb:22:in `call'
/var/lib/gems/1.9.1/gems/rack-1.4.1/lib/rack/methodoverride.rb:21:in `call'
/var/lib/gems/1.9.1/gems/rack-1.4.1/lib/rack/runtime.rb:17:in `call'
/var/lib/gems/1.9.1/gems/activesupport-3.2.1/lib/active_support/cache/strategy/local_cache.rb:72:in `call'
/var/lib/gems/1.9.1/gems/rack-1.4.1/lib/rack/lock.rb:15:in `call'
/var/lib/gems/1.9.1/gems/actionpack-3.2.1/lib/action_dispatch/middleware/static.rb:53:in `call'
/var/lib/gems/1.9.1/gems/railties-3.2.1/lib/rails/engine.rb:479:in `call'
/var/lib/gems/1.9.1/gems/railties-3.2.1/lib/rails/application.rb:220:in `call'
/var/lib/gems/1.9.1/gems/railties-3.2.1/lib/rails/railtie/configurable.rb:30:in `method_missing'
/var/lib/gems/1.9.1/gems/passenger-3.0.11/lib/phusion_passenger/rack/request_handler.rb:96:in `process_request'
/var/lib/gems/1.9.1/gems/passenger-3.0.11/lib/phusion_passenger/abstract_request_handler.rb:513:in `accept_and_process_next_request'
/var/lib/gems/1.9.1/gems/passenger-3.0.11/lib/phusion_passenger/abstract_request_handler.rb:274:in `main_loop'
/var/lib/gems/1.9.1/gems/passenger-3.0.11/lib/phusion_passenger/rack/application_spawner.rb:206:in `start_request_handler'
/var/lib/gems/1.9.1/gems/passenger-3.0.11/lib/phusion_passenger/rack/application_spawner.rb:171:in `block in handle_spawn_application'
/var/lib/gems/1.9.1/gems/passenger-3.0.11/lib/phusion_passenger/utils.rb:479:in `safe_fork'
/var/lib/gems/1.9.1/gems/passenger-3.0.11/lib/phusion_passenger/rack/application_spawner.rb:166:in `handle_spawn_application'
/var/lib/gems/1.9.1/gems/passenger-3.0.11/lib/phusion_passenger/abstract_server.rb:357:in `server_main_loop'
/var/lib/gems/1.9.1/gems/passenger-3.0.11/lib/phusion_passenger/abstract_server.rb:206:in `start_synchronously'
/var/lib/gems/1.9.1/gems/passenger-3.0.11/lib/phusion_passenger/abstract_server.rb:180:in `start'
/var/lib/gems/1.9.1/gems/passenger-3.0.11/lib/phusion_passenger/rack/application_spawner.rb:129:in `start'
/var/lib/gems/1.9.1/gems/passenger-3.0.11/lib/phusion_passenger/spawn_manager.rb:253:in `block (2 levels) in spawn_rack_application'
/var/lib/gems/1.9.1/gems/passenger-3.0.11/lib/phusion_passenger/abstract_server_collection.rb:132:in `lookup_or_add'
/var/lib/gems/1.9.1/gems/passenger-3.0.11/lib/phusion_passenger/spawn_manager.rb:246:in `block in spawn_rack_application'
/var/lib/gems/1.9.1/gems/passenger-3.0.11/lib/phusion_passenger/abstract_server_collection.rb:82:in `block in synchronize'
<internal:prelude>:10:in `synchronize'
/var/lib/gems/1.9.1/gems/passenger-3.0.11/lib/phusion_passenger/abstract_server_collection.rb:79:in `synchronize'
/var/lib/gems/1.9.1/gems/passenger-3.0.11/lib/phusion_passenger/spawn_manager.rb:244:in `spawn_rack_application'
/var/lib/gems/1.9.1/gems/passenger-3.0.11/lib/phusion_passenger/spawn_manager.rb:137:in `spawn_application'
/var/lib/gems/1.9.1/gems/passenger-3.0.11/lib/phusion_passenger/spawn_manager.rb:275:in `handle_spawn_application'
/var/lib/gems/1.9.1/gems/passenger-3.0.11/lib/phusion_passenger/abstract_server.rb:357:in `server_main_loop'
/var/lib/gems/1.9.1/gems/passenger-3.0.11/lib/phusion_passenger/abstract_server.rb:206:in `start_synchronously'
/var/lib/gems/1.9.1/gems/passenger-3.0.11/helper-scripts/passenger-spawn-server:99:in `<main>'
  Rendered products/index.html.erb within layouts/application (16.9ms)
Completed 500 Internal Server Error in 112ms

ActionView::Template::Error (/home/kicombs/cs446/src/project03/work/depot/app/views/products/index.html.erb:27: syntax error, unexpected keyword_end, expecting ')'
');   end 
         ^
/home/kicombs/cs446/src/project03/work/depot/app/views/products/index.html.erb:34: syntax error, unexpected keyword_ensure, expecting ')'
/home/kicombs/cs446/src/project03/work/depot/app/views/products/index.html.erb:36: syntax error, unexpected keyword_end, expecting ')'):
    24:                     :method => :delete %>
    25:       </td>
    26:     </tr>
    27:   <% end %>
    28:   </table>
    29: </div>
    30: 
  app/controllers/products_controller.rb:7:in `index'


  Rendered /var/lib/gems/1.9.1/gems/actionpack-3.2.1/lib/action_dispatch/middleware/templates/rescues/_trace.erb (14.7ms)
  Rendered /var/lib/gems/1.9.1/gems/actionpack-3.2.1/lib/action_dispatch/middleware/templates/rescues/_request_and_response.erb (3.8ms)
  Rendered /var/lib/gems/1.9.1/gems/actionpack-3.2.1/lib/action_dispatch/middleware/templates/rescues/template_error.erb within rescues/layout (27.9ms)


Started GET "/products" for 75.70.211.17 at 2012-02-05 19:56:43 -0700
Processing by ProductsController#index as HTML
  [1m[35mProduct Load (0.6ms)[0m  SELECT "products".* FROM "products" 
ERROR: compiling _app_views_products_index_html_erb__3142170606201959111_27723260 RAISED /home/kicombs/cs446/src/project03/work/depot/app/views/products/index.html.erb:15: syntax error, unexpected ':', expecting ')'
 15                  :length => 80 );@output_buffer.safe_concat('</dd>
                      ^
/home/kicombs/cs446/src/project03/work/depot/app/views/products/index.html.erb:23: syntax error, unexpected ':', expecting ')'
 23                     :confirm => 'Are you sure?',
                         ^
/home/kicombs/cs446/src/project03/work/depot/app/views/products/index.html.erb:23: syntax error, unexpected ',', expecting ')'
Function body:           def _app_views_products_index_html_erb__3142170606201959111_27723260(local_assigns, output_buffer)
            _old_virtual_path, @virtual_path = @virtual_path, "products/index";_old_output_buffer = @output_buffer;;@output_buffer = output_buffer || ActionView::OutputBuffer.new;@output_buffer.safe_concat(' <div id="product_list">
  2   <h1>Listing products</h1>
  3
  4   <table>
  5   '); @products.each do |product| ;@output_buffer.safe_concat('
');@output_buffer.safe_concat('  6     <tr class="');@output_buffer.append= ( cycle( 'list_line_odd', 'list_line_even') );@output_buffer.safe_concat('
');@output_buffer.safe_concat('  7       <td>
  8         ');@output_buffer.append= ( image_tag(product.image_url, :class => 'list_image') );@output_buffer.safe_concat('
');@output_buffer.safe_concat('  9       </td>
 10
 11       <td class="list_description">
 12         <dl>
 13           <dt>');@output_buffer.append= ( product.title );@output_buffer.safe_concat('</dt>
 14           <dd>');@output_buffer.append= ( truncate(strip_tags(product.description),
 15                  :length => 80 );@output_buffer.safe_concat('</dd>
 16         </dl>
 17       </td>
 18
 19       <td class="list_actions">
 20         ');@output_buffer.append= ( link_to 'Show', product );@output_buffer.safe_concat('<br/>
 21         ');@output_buffer.append= ( link_to 'Edit', edit_product_path(product) );@output_buffer.safe_concat('<br/>
 22         ');@output_buffer.append= ( link_to 'Destroy', product,
 23                     :confirm => 'Are you sure?',
 24                     :method => :delete );@output_buffer.safe_concat('
');@output_buffer.safe_concat(' 25       </td>
 26     </tr>
 27   '); end ;@output_buffer.safe_concat('
');@output_buffer.safe_concat(' 28   </table>
 29 </div>
 30
 31 <br />
 32 ');@output_buffer.append= ( link_to 'New product', new_product_path );@output_buffer.safe_concat('
');@output_buffer.to_s
          ensure
            @virtual_path, @output_buffer = _old_virtual_path, _old_output_buffer
          end

Backtrace: /var/lib/gems/1.9.1/gems/actionpack-3.2.1/lib/action_view/template.rb:285:in `module_eval'
/var/lib/gems/1.9.1/gems/actionpack-3.2.1/lib/action_view/template.rb:285:in `compile'
/var/lib/gems/1.9.1/gems/actionpack-3.2.1/lib/action_view/template.rb:233:in `compile!'
/var/lib/gems/1.9.1/gems/actionpack-3.2.1/lib/action_view/template.rb:142:in `block in render'
/var/lib/gems/1.9.1/gems/activesupport-3.2.1/lib/active_support/notifications.rb:125:in `instrument'
/var/lib/gems/1.9.1/gems/actionpack-3.2.1/lib/action_view/template.rb:141:in `render'
/var/lib/gems/1.9.1/gems/actionpack-3.2.1/lib/action_view/renderer/template_renderer.rb:41:in `block (2 levels) in render_template'
/var/lib/gems/1.9.1/gems/actionpack-3.2.1/lib/action_view/renderer/abstract_renderer.rb:38:in `block in instrument'
/var/lib/gems/1.9.1/gems/activesupport-3.2.1/lib/active_support/notifications.rb:123:in `block in instrument'
/var/lib/gems/1.9.1/gems/activesupport-3.2.1/lib/active_support/notifications/instrumenter.rb:20:in `instrument'
/var/lib/gems/1.9.1/gems/activesupport-3.2.1/lib/active_support/notifications.rb:123:in `instrument'
/var/lib/gems/1.9.1/gems/actionpack-3.2.1/lib/action_view/renderer/abstract_renderer.rb:38:in `instrument'
/var/lib/gems/1.9.1/gems/actionpack-3.2.1/lib/action_view/renderer/template_renderer.rb:40:in `block in render_template'
/var/lib/gems/1.9.1/gems/actionpack-3.2.1/lib/action_view/renderer/template_renderer.rb:48:in `render_with_layout'
/var/lib/gems/1.9.1/gems/actionpack-3.2.1/lib/action_view/renderer/template_renderer.rb:39:in `render_template'
/var/lib/gems/1.9.1/gems/actionpack-3.2.1/lib/action_view/renderer/template_renderer.rb:12:in `render'
/var/lib/gems/1.9.1/gems/actionpack-3.2.1/lib/action_view/renderer/renderer.rb:36:in `render_template'
/var/lib/gems/1.9.1/gems/actionpack-3.2.1/lib/action_view/renderer/renderer.rb:17:in `render'
/var/lib/gems/1.9.1/gems/actionpack-3.2.1/lib/abstract_controller/rendering.rb:109:in `_render_template'
/var/lib/gems/1.9.1/gems/actionpack-3.2.1/lib/action_controller/metal/streaming.rb:225:in `_render_template'
/var/lib/gems/1.9.1/gems/actionpack-3.2.1/lib/abstract_controller/rendering.rb:103:in `render_to_body'
/var/lib/gems/1.9.1/gems/actionpack-3.2.1/lib/action_controller/metal/renderers.rb:28:in `render_to_body'
/var/lib/gems/1.9.1/gems/actionpack-3.2.1/lib/action_controller/metal/compatibility.rb:50:in `render_to_body'
/var/lib/gems/1.9.1/gems/actionpack-3.2.1/lib/abstract_controller/rendering.rb:88:in `render'
/var/lib/gems/1.9.1/gems/actionpack-3.2.1/lib/action_controller/metal/rendering.rb:16:in `render'
/var/lib/gems/1.9.1/gems/actionpack-3.2.1/lib/action_controller/metal/instrumentation.rb:40:in `block (2 levels) in render'
/var/lib/gems/1.9.1/gems/activesupport-3.2.1/lib/active_support/core_ext/benchmark.rb:5:in `block in ms'
/usr/lib/ruby/1.9.1/benchmark.rb:295:in `realtime'
/var/lib/gems/1.9.1/gems/activesupport-3.2.1/lib/active_support/core_ext/benchmark.rb:5:in `ms'
/var/lib/gems/1.9.1/gems/actionpack-3.2.1/lib/action_controller/metal/instrumentation.rb:40:in `block in render'
/var/lib/gems/1.9.1/gems/actionpack-3.2.1/lib/action_controller/metal/instrumentation.rb:83:in `cleanup_view_runtime'
/var/lib/gems/1.9.1/gems/activerecord-3.2.1/lib/active_record/railties/controller_runtime.rb:24:in `cleanup_view_runtime'
/var/lib/gems/1.9.1/gems/actionpack-3.2.1/lib/action_controller/metal/instrumentation.rb:39:in `render'
/var/lib/gems/1.9.1/gems/actionpack-3.2.1/lib/action_controller/metal/implicit_render.rb:10:in `default_render'
/var/lib/gems/1.9.1/gems/actionpack-3.2.1/lib/action_controller/metal/mime_responds.rb:268:in `block in retrieve_response_from_mimes'
/var/lib/gems/1.9.1/gems/actionpack-3.2.1/lib/action_controller/metal/mime_responds.rb:195:in `call'
/var/lib/gems/1.9.1/gems/actionpack-3.2.1/lib/action_controller/metal/mime_responds.rb:195:in `respond_to'
/home/kicombs/cs446/src/project03/work/depot/app/controllers/products_controller.rb:7:in `index'
/var/lib/gems/1.9.1/gems/actionpack-3.2.1/lib/action_controller/metal/implicit_render.rb:4:in `send_action'
/var/lib/gems/1.9.1/gems/actionpack-3.2.1/lib/abstract_controller/base.rb:167:in `process_action'
/var/lib/gems/1.9.1/gems/actionpack-3.2.1/lib/action_controller/metal/rendering.rb:10:in `process_action'
/var/lib/gems/1.9.1/gems/actionpack-3.2.1/lib/abstract_controller/callbacks.rb:18:in `block in process_action'
/var/lib/gems/1.9.1/gems/activesupport-3.2.1/lib/active_support/callbacks.rb:414:in `_run__2329221722799951689__process_action__4194583998529135982__callbacks'
/var/lib/gems/1.9.1/gems/activesupport-3.2.1/lib/active_support/callbacks.rb:405:in `__run_callback'
/var/lib/gems/1.9.1/gems/activesupport-3.2.1/lib/active_support/callbacks.rb:385:in `_run_process_action_callbacks'
/var/lib/gems/1.9.1/gems/activesupport-3.2.1/lib/active_support/callbacks.rb:81:in `run_callbacks'
/var/lib/gems/1.9.1/gems/actionpack-3.2.1/lib/abstract_controller/callbacks.rb:17:in `process_action'
/var/lib/gems/1.9.1/gems/actionpack-3.2.1/lib/action_controller/metal/rescue.rb:29:in `process_action'
/var/lib/gems/1.9.1/gems/actionpack-3.2.1/lib/action_controller/metal/instrumentation.rb:30:in `block in process_action'
/var/lib/gems/1.9.1/gems/activesupport-3.2.1/lib/active_support/notifications.rb:123:in `block in instrument'
/var/lib/gems/1.9.1/gems/activesupport-3.2.1/lib/active_support/notifications/instrumenter.rb:20:in `instrument'
/var/lib/gems/1.9.1/gems/activesupport-3.2.1/lib/active_support/notifications.rb:123:in `instrument'
/var/lib/gems/1.9.1/gems/actionpack-3.2.1/lib/action_controller/metal/instrumentation.rb:29:in `process_action'
/var/lib/gems/1.9.1/gems/actionpack-3.2.1/lib/action_controller/metal/params_wrapper.rb:205:in `process_action'
/var/lib/gems/1.9.1/gems/activerecord-3.2.1/lib/active_record/railties/controller_runtime.rb:18:in `process_action'
/var/lib/gems/1.9.1/gems/actionpack-3.2.1/lib/abstract_controller/base.rb:121:in `process'
/var/lib/gems/1.9.1/gems/actionpack-3.2.1/lib/abstract_controller/rendering.rb:45:in `process'
/var/lib/gems/1.9.1/gems/actionpack-3.2.1/lib/action_controller/metal.rb:203:in `dispatch'
/var/lib/gems/1.9.1/gems/actionpack-3.2.1/lib/action_controller/metal/rack_delegation.rb:14:in `dispatch'
/var/lib/gems/1.9.1/gems/actionpack-3.2.1/lib/action_controller/metal.rb:246:in `block in action'
/var/lib/gems/1.9.1/gems/actionpack-3.2.1/lib/action_dispatch/routing/route_set.rb:66:in `call'
/var/lib/gems/1.9.1/gems/actionpack-3.2.1/lib/action_dispatch/routing/route_set.rb:66:in `dispatch'
/var/lib/gems/1.9.1/gems/actionpack-3.2.1/lib/action_dispatch/routing/route_set.rb:30:in `call'
/var/lib/gems/1.9.1/gems/journey-1.0.1/lib/journey/router.rb:68:in `block in call'
/var/lib/gems/1.9.1/gems/journey-1.0.1/lib/journey/router.rb:56:in `each'
/var/lib/gems/1.9.1/gems/journey-1.0.1/lib/journey/router.rb:56:in `call'
/var/lib/gems/1.9.1/gems/actionpack-3.2.1/lib/action_dispatch/routing/route_set.rb:589:in `call'
/var/lib/gems/1.9.1/gems/actionpack-3.2.1/lib/action_dispatch/middleware/best_standards_support.rb:17:in `call'
/var/lib/gems/1.9.1/gems/rack-1.4.1/lib/rack/etag.rb:23:in `call'
/var/lib/gems/1.9.1/gems/rack-1.4.1/lib/rack/conditionalget.rb:25:in `call'
/var/lib/gems/1.9.1/gems/actionpack-3.2.1/lib/action_dispatch/middleware/head.rb:14:in `call'
/var/lib/gems/1.9.1/gems/actionpack-3.2.1/lib/action_dispatch/middleware/params_parser.rb:21:in `call'
/var/lib/gems/1.9.1/gems/actionpack-3.2.1/lib/action_dispatch/middleware/flash.rb:242:in `call'
/var/lib/gems/1.9.1/gems/rack-1.4.1/lib/rack/session/abstract/id.rb:205:in `context'
/var/lib/gems/1.9.1/gems/rack-1.4.1/lib/rack/session/abstract/id.rb:200:in `call'
/var/lib/gems/1.9.1/gems/actionpack-3.2.1/lib/action_dispatch/middleware/cookies.rb:338:in `call'
/var/lib/gems/1.9.1/gems/activerecord-3.2.1/lib/active_record/query_cache.rb:64:in `call'
/var/lib/gems/1.9.1/gems/activerecord-3.2.1/lib/active_record/connection_adapters/abstract/connection_pool.rb:443:in `call'
/var/lib/gems/1.9.1/gems/actionpack-3.2.1/lib/action_dispatch/middleware/callbacks.rb:28:in `block in call'
/var/lib/gems/1.9.1/gems/activesupport-3.2.1/lib/active_support/callbacks.rb:405:in `_run__4115270854681375027__call__3929603339838725188__callbacks'
/var/lib/gems/1.9.1/gems/activesupport-3.2.1/lib/active_support/callbacks.rb:405:in `__run_callback'
/var/lib/gems/1.9.1/gems/activesupport-3.2.1/lib/active_support/callbacks.rb:385:in `_run_call_callbacks'
/var/lib/gems/1.9.1/gems/activesupport-3.2.1/lib/active_support/callbacks.rb:81:in `run_callbacks'
/var/lib/gems/1.9.1/gems/actionpack-3.2.1/lib/action_dispatch/middleware/callbacks.rb:27:in `call'
/var/lib/gems/1.9.1/gems/actionpack-3.2.1/lib/action_dispatch/middleware/reloader.rb:65:in `call'
/var/lib/gems/1.9.1/gems/actionpack-3.2.1/lib/action_dispatch/middleware/remote_ip.rb:31:in `call'
/var/lib/gems/1.9.1/gems/actionpack-3.2.1/lib/action_dispatch/middleware/debug_exceptions.rb:16:in `call'
/var/lib/gems/1.9.1/gems/actionpack-3.2.1/lib/action_dispatch/middleware/show_exceptions.rb:56:in `call'
/var/lib/gems/1.9.1/gems/railties-3.2.1/lib/rails/rack/logger.rb:26:in `call_app'
/var/lib/gems/1.9.1/gems/railties-3.2.1/lib/rails/rack/logger.rb:16:in `call'
/var/lib/gems/1.9.1/gems/actionpack-3.2.1/lib/action_dispatch/middleware/request_id.rb:22:in `call'
/var/lib/gems/1.9.1/gems/rack-1.4.1/lib/rack/methodoverride.rb:21:in `call'
/var/lib/gems/1.9.1/gems/rack-1.4.1/lib/rack/runtime.rb:17:in `call'
/var/lib/gems/1.9.1/gems/activesupport-3.2.1/lib/active_support/cache/strategy/local_cache.rb:72:in `call'
/var/lib/gems/1.9.1/gems/rack-1.4.1/lib/rack/lock.rb:15:in `call'
/var/lib/gems/1.9.1/gems/actionpack-3.2.1/lib/action_dispatch/middleware/static.rb:53:in `call'
/var/lib/gems/1.9.1/gems/railties-3.2.1/lib/rails/engine.rb:479:in `call'
/var/lib/gems/1.9.1/gems/railties-3.2.1/lib/rails/application.rb:220:in `call'
/var/lib/gems/1.9.1/gems/railties-3.2.1/lib/rails/railtie/configurable.rb:30:in `method_missing'
/var/lib/gems/1.9.1/gems/passenger-3.0.11/lib/phusion_passenger/rack/request_handler.rb:96:in `process_request'
/var/lib/gems/1.9.1/gems/passenger-3.0.11/lib/phusion_passenger/abstract_request_handler.rb:513:in `accept_and_process_next_request'
/var/lib/gems/1.9.1/gems/passenger-3.0.11/lib/phusion_passenger/abstract_request_handler.rb:274:in `main_loop'
/var/lib/gems/1.9.1/gems/passenger-3.0.11/lib/phusion_passenger/rack/application_spawner.rb:206:in `start_request_handler'
/var/lib/gems/1.9.1/gems/passenger-3.0.11/lib/phusion_passenger/rack/application_spawner.rb:171:in `block in handle_spawn_application'
/var/lib/gems/1.9.1/gems/passenger-3.0.11/lib/phusion_passenger/utils.rb:479:in `safe_fork'
/var/lib/gems/1.9.1/gems/passenger-3.0.11/lib/phusion_passenger/rack/application_spawner.rb:166:in `handle_spawn_application'
/var/lib/gems/1.9.1/gems/passenger-3.0.11/lib/phusion_passenger/abstract_server.rb:357:in `server_main_loop'
/var/lib/gems/1.9.1/gems/passenger-3.0.11/lib/phusion_passenger/abstract_server.rb:206:in `start_synchronously'
/var/lib/gems/1.9.1/gems/passenger-3.0.11/lib/phusion_passenger/abstract_server.rb:180:in `start'
/var/lib/gems/1.9.1/gems/passenger-3.0.11/lib/phusion_passenger/rack/application_spawner.rb:129:in `start'
/var/lib/gems/1.9.1/gems/passenger-3.0.11/lib/phusion_passenger/spawn_manager.rb:253:in `block (2 levels) in spawn_rack_application'
/var/lib/gems/1.9.1/gems/passenger-3.0.11/lib/phusion_passenger/abstract_server_collection.rb:132:in `lookup_or_add'
/var/lib/gems/1.9.1/gems/passenger-3.0.11/lib/phusion_passenger/spawn_manager.rb:246:in `block in spawn_rack_application'
/var/lib/gems/1.9.1/gems/passenger-3.0.11/lib/phusion_passenger/abstract_server_collection.rb:82:in `block in synchronize'
<internal:prelude>:10:in `synchronize'
/var/lib/gems/1.9.1/gems/passenger-3.0.11/lib/phusion_passenger/abstract_server_collection.rb:79:in `synchronize'
/var/lib/gems/1.9.1/gems/passenger-3.0.11/lib/phusion_passenger/spawn_manager.rb:244:in `spawn_rack_application'
/var/lib/gems/1.9.1/gems/passenger-3.0.11/lib/phusion_passenger/spawn_manager.rb:137:in `spawn_application'
/var/lib/gems/1.9.1/gems/passenger-3.0.11/lib/phusion_passenger/spawn_manager.rb:275:in `handle_spawn_application'
/var/lib/gems/1.9.1/gems/passenger-3.0.11/lib/phusion_passenger/abstract_server.rb:357:in `server_main_loop'
/var/lib/gems/1.9.1/gems/passenger-3.0.11/lib/phusion_passenger/abstract_server.rb:206:in `start_synchronously'
/var/lib/gems/1.9.1/gems/passenger-3.0.11/helper-scripts/passenger-spawn-server:99:in `<main>'
  Rendered products/index.html.erb within layouts/application (3.7ms)
Completed 500 Internal Server Error in 13ms

ActionView::Template::Error (/home/kicombs/cs446/src/project03/work/depot/app/views/products/index.html.erb:15: syntax error, unexpected ':', expecting ')'
 15                  :length => 80 );@output_buffer.safe_concat('</dd>
                      ^
/home/kicombs/cs446/src/project03/work/depot/app/views/products/index.html.erb:23: syntax error, unexpected ':', expecting ')'
 23                     :confirm => 'Are you sure?',
                         ^
/home/kicombs/cs446/src/project03/work/depot/app/views/products/index.html.erb:23: syntax error, unexpected ',', expecting ')'):
    12:  12         <dl>
    13:  13           <dt><%= product.title %></dt>
    14:  14           <dd><%= truncate(strip_tags(product.description),
    15:  15                  :length => 80 %></dd>
    16:  16         </dl>
    17:  17       </td>
    18:  18
  app/controllers/products_controller.rb:7:in `index'


  Rendered /var/lib/gems/1.9.1/gems/actionpack-3.2.1/lib/action_dispatch/middleware/templates/rescues/_trace.erb (14.6ms)
  Rendered /var/lib/gems/1.9.1/gems/actionpack-3.2.1/lib/action_dispatch/middleware/templates/rescues/_request_and_response.erb (3.8ms)
  Rendered /var/lib/gems/1.9.1/gems/actionpack-3.2.1/lib/action_dispatch/middleware/templates/rescues/template_error.erb within rescues/layout (26.9ms)


Started GET "/products" for 75.70.211.17 at 2012-02-05 19:57:40 -0700
Processing by ProductsController#index as HTML
  [1m[36mProduct Load (0.6ms)[0m  [1mSELECT "products".* FROM "products" [0m
  Rendered products/index.html.erb within layouts/application (220.9ms)
Completed 200 OK in 262ms (Views: 257.7ms | ActiveRecord: 0.6ms)


Started GET "/assets/all.css" for 75.70.211.17 at 2012-02-05 19:57:40 -0700
Served asset /all.css - 404 Not Found (12ms)

ActionController::RoutingError (No route matches [GET] "/assets/all.css"):
  actionpack (3.2.1) lib/action_dispatch/middleware/debug_exceptions.rb:21:in `call'
  actionpack (3.2.1) lib/action_dispatch/middleware/show_exceptions.rb:56:in `call'
  railties (3.2.1) lib/rails/rack/logger.rb:26:in `call_app'
  railties (3.2.1) lib/rails/rack/logger.rb:16:in `call'
  actionpack (3.2.1) lib/action_dispatch/middleware/request_id.rb:22:in `call'
  rack (1.4.1) lib/rack/methodoverride.rb:21:in `call'
  rack (1.4.1) lib/rack/runtime.rb:17:in `call'
  activesupport (3.2.1) lib/active_support/cache/strategy/local_cache.rb:72:in `call'
  rack (1.4.1) lib/rack/lock.rb:15:in `call'
  actionpack (3.2.1) lib/action_dispatch/middleware/static.rb:53:in `call'
  railties (3.2.1) lib/rails/engine.rb:479:in `call'
  railties (3.2.1) lib/rails/application.rb:220:in `call'
  railties (3.2.1) lib/rails/railtie/configurable.rb:30:in `method_missing'
  passenger (3.0.11) lib/phusion_passenger/rack/request_handler.rb:96:in `process_request'
  passenger (3.0.11) lib/phusion_passenger/abstract_request_handler.rb:513:in `accept_and_process_next_request'
  passenger (3.0.11) lib/phusion_passenger/abstract_request_handler.rb:274:in `main_loop'
  passenger (3.0.11) lib/phusion_passenger/rack/application_spawner.rb:206:in `start_request_handler'
  passenger (3.0.11) lib/phusion_passenger/rack/application_spawner.rb:171:in `block in handle_spawn_application'
  passenger (3.0.11) lib/phusion_passenger/utils.rb:479:in `safe_fork'
  passenger (3.0.11) lib/phusion_passenger/rack/application_spawner.rb:166:in `handle_spawn_application'
  passenger (3.0.11) lib/phusion_passenger/abstract_server.rb:357:in `server_main_loop'
  passenger (3.0.11) lib/phusion_passenger/abstract_server.rb:206:in `start_synchronously'
  passenger (3.0.11) lib/phusion_passenger/abstract_server.rb:180:in `start'
  passenger (3.0.11) lib/phusion_passenger/rack/application_spawner.rb:129:in `start'
  passenger (3.0.11) lib/phusion_passenger/spawn_manager.rb:253:in `block (2 levels) in spawn_rack_application'
  passenger (3.0.11) lib/phusion_passenger/abstract_server_collection.rb:132:in `lookup_or_add'
  passenger (3.0.11) lib/phusion_passenger/spawn_manager.rb:246:in `block in spawn_rack_application'
  passenger (3.0.11) lib/phusion_passenger/abstract_server_collection.rb:82:in `block in synchronize'
  <internal:prelude>:10:in `synchronize'
  passenger (3.0.11) lib/phusion_passenger/abstract_server_collection.rb:79:in `synchronize'
  passenger (3.0.11) lib/phusion_passenger/spawn_manager.rb:244:in `spawn_rack_application'
  passenger (3.0.11) lib/phusion_passenger/spawn_manager.rb:137:in `spawn_application'
  passenger (3.0.11) lib/phusion_passenger/spawn_manager.rb:275:in `handle_spawn_application'
  passenger (3.0.11) lib/phusion_passenger/abstract_server.rb:357:in `server_main_loop'
  passenger (3.0.11) lib/phusion_passenger/abstract_server.rb:206:in `start_synchronously'
  passenger (3.0.11) helper-scripts/passenger-spawn-server:99:in `<main>'


  Rendered /var/lib/gems/1.9.1/gems/actionpack-3.2.1/lib/action_dispatch/middleware/templates/rescues/routing_error.erb within rescues/layout (2.3ms)


Started GET "/assets/defaults.js" for 75.70.211.17 at 2012-02-05 19:57:41 -0700
Served asset /defaults.js - 404 Not Found (11ms)

ActionController::RoutingError (No route matches [GET] "/assets/defaults.js"):
  actionpack (3.2.1) lib/action_dispatch/middleware/debug_exceptions.rb:21:in `call'
  actionpack (3.2.1) lib/action_dispatch/middleware/show_exceptions.rb:56:in `call'
  railties (3.2.1) lib/rails/rack/logger.rb:26:in `call_app'
  railties (3.2.1) lib/rails/rack/logger.rb:16:in `call'
  actionpack (3.2.1) lib/action_dispatch/middleware/request_id.rb:22:in `call'
  rack (1.4.1) lib/rack/methodoverride.rb:21:in `call'
  rack (1.4.1) lib/rack/runtime.rb:17:in `call'
  activesupport (3.2.1) lib/active_support/cache/strategy/local_cache.rb:72:in `call'
  rack (1.4.1) lib/rack/lock.rb:15:in `call'
  actionpack (3.2.1) lib/action_dispatch/middleware/static.rb:53:in `call'
  railties (3.2.1) lib/rails/engine.rb:479:in `call'
  railties (3.2.1) lib/rails/application.rb:220:in `call'
  railties (3.2.1) lib/rails/railtie/configurable.rb:30:in `method_missing'
  passenger (3.0.11) lib/phusion_passenger/rack/request_handler.rb:96:in `process_request'
  passenger (3.0.11) lib/phusion_passenger/abstract_request_handler.rb:513:in `accept_and_process_next_request'
  passenger (3.0.11) lib/phusion_passenger/abstract_request_handler.rb:274:in `main_loop'
  passenger (3.0.11) lib/phusion_passenger/rack/application_spawner.rb:206:in `start_request_handler'
  passenger (3.0.11) lib/phusion_passenger/rack/application_spawner.rb:171:in `block in handle_spawn_application'
  passenger (3.0.11) lib/phusion_passenger/utils.rb:479:in `safe_fork'
  passenger (3.0.11) lib/phusion_passenger/rack/application_spawner.rb:166:in `handle_spawn_application'
  passenger (3.0.11) lib/phusion_passenger/abstract_server.rb:357:in `server_main_loop'
  passenger (3.0.11) lib/phusion_passenger/abstract_server.rb:206:in `start_synchronously'
  passenger (3.0.11) lib/phusion_passenger/abstract_server.rb:180:in `start'
  passenger (3.0.11) lib/phusion_passenger/rack/application_spawner.rb:129:in `start'
  passenger (3.0.11) lib/phusion_passenger/spawn_manager.rb:253:in `block (2 levels) in spawn_rack_application'
  passenger (3.0.11) lib/phusion_passenger/abstract_server_collection.rb:132:in `lookup_or_add'
  passenger (3.0.11) lib/phusion_passenger/spawn_manager.rb:246:in `block in spawn_rack_application'
  passenger (3.0.11) lib/phusion_passenger/abstract_server_collection.rb:82:in `block in synchronize'
  <internal:prelude>:10:in `synchronize'
  passenger (3.0.11) lib/phusion_passenger/abstract_server_collection.rb:79:in `synchronize'
  passenger (3.0.11) lib/phusion_passenger/spawn_manager.rb:244:in `spawn_rack_application'
  passenger (3.0.11) lib/phusion_passenger/spawn_manager.rb:137:in `spawn_application'
  passenger (3.0.11) lib/phusion_passenger/spawn_manager.rb:275:in `handle_spawn_application'
  passenger (3.0.11) lib/phusion_passenger/abstract_server.rb:357:in `server_main_loop'
  passenger (3.0.11) lib/phusion_passenger/abstract_server.rb:206:in `start_synchronously'
  passenger (3.0.11) helper-scripts/passenger-spawn-server:99:in `<main>'


  Rendered /var/lib/gems/1.9.1/gems/actionpack-3.2.1/lib/action_dispatch/middleware/templates/rescues/routing_error.erb within rescues/layout (2.2ms)


Started GET "/products" for 75.70.211.17 at 2012-02-05 19:57:41 -0700
Processing by ProductsController#index as HTML
  [1m[35mProduct Load (0.6ms)[0m  SELECT "products".* FROM "products" 
  Rendered products/index.html.erb within layouts/application (19.2ms)
Completed 200 OK in 62ms (Views: 57.6ms | ActiveRecord: 0.6ms)


Started GET "/assets/defaults.js" for 75.70.211.17 at 2012-02-05 19:57:41 -0700
Served asset /defaults.js - 404 Not Found (11ms)

ActionController::RoutingError (No route matches [GET] "/assets/defaults.js"):
  actionpack (3.2.1) lib/action_dispatch/middleware/debug_exceptions.rb:21:in `call'
  actionpack (3.2.1) lib/action_dispatch/middleware/show_exceptions.rb:56:in `call'
  railties (3.2.1) lib/rails/rack/logger.rb:26:in `call_app'
  railties (3.2.1) lib/rails/rack/logger.rb:16:in `call'
  actionpack (3.2.1) lib/action_dispatch/middleware/request_id.rb:22:in `call'
  rack (1.4.1) lib/rack/methodoverride.rb:21:in `call'
  rack (1.4.1) lib/rack/runtime.rb:17:in `call'
  activesupport (3.2.1) lib/active_support/cache/strategy/local_cache.rb:72:in `call'
  rack (1.4.1) lib/rack/lock.rb:15:in `call'
  actionpack (3.2.1) lib/action_dispatch/middleware/static.rb:53:in `call'
  railties (3.2.1) lib/rails/engine.rb:479:in `call'
  railties (3.2.1) lib/rails/application.rb:220:in `call'
  railties (3.2.1) lib/rails/railtie/configurable.rb:30:in `method_missing'
  passenger (3.0.11) lib/phusion_passenger/rack/request_handler.rb:96:in `process_request'
  passenger (3.0.11) lib/phusion_passenger/abstract_request_handler.rb:513:in `accept_and_process_next_request'
  passenger (3.0.11) lib/phusion_passenger/abstract_request_handler.rb:274:in `main_loop'
  passenger (3.0.11) lib/phusion_passenger/rack/application_spawner.rb:206:in `start_request_handler'
  passenger (3.0.11) lib/phusion_passenger/rack/application_spawner.rb:171:in `block in handle_spawn_application'
  passenger (3.0.11) lib/phusion_passenger/utils.rb:479:in `safe_fork'
  passenger (3.0.11) lib/phusion_passenger/rack/application_spawner.rb:166:in `handle_spawn_application'
  passenger (3.0.11) lib/phusion_passenger/abstract_server.rb:357:in `server_main_loop'
  passenger (3.0.11) lib/phusion_passenger/abstract_server.rb:206:in `start_synchronously'
  passenger (3.0.11) lib/phusion_passenger/abstract_server.rb:180:in `start'
  passenger (3.0.11) lib/phusion_passenger/rack/application_spawner.rb:129:in `start'
  passenger (3.0.11) lib/phusion_passenger/spawn_manager.rb:253:in `block (2 levels) in spawn_rack_application'
  passenger (3.0.11) lib/phusion_passenger/abstract_server_collection.rb:132:in `lookup_or_add'
  passenger (3.0.11) lib/phusion_passenger/spawn_manager.rb:246:in `block in spawn_rack_application'
  passenger (3.0.11) lib/phusion_passenger/abstract_server_collection.rb:82:in `block in synchronize'
  <internal:prelude>:10:in `synchronize'
  passenger (3.0.11) lib/phusion_passenger/abstract_server_collection.rb:79:in `synchronize'
  passenger (3.0.11) lib/phusion_passenger/spawn_manager.rb:244:in `spawn_rack_application'
  passenger (3.0.11) lib/phusion_passenger/spawn_manager.rb:137:in `spawn_application'
  passenger (3.0.11) lib/phusion_passenger/spawn_manager.rb:275:in `handle_spawn_application'
  passenger (3.0.11) lib/phusion_passenger/abstract_server.rb:357:in `server_main_loop'
  passenger (3.0.11) lib/phusion_passenger/abstract_server.rb:206:in `start_synchronously'
  passenger (3.0.11) helper-scripts/passenger-spawn-server:99:in `<main>'


  Rendered /var/lib/gems/1.9.1/gems/actionpack-3.2.1/lib/action_dispatch/middleware/templates/rescues/routing_error.erb within rescues/layout (2.1ms)


Started GET "/assets/all.css" for 75.70.211.17 at 2012-02-05 19:57:41 -0700
Served asset /all.css - 404 Not Found (13ms)

ActionController::RoutingError (No route matches [GET] "/assets/all.css"):
  actionpack (3.2.1) lib/action_dispatch/middleware/debug_exceptions.rb:21:in `call'
  actionpack (3.2.1) lib/action_dispatch/middleware/show_exceptions.rb:56:in `call'
  railties (3.2.1) lib/rails/rack/logger.rb:26:in `call_app'
  railties (3.2.1) lib/rails/rack/logger.rb:16:in `call'
  actionpack (3.2.1) lib/action_dispatch/middleware/request_id.rb:22:in `call'
  rack (1.4.1) lib/rack/methodoverride.rb:21:in `call'
  rack (1.4.1) lib/rack/runtime.rb:17:in `call'
  activesupport (3.2.1) lib/active_support/cache/strategy/local_cache.rb:72:in `call'
  rack (1.4.1) lib/rack/lock.rb:15:in `call'
  actionpack (3.2.1) lib/action_dispatch/middleware/static.rb:53:in `call'
  railties (3.2.1) lib/rails/engine.rb:479:in `call'
  railties (3.2.1) lib/rails/application.rb:220:in `call'
  railties (3.2.1) lib/rails/railtie/configurable.rb:30:in `method_missing'
  passenger (3.0.11) lib/phusion_passenger/rack/request_handler.rb:96:in `process_request'
  passenger (3.0.11) lib/phusion_passenger/abstract_request_handler.rb:513:in `accept_and_process_next_request'
  passenger (3.0.11) lib/phusion_passenger/abstract_request_handler.rb:274:in `main_loop'
  passenger (3.0.11) lib/phusion_passenger/rack/application_spawner.rb:206:in `start_request_handler'
  passenger (3.0.11) lib/phusion_passenger/rack/application_spawner.rb:171:in `block in handle_spawn_application'
  passenger (3.0.11) lib/phusion_passenger/utils.rb:479:in `safe_fork'
  passenger (3.0.11) lib/phusion_passenger/rack/application_spawner.rb:166:in `handle_spawn_application'
  passenger (3.0.11) lib/phusion_passenger/abstract_server.rb:357:in `server_main_loop'
  passenger (3.0.11) lib/phusion_passenger/abstract_server.rb:206:in `start_synchronously'
  passenger (3.0.11) lib/phusion_passenger/abstract_server.rb:180:in `start'
  passenger (3.0.11) lib/phusion_passenger/rack/application_spawner.rb:129:in `start'
  passenger (3.0.11) lib/phusion_passenger/spawn_manager.rb:253:in `block (2 levels) in spawn_rack_application'
  passenger (3.0.11) lib/phusion_passenger/abstract_server_collection.rb:132:in `lookup_or_add'
  passenger (3.0.11) lib/phusion_passenger/spawn_manager.rb:246:in `block in spawn_rack_application'
  passenger (3.0.11) lib/phusion_passenger/abstract_server_collection.rb:82:in `block in synchronize'
  <internal:prelude>:10:in `synchronize'
  passenger (3.0.11) lib/phusion_passenger/abstract_server_collection.rb:79:in `synchronize'
  passenger (3.0.11) lib/phusion_passenger/spawn_manager.rb:244:in `spawn_rack_application'
  passenger (3.0.11) lib/phusion_passenger/spawn_manager.rb:137:in `spawn_application'
  passenger (3.0.11) lib/phusion_passenger/spawn_manager.rb:275:in `handle_spawn_application'
  passenger (3.0.11) lib/phusion_passenger/abstract_server.rb:357:in `server_main_loop'
  passenger (3.0.11) lib/phusion_passenger/abstract_server.rb:206:in `start_synchronously'
  passenger (3.0.11) helper-scripts/passenger-spawn-server:99:in `<main>'


  Rendered /var/lib/gems/1.9.1/gems/actionpack-3.2.1/lib/action_dispatch/middleware/templates/rescues/routing_error.erb within rescues/layout (2.4ms)


Started GET "/products" for 75.70.211.17 at 2012-02-05 19:57:41 -0700
Processing by ProductsController#index as HTML
  [1m[36mProduct Load (0.7ms)[0m  [1mSELECT "products".* FROM "products" [0m
  Rendered products/index.html.erb within layouts/application (87.0ms)
Completed 200 OK in 131ms (Views: 125.8ms | ActiveRecord: 0.7ms)


Started GET "/assets/all.css" for 75.70.211.17 at 2012-02-05 19:57:41 -0700
Served asset /all.css - 404 Not Found (11ms)

ActionController::RoutingError (No route matches [GET] "/assets/all.css"):
  actionpack (3.2.1) lib/action_dispatch/middleware/debug_exceptions.rb:21:in `call'
  actionpack (3.2.1) lib/action_dispatch/middleware/show_exceptions.rb:56:in `call'
  railties (3.2.1) lib/rails/rack/logger.rb:26:in `call_app'
  railties (3.2.1) lib/rails/rack/logger.rb:16:in `call'
  actionpack (3.2.1) lib/action_dispatch/middleware/request_id.rb:22:in `call'
  rack (1.4.1) lib/rack/methodoverride.rb:21:in `call'
  rack (1.4.1) lib/rack/runtime.rb:17:in `call'
  activesupport (3.2.1) lib/active_support/cache/strategy/local_cache.rb:72:in `call'
  rack (1.4.1) lib/rack/lock.rb:15:in `call'
  actionpack (3.2.1) lib/action_dispatch/middleware/static.rb:53:in `call'
  railties (3.2.1) lib/rails/engine.rb:479:in `call'
  railties (3.2.1) lib/rails/application.rb:220:in `call'
  railties (3.2.1) lib/rails/railtie/configurable.rb:30:in `method_missing'
  passenger (3.0.11) lib/phusion_passenger/rack/request_handler.rb:96:in `process_request'
  passenger (3.0.11) lib/phusion_passenger/abstract_request_handler.rb:513:in `accept_and_process_next_request'
  passenger (3.0.11) lib/phusion_passenger/abstract_request_handler.rb:274:in `main_loop'
  passenger (3.0.11) lib/phusion_passenger/rack/application_spawner.rb:206:in `start_request_handler'
  passenger (3.0.11) lib/phusion_passenger/rack/application_spawner.rb:171:in `block in handle_spawn_application'
  passenger (3.0.11) lib/phusion_passenger/utils.rb:479:in `safe_fork'
  passenger (3.0.11) lib/phusion_passenger/rack/application_spawner.rb:166:in `handle_spawn_application'
  passenger (3.0.11) lib/phusion_passenger/abstract_server.rb:357:in `server_main_loop'
  passenger (3.0.11) lib/phusion_passenger/abstract_server.rb:206:in `start_synchronously'
  passenger (3.0.11) lib/phusion_passenger/abstract_server.rb:180:in `start'
  passenger (3.0.11) lib/phusion_passenger/rack/application_spawner.rb:129:in `start'
  passenger (3.0.11) lib/phusion_passenger/spawn_manager.rb:253:in `block (2 levels) in spawn_rack_application'
  passenger (3.0.11) lib/phusion_passenger/abstract_server_collection.rb:132:in `lookup_or_add'
  passenger (3.0.11) lib/phusion_passenger/spawn_manager.rb:246:in `block in spawn_rack_application'
  passenger (3.0.11) lib/phusion_passenger/abstract_server_collection.rb:82:in `block in synchronize'
  <internal:prelude>:10:in `synchronize'
  passenger (3.0.11) lib/phusion_passenger/abstract_server_collection.rb:79:in `synchronize'
  passenger (3.0.11) lib/phusion_passenger/spawn_manager.rb:244:in `spawn_rack_application'
  passenger (3.0.11) lib/phusion_passenger/spawn_manager.rb:137:in `spawn_application'
  passenger (3.0.11) lib/phusion_passenger/spawn_manager.rb:275:in `handle_spawn_application'
  passenger (3.0.11) lib/phusion_passenger/abstract_server.rb:357:in `server_main_loop'
  passenger (3.0.11) lib/phusion_passenger/abstract_server.rb:206:in `start_synchronously'
  passenger (3.0.11) helper-scripts/passenger-spawn-server:99:in `<main>'


  Rendered /var/lib/gems/1.9.1/gems/actionpack-3.2.1/lib/action_dispatch/middleware/templates/rescues/routing_error.erb within rescues/layout (2.2ms)


Started GET "/assets/defaults.js" for 75.70.211.17 at 2012-02-05 19:57:41 -0700
Served asset /defaults.js - 404 Not Found (11ms)

ActionController::RoutingError (No route matches [GET] "/assets/defaults.js"):
  actionpack (3.2.1) lib/action_dispatch/middleware/debug_exceptions.rb:21:in `call'
  actionpack (3.2.1) lib/action_dispatch/middleware/show_exceptions.rb:56:in `call'
  railties (3.2.1) lib/rails/rack/logger.rb:26:in `call_app'
  railties (3.2.1) lib/rails/rack/logger.rb:16:in `call'
  actionpack (3.2.1) lib/action_dispatch/middleware/request_id.rb:22:in `call'
  rack (1.4.1) lib/rack/methodoverride.rb:21:in `call'
  rack (1.4.1) lib/rack/runtime.rb:17:in `call'
  activesupport (3.2.1) lib/active_support/cache/strategy/local_cache.rb:72:in `call'
  rack (1.4.1) lib/rack/lock.rb:15:in `call'
  actionpack (3.2.1) lib/action_dispatch/middleware/static.rb:53:in `call'
  railties (3.2.1) lib/rails/engine.rb:479:in `call'
  railties (3.2.1) lib/rails/application.rb:220:in `call'
  railties (3.2.1) lib/rails/railtie/configurable.rb:30:in `method_missing'
  passenger (3.0.11) lib/phusion_passenger/rack/request_handler.rb:96:in `process_request'
  passenger (3.0.11) lib/phusion_passenger/abstract_request_handler.rb:513:in `accept_and_process_next_request'
  passenger (3.0.11) lib/phusion_passenger/abstract_request_handler.rb:274:in `main_loop'
  passenger (3.0.11) lib/phusion_passenger/rack/application_spawner.rb:206:in `start_request_handler'
  passenger (3.0.11) lib/phusion_passenger/rack/application_spawner.rb:171:in `block in handle_spawn_application'
  passenger (3.0.11) lib/phusion_passenger/utils.rb:479:in `safe_fork'
  passenger (3.0.11) lib/phusion_passenger/rack/application_spawner.rb:166:in `handle_spawn_application'
  passenger (3.0.11) lib/phusion_passenger/abstract_server.rb:357:in `server_main_loop'
  passenger (3.0.11) lib/phusion_passenger/abstract_server.rb:206:in `start_synchronously'
  passenger (3.0.11) lib/phusion_passenger/abstract_server.rb:180:in `start'
  passenger (3.0.11) lib/phusion_passenger/rack/application_spawner.rb:129:in `start'
  passenger (3.0.11) lib/phusion_passenger/spawn_manager.rb:253:in `block (2 levels) in spawn_rack_application'
  passenger (3.0.11) lib/phusion_passenger/abstract_server_collection.rb:132:in `lookup_or_add'
  passenger (3.0.11) lib/phusion_passenger/spawn_manager.rb:246:in `block in spawn_rack_application'
  passenger (3.0.11) lib/phusion_passenger/abstract_server_collection.rb:82:in `block in synchronize'
  <internal:prelude>:10:in `synchronize'
  passenger (3.0.11) lib/phusion_passenger/abstract_server_collection.rb:79:in `synchronize'
  passenger (3.0.11) lib/phusion_passenger/spawn_manager.rb:244:in `spawn_rack_application'
  passenger (3.0.11) lib/phusion_passenger/spawn_manager.rb:137:in `spawn_application'
  passenger (3.0.11) lib/phusion_passenger/spawn_manager.rb:275:in `handle_spawn_application'
  passenger (3.0.11) lib/phusion_passenger/abstract_server.rb:357:in `server_main_loop'
  passenger (3.0.11) lib/phusion_passenger/abstract_server.rb:206:in `start_synchronously'
  passenger (3.0.11) helper-scripts/passenger-spawn-server:99:in `<main>'


  Rendered /var/lib/gems/1.9.1/gems/actionpack-3.2.1/lib/action_dispatch/middleware/templates/rescues/routing_error.erb within rescues/layout (2.5ms)
