  [1m[36m (0.4ms)[0m  [1mselect sqlite_version(*)[0m
  [1m[35m (168.6ms)[0m  CREATE TABLE "schema_migrations" ("version" varchar(255) NOT NULL) 
  [1m[36m (0.2ms)[0m  [1mPRAGMA index_list("schema_migrations")[0m
  [1m[35m (133.1ms)[0m  CREATE UNIQUE INDEX "unique_schema_migrations" ON "schema_migrations" ("version")
  [1m[36m (0.4ms)[0m  [1mSELECT "schema_migrations"."version" FROM "schema_migrations" [0m
Migrating to CreateArticles (20120217030722)
  [1m[35m (0.2ms)[0m  begin transaction
  [1m[36m (1.3ms)[0m  [1mCREATE TABLE "articles" ("id" INTEGER PRIMARY KEY AUTOINCREMENT NOT NULL, "title" varchar(255), "name" varchar(255), "content" text, "created_at" datetime NOT NULL, "updated_at" datetime NOT NULL) [0m
  [1m[35m (0.4ms)[0m  INSERT INTO "schema_migrations" ("version") VALUES ('20120217030722')
  [1m[36m (135.6ms)[0m  [1mcommit transaction[0m
  [1m[35m (0.8ms)[0m  select sqlite_version(*)
  [1m[36m (0.4ms)[0m  [1mSELECT "schema_migrations"."version" FROM "schema_migrations" [0m
  [1m[35m (0.1ms)[0m  PRAGMA index_list("articles")


Started GET "/articles" for 138.67.200.114 at 2012-02-16 20:18:11 -0700
Processing by ArticlesController#index as HTML
  [1m[36mArticle Load (0.6ms)[0m  [1mSELECT "articles".* FROM "articles" [0m
  Rendered articles/index.html.erb within layouts/application (58.6ms)
Compiled articles.css  (26ms)  (pid 22200)
Compiled scaffolds.css  (57ms)  (pid 22200)
Compiled application.css  (139ms)  (pid 22200)
Compiled jquery.js  (7ms)  (pid 22200)
Compiled jquery_ujs.js  (1ms)  (pid 22200)
Compiled articles.js  (393ms)  (pid 22200)
Compiled application.js  (603ms)  (pid 22200)
Completed 200 OK in 949ms (Views: 942.5ms | ActiveRecord: 0.6ms)


Started GET "/assets/application.css?body=1" for 138.67.200.114 at 2012-02-16 20:18:13 -0700
Served asset /application.css - 304 Not Modified (17ms)


Started GET "/assets/articles.css?body=1" for 138.67.200.114 at 2012-02-16 20:18:13 -0700
Served asset /articles.css - 304 Not Modified (6ms)


Started GET "/assets/scaffolds.css?body=1" for 138.67.200.114 at 2012-02-16 20:18:13 -0700
Served asset /scaffolds.css - 304 Not Modified (11ms)


Started GET "/assets/jquery_ujs.js?body=1" for 138.67.200.114 at 2012-02-16 20:18:13 -0700
Served asset /jquery_ujs.js - 304 Not Modified (11ms)


Started GET "/assets/application.js?body=1" for 138.67.200.114 at 2012-02-16 20:18:13 -0700
Served asset /application.js - 304 Not Modified (38ms)


Started GET "/assets/articles.js?body=1" for 138.67.200.114 at 2012-02-16 20:18:16 -0700
Served asset /articles.js - 304 Not Modified (15ms)


Started GET "/assets/jquery.js?body=1" for 138.67.200.114 at 2012-02-16 20:18:16 -0700
Served asset /jquery.js - 304 Not Modified (18ms)


Started GET "/articles" for 138.67.200.114 at 2012-02-16 20:19:23 -0700
Processing by ArticlesController#index as HTML
  [1m[36mArticle Load (0.5ms)[0m  [1mSELECT "articles".* FROM "articles" [0m
  Rendered articles/index.html.erb within layouts/application (57.8ms)
Completed 200 OK in 151ms (Views: 145.3ms | ActiveRecord: 0.5ms)


Started GET "/assets/application.css?body=1" for 138.67.200.114 at 2012-02-16 20:19:23 -0700


Started GET "/assets/articles.css?body=1" for 138.67.200.114 at 2012-02-16 20:19:23 -0700


Started GET "/assets/scaffolds.css?body=1" for 138.67.200.114 at 2012-02-16 20:19:23 -0700
Served asset /scaffolds.css - 304 Not Modified (1ms)
Served asset /articles.css - 304 Not Modified (11ms)


Started GET "/assets/jquery_ujs.js?body=1" for 138.67.200.114 at 2012-02-16 20:19:23 -0700
Served asset /application.css - 304 Not Modified (21ms)


Started GET "/assets/articles.js?body=1" for 138.67.200.114 at 2012-02-16 20:19:23 -0700
Served asset /jquery_ujs.js - 304 Not Modified (1ms)
Served asset /articles.js - 304 Not Modified (0ms)


Started GET "/assets/application.js?body=1" for 138.67.200.114 at 2012-02-16 20:19:23 -0700
Served asset /application.js - 304 Not Modified (6ms)


Started GET "/assets/jquery.js?body=1" for 138.67.200.114 at 2012-02-16 20:19:25 -0700
Served asset /jquery.js - 304 Not Modified (18ms)


Started GET "/assets/rails.png" for 138.67.200.114 at 2012-02-16 20:19:25 -0700
Served asset /rails.png - 304 Not Modified (19ms)


Started GET "/assets/rails.png" for 138.67.200.114 at 2012-02-16 20:30:51 -0700

SyntaxError (/home/kicombs/cs446/src/project04/config/routes.rb:53: syntax error, unexpected tSTRING_BEG, expecting keyword_do or '{' or '('
  root :to => 'article#index', as 'article'
                                   ^):
  activesupport (3.2.1) lib/active_support/dependencies.rb:245:in `load'
  activesupport (3.2.1) lib/active_support/dependencies.rb:245:in `block in load'
  activesupport (3.2.1) lib/active_support/dependencies.rb:236:in `load_dependency'
  activesupport (3.2.1) lib/active_support/dependencies.rb:245:in `load'
  railties (3.2.1) lib/rails/application/routes_reloader.rb:40:in `block in load_paths'
  railties (3.2.1) lib/rails/application/routes_reloader.rb:40:in `each'
  railties (3.2.1) lib/rails/application/routes_reloader.rb:40:in `load_paths'
  railties (3.2.1) lib/rails/application/routes_reloader.rb:16:in `reload!'
  railties (3.2.1) lib/rails/application/routes_reloader.rb:26:in `block in updater'
  activesupport (3.2.1) lib/active_support/file_update_checker.rb:78:in `call'
  activesupport (3.2.1) lib/active_support/file_update_checker.rb:78:in `execute'
  activesupport (3.2.1) lib/active_support/file_update_checker.rb:86:in `execute_if_updated'
  railties (3.2.1) lib/rails/application/routes_reloader.rb:7:in `execute_if_updated'
  railties (3.2.1) lib/rails/application/finisher.rb:68:in `block (2 levels) in <module:Finisher>'
  activesupport (3.2.1) lib/active_support/callbacks.rb:429:in `_run__1827649188029495392__prepare__687558595385510944__callbacks'
  activesupport (3.2.1) lib/active_support/callbacks.rb:405:in `__run_callback'
  activesupport (3.2.1) lib/active_support/callbacks.rb:385:in `_run_prepare_callbacks'
  activesupport (3.2.1) lib/active_support/callbacks.rb:81:in `run_callbacks'
  actionpack (3.2.1) lib/action_dispatch/middleware/reloader.rb:74:in `prepare!'
  actionpack (3.2.1) lib/action_dispatch/middleware/reloader.rb:64:in `call'
  actionpack (3.2.1) lib/action_dispatch/middleware/remote_ip.rb:31:in `call'
  actionpack (3.2.1) lib/action_dispatch/middleware/debug_exceptions.rb:16:in `call'
  actionpack (3.2.1) lib/action_dispatch/middleware/show_exceptions.rb:56:in `call'
  railties (3.2.1) lib/rails/rack/logger.rb:26:in `call_app'
  railties (3.2.1) lib/rails/rack/logger.rb:16:in `call'
  actionpack (3.2.1) lib/action_dispatch/middleware/request_id.rb:22:in `call'
  rack (1.4.1) lib/rack/methodoverride.rb:21:in `call'
  rack (1.4.1) lib/rack/runtime.rb:17:in `call'
  activesupport (3.2.1) lib/active_support/cache/strategy/local_cache.rb:72:in `call'
  rack (1.4.1) lib/rack/lock.rb:15:in `call'
  actionpack (3.2.1) lib/action_dispatch/middleware/static.rb:53:in `call'
  railties (3.2.1) lib/rails/engine.rb:479:in `call'
  railties (3.2.1) lib/rails/application.rb:220:in `call'
  railties (3.2.1) lib/rails/railtie/configurable.rb:30:in `method_missing'
  passenger (3.0.11) lib/phusion_passenger/rack/request_handler.rb:96:in `process_request'
  passenger (3.0.11) lib/phusion_passenger/abstract_request_handler.rb:513:in `accept_and_process_next_request'
  passenger (3.0.11) lib/phusion_passenger/abstract_request_handler.rb:274:in `main_loop'
  passenger (3.0.11) lib/phusion_passenger/rack/application_spawner.rb:206:in `start_request_handler'
  passenger (3.0.11) lib/phusion_passenger/rack/application_spawner.rb:171:in `block in handle_spawn_application'
  passenger (3.0.11) lib/phusion_passenger/utils.rb:479:in `safe_fork'
  passenger (3.0.11) lib/phusion_passenger/rack/application_spawner.rb:166:in `handle_spawn_application'
  passenger (3.0.11) lib/phusion_passenger/abstract_server.rb:357:in `server_main_loop'
  passenger (3.0.11) lib/phusion_passenger/abstract_server.rb:206:in `start_synchronously'
  passenger (3.0.11) lib/phusion_passenger/abstract_server.rb:180:in `start'
  passenger (3.0.11) lib/phusion_passenger/rack/application_spawner.rb:129:in `start'
  passenger (3.0.11) lib/phusion_passenger/spawn_manager.rb:253:in `block (2 levels) in spawn_rack_application'
  passenger (3.0.11) lib/phusion_passenger/abstract_server_collection.rb:132:in `lookup_or_add'
  passenger (3.0.11) lib/phusion_passenger/spawn_manager.rb:246:in `block in spawn_rack_application'
  passenger (3.0.11) lib/phusion_passenger/abstract_server_collection.rb:82:in `block in synchronize'
  <internal:prelude>:10:in `synchronize'
  passenger (3.0.11) lib/phusion_passenger/abstract_server_collection.rb:79:in `synchronize'
  passenger (3.0.11) lib/phusion_passenger/spawn_manager.rb:244:in `spawn_rack_application'
  passenger (3.0.11) lib/phusion_passenger/spawn_manager.rb:137:in `spawn_application'
  passenger (3.0.11) lib/phusion_passenger/spawn_manager.rb:275:in `handle_spawn_application'
  passenger (3.0.11) lib/phusion_passenger/abstract_server.rb:357:in `server_main_loop'
  passenger (3.0.11) lib/phusion_passenger/abstract_server.rb:206:in `start_synchronously'
  passenger (3.0.11) helper-scripts/passenger-spawn-server:99:in `<main>'


  Rendered /var/lib/gems/1.9.1/gems/actionpack-3.2.1/lib/action_dispatch/middleware/templates/rescues/_trace.erb (9.7ms)
  Rendered /var/lib/gems/1.9.1/gems/actionpack-3.2.1/lib/action_dispatch/middleware/templates/rescues/_request_and_response.erb (3.9ms)
  Rendered /var/lib/gems/1.9.1/gems/actionpack-3.2.1/lib/action_dispatch/middleware/templates/rescues/diagnostics.erb within rescues/layout (28.6ms)


Started GET "/assets/rails.png" for 138.67.200.114 at 2012-02-16 20:30:53 -0700
Served asset /rails.png - 200 OK (0ms)


Started GET "/assets/rails.png" for 138.67.200.114 at 2012-02-16 20:30:54 -0700
Served asset /rails.png - 304 Not Modified (0ms)


Started GET "/" for 138.67.200.114 at 2012-02-16 20:31:12 -0700

ActionController::RoutingError (No route matches [GET] "/"):
  actionpack (3.2.1) lib/action_dispatch/middleware/debug_exceptions.rb:21:in `call'
  actionpack (3.2.1) lib/action_dispatch/middleware/show_exceptions.rb:56:in `call'
  railties (3.2.1) lib/rails/rack/logger.rb:26:in `call_app'
  railties (3.2.1) lib/rails/rack/logger.rb:16:in `call'
  actionpack (3.2.1) lib/action_dispatch/middleware/request_id.rb:22:in `call'
  rack (1.4.1) lib/rack/methodoverride.rb:21:in `call'
  rack (1.4.1) lib/rack/runtime.rb:17:in `call'
  activesupport (3.2.1) lib/active_support/cache/strategy/local_cache.rb:72:in `call'
  rack (1.4.1) lib/rack/lock.rb:15:in `call'
  actionpack (3.2.1) lib/action_dispatch/middleware/static.rb:53:in `call'
  railties (3.2.1) lib/rails/engine.rb:479:in `call'
  railties (3.2.1) lib/rails/application.rb:220:in `call'
  railties (3.2.1) lib/rails/railtie/configurable.rb:30:in `method_missing'
  passenger (3.0.11) lib/phusion_passenger/rack/request_handler.rb:96:in `process_request'
  passenger (3.0.11) lib/phusion_passenger/abstract_request_handler.rb:513:in `accept_and_process_next_request'
  passenger (3.0.11) lib/phusion_passenger/abstract_request_handler.rb:274:in `main_loop'
  passenger (3.0.11) lib/phusion_passenger/rack/application_spawner.rb:206:in `start_request_handler'
  passenger (3.0.11) lib/phusion_passenger/rack/application_spawner.rb:171:in `block in handle_spawn_application'
  passenger (3.0.11) lib/phusion_passenger/utils.rb:479:in `safe_fork'
  passenger (3.0.11) lib/phusion_passenger/rack/application_spawner.rb:166:in `handle_spawn_application'
  passenger (3.0.11) lib/phusion_passenger/abstract_server.rb:357:in `server_main_loop'
  passenger (3.0.11) lib/phusion_passenger/abstract_server.rb:206:in `start_synchronously'
  passenger (3.0.11) lib/phusion_passenger/abstract_server.rb:180:in `start'
  passenger (3.0.11) lib/phusion_passenger/rack/application_spawner.rb:129:in `start'
  passenger (3.0.11) lib/phusion_passenger/spawn_manager.rb:253:in `block (2 levels) in spawn_rack_application'
  passenger (3.0.11) lib/phusion_passenger/abstract_server_collection.rb:132:in `lookup_or_add'
  passenger (3.0.11) lib/phusion_passenger/spawn_manager.rb:246:in `block in spawn_rack_application'
  passenger (3.0.11) lib/phusion_passenger/abstract_server_collection.rb:82:in `block in synchronize'
  <internal:prelude>:10:in `synchronize'
  passenger (3.0.11) lib/phusion_passenger/abstract_server_collection.rb:79:in `synchronize'
  passenger (3.0.11) lib/phusion_passenger/spawn_manager.rb:244:in `spawn_rack_application'
  passenger (3.0.11) lib/phusion_passenger/spawn_manager.rb:137:in `spawn_application'
  passenger (3.0.11) lib/phusion_passenger/spawn_manager.rb:275:in `handle_spawn_application'
  passenger (3.0.11) lib/phusion_passenger/abstract_server.rb:357:in `server_main_loop'
  passenger (3.0.11) lib/phusion_passenger/abstract_server.rb:206:in `start_synchronously'
  passenger (3.0.11) helper-scripts/passenger-spawn-server:99:in `<main>'


  Rendered /var/lib/gems/1.9.1/gems/actionpack-3.2.1/lib/action_dispatch/middleware/templates/rescues/routing_error.erb within rescues/layout (2.0ms)


Started GET "/" for 138.67.200.114 at 2012-02-16 20:31:14 -0700

ActionController::RoutingError (No route matches [GET] "/"):
  actionpack (3.2.1) lib/action_dispatch/middleware/debug_exceptions.rb:21:in `call'
  actionpack (3.2.1) lib/action_dispatch/middleware/show_exceptions.rb:56:in `call'
  railties (3.2.1) lib/rails/rack/logger.rb:26:in `call_app'
  railties (3.2.1) lib/rails/rack/logger.rb:16:in `call'
  actionpack (3.2.1) lib/action_dispatch/middleware/request_id.rb:22:in `call'
  rack (1.4.1) lib/rack/methodoverride.rb:21:in `call'
  rack (1.4.1) lib/rack/runtime.rb:17:in `call'
  activesupport (3.2.1) lib/active_support/cache/strategy/local_cache.rb:72:in `call'
  rack (1.4.1) lib/rack/lock.rb:15:in `call'
  actionpack (3.2.1) lib/action_dispatch/middleware/static.rb:53:in `call'
  railties (3.2.1) lib/rails/engine.rb:479:in `call'
  railties (3.2.1) lib/rails/application.rb:220:in `call'
  railties (3.2.1) lib/rails/railtie/configurable.rb:30:in `method_missing'
  passenger (3.0.11) lib/phusion_passenger/rack/request_handler.rb:96:in `process_request'
  passenger (3.0.11) lib/phusion_passenger/abstract_request_handler.rb:513:in `accept_and_process_next_request'
  passenger (3.0.11) lib/phusion_passenger/abstract_request_handler.rb:274:in `main_loop'
  passenger (3.0.11) lib/phusion_passenger/rack/application_spawner.rb:206:in `start_request_handler'
  passenger (3.0.11) lib/phusion_passenger/rack/application_spawner.rb:171:in `block in handle_spawn_application'
  passenger (3.0.11) lib/phusion_passenger/utils.rb:479:in `safe_fork'
  passenger (3.0.11) lib/phusion_passenger/rack/application_spawner.rb:166:in `handle_spawn_application'
  passenger (3.0.11) lib/phusion_passenger/abstract_server.rb:357:in `server_main_loop'
  passenger (3.0.11) lib/phusion_passenger/abstract_server.rb:206:in `start_synchronously'
  passenger (3.0.11) lib/phusion_passenger/abstract_server.rb:180:in `start'
  passenger (3.0.11) lib/phusion_passenger/rack/application_spawner.rb:129:in `start'
  passenger (3.0.11) lib/phusion_passenger/spawn_manager.rb:253:in `block (2 levels) in spawn_rack_application'
  passenger (3.0.11) lib/phusion_passenger/abstract_server_collection.rb:132:in `lookup_or_add'
  passenger (3.0.11) lib/phusion_passenger/spawn_manager.rb:246:in `block in spawn_rack_application'
  passenger (3.0.11) lib/phusion_passenger/abstract_server_collection.rb:82:in `block in synchronize'
  <internal:prelude>:10:in `synchronize'
  passenger (3.0.11) lib/phusion_passenger/abstract_server_collection.rb:79:in `synchronize'
  passenger (3.0.11) lib/phusion_passenger/spawn_manager.rb:244:in `spawn_rack_application'
  passenger (3.0.11) lib/phusion_passenger/spawn_manager.rb:137:in `spawn_application'
  passenger (3.0.11) lib/phusion_passenger/spawn_manager.rb:275:in `handle_spawn_application'
  passenger (3.0.11) lib/phusion_passenger/abstract_server.rb:357:in `server_main_loop'
  passenger (3.0.11) lib/phusion_passenger/abstract_server.rb:206:in `start_synchronously'
  passenger (3.0.11) helper-scripts/passenger-spawn-server:99:in `<main>'


  Rendered /var/lib/gems/1.9.1/gems/actionpack-3.2.1/lib/action_dispatch/middleware/templates/rescues/routing_error.erb within rescues/layout (2.0ms)


Started GET "/" for 138.67.200.114 at 2012-02-16 20:32:12 -0700

SyntaxError (/home/kicombs/cs446/src/project04/config/routes.rb:53: syntax error, unexpected tSTRING_BEG, expecting keyword_do or '{' or '('
  root :to => 'articles#index', as 'articles'
                                    ^):
  activesupport (3.2.1) lib/active_support/dependencies.rb:245:in `load'
  activesupport (3.2.1) lib/active_support/dependencies.rb:245:in `block in load'
  activesupport (3.2.1) lib/active_support/dependencies.rb:236:in `load_dependency'
  activesupport (3.2.1) lib/active_support/dependencies.rb:245:in `load'
  railties (3.2.1) lib/rails/application/routes_reloader.rb:40:in `block in load_paths'
  railties (3.2.1) lib/rails/application/routes_reloader.rb:40:in `each'
  railties (3.2.1) lib/rails/application/routes_reloader.rb:40:in `load_paths'
  railties (3.2.1) lib/rails/application/routes_reloader.rb:16:in `reload!'
  railties (3.2.1) lib/rails/application/routes_reloader.rb:26:in `block in updater'
  activesupport (3.2.1) lib/active_support/file_update_checker.rb:78:in `call'
  activesupport (3.2.1) lib/active_support/file_update_checker.rb:78:in `execute'
  activesupport (3.2.1) lib/active_support/file_update_checker.rb:86:in `execute_if_updated'
  railties (3.2.1) lib/rails/application/routes_reloader.rb:7:in `execute_if_updated'
  railties (3.2.1) lib/rails/application/finisher.rb:68:in `block (2 levels) in <module:Finisher>'
  activesupport (3.2.1) lib/active_support/callbacks.rb:429:in `_run__1827649188029495392__prepare__687558595385510944__callbacks'
  activesupport (3.2.1) lib/active_support/callbacks.rb:405:in `__run_callback'
  activesupport (3.2.1) lib/active_support/callbacks.rb:385:in `_run_prepare_callbacks'
  activesupport (3.2.1) lib/active_support/callbacks.rb:81:in `run_callbacks'
  actionpack (3.2.1) lib/action_dispatch/middleware/reloader.rb:74:in `prepare!'
  actionpack (3.2.1) lib/action_dispatch/middleware/reloader.rb:64:in `call'
  actionpack (3.2.1) lib/action_dispatch/middleware/remote_ip.rb:31:in `call'
  actionpack (3.2.1) lib/action_dispatch/middleware/debug_exceptions.rb:16:in `call'
  actionpack (3.2.1) lib/action_dispatch/middleware/show_exceptions.rb:56:in `call'
  railties (3.2.1) lib/rails/rack/logger.rb:26:in `call_app'
  railties (3.2.1) lib/rails/rack/logger.rb:16:in `call'
  actionpack (3.2.1) lib/action_dispatch/middleware/request_id.rb:22:in `call'
  rack (1.4.1) lib/rack/methodoverride.rb:21:in `call'
  rack (1.4.1) lib/rack/runtime.rb:17:in `call'
  activesupport (3.2.1) lib/active_support/cache/strategy/local_cache.rb:72:in `call'
  rack (1.4.1) lib/rack/lock.rb:15:in `call'
  actionpack (3.2.1) lib/action_dispatch/middleware/static.rb:53:in `call'
  railties (3.2.1) lib/rails/engine.rb:479:in `call'
  railties (3.2.1) lib/rails/application.rb:220:in `call'
  railties (3.2.1) lib/rails/railtie/configurable.rb:30:in `method_missing'
  passenger (3.0.11) lib/phusion_passenger/rack/request_handler.rb:96:in `process_request'
  passenger (3.0.11) lib/phusion_passenger/abstract_request_handler.rb:513:in `accept_and_process_next_request'
  passenger (3.0.11) lib/phusion_passenger/abstract_request_handler.rb:274:in `main_loop'
  passenger (3.0.11) lib/phusion_passenger/rack/application_spawner.rb:206:in `start_request_handler'
  passenger (3.0.11) lib/phusion_passenger/rack/application_spawner.rb:171:in `block in handle_spawn_application'
  passenger (3.0.11) lib/phusion_passenger/utils.rb:479:in `safe_fork'
  passenger (3.0.11) lib/phusion_passenger/rack/application_spawner.rb:166:in `handle_spawn_application'
  passenger (3.0.11) lib/phusion_passenger/abstract_server.rb:357:in `server_main_loop'
  passenger (3.0.11) lib/phusion_passenger/abstract_server.rb:206:in `start_synchronously'
  passenger (3.0.11) lib/phusion_passenger/abstract_server.rb:180:in `start'
  passenger (3.0.11) lib/phusion_passenger/rack/application_spawner.rb:129:in `start'
  passenger (3.0.11) lib/phusion_passenger/spawn_manager.rb:253:in `block (2 levels) in spawn_rack_application'
  passenger (3.0.11) lib/phusion_passenger/abstract_server_collection.rb:132:in `lookup_or_add'
  passenger (3.0.11) lib/phusion_passenger/spawn_manager.rb:246:in `block in spawn_rack_application'
  passenger (3.0.11) lib/phusion_passenger/abstract_server_collection.rb:82:in `block in synchronize'
  <internal:prelude>:10:in `synchronize'
  passenger (3.0.11) lib/phusion_passenger/abstract_server_collection.rb:79:in `synchronize'
  passenger (3.0.11) lib/phusion_passenger/spawn_manager.rb:244:in `spawn_rack_application'
  passenger (3.0.11) lib/phusion_passenger/spawn_manager.rb:137:in `spawn_application'
  passenger (3.0.11) lib/phusion_passenger/spawn_manager.rb:275:in `handle_spawn_application'
  passenger (3.0.11) lib/phusion_passenger/abstract_server.rb:357:in `server_main_loop'
  passenger (3.0.11) lib/phusion_passenger/abstract_server.rb:206:in `start_synchronously'
  passenger (3.0.11) helper-scripts/passenger-spawn-server:99:in `<main>'


  Rendered /var/lib/gems/1.9.1/gems/actionpack-3.2.1/lib/action_dispatch/middleware/templates/rescues/_trace.erb (9.8ms)
  Rendered /var/lib/gems/1.9.1/gems/actionpack-3.2.1/lib/action_dispatch/middleware/templates/rescues/_request_and_response.erb (4.0ms)
  Rendered /var/lib/gems/1.9.1/gems/actionpack-3.2.1/lib/action_dispatch/middleware/templates/rescues/diagnostics.erb within rescues/layout (21.9ms)


Started GET "/" for 138.67.200.114 at 2012-02-16 20:32:56 -0700
Processing by ArticlesController#index as HTML
  [1m[36mArticle Load (0.5ms)[0m  [1mSELECT "articles".* FROM "articles" [0m
  Rendered articles/index.html.erb within layouts/application (4.1ms)
Completed 200 OK in 68ms (Views: 62.7ms | ActiveRecord: 0.5ms)


Started GET "/assets/application.css?body=1" for 138.67.200.114 at 2012-02-16 20:32:57 -0700
Served asset /application.css - 304 Not Modified (13ms)


Started GET "/assets/articles.css?body=1" for 138.67.200.114 at 2012-02-16 20:32:57 -0700
Served asset /articles.css - 304 Not Modified (6ms)


Started GET "/assets/jquery.js?body=1" for 138.67.200.114 at 2012-02-16 20:32:57 -0700
Served asset /jquery.js - 304 Not Modified (3ms)


Started GET "/assets/jquery_ujs.js?body=1" for 138.67.200.114 at 2012-02-16 20:32:57 -0700
Served asset /jquery_ujs.js - 304 Not Modified (11ms)


Started GET "/assets/scaffolds.css?body=1" for 138.67.200.114 at 2012-02-16 20:32:57 -0700
Served asset /scaffolds.css - 304 Not Modified (8ms)


Started GET "/assets/application.js?body=1" for 138.67.200.114 at 2012-02-16 20:32:57 -0700
Served asset /application.js - 304 Not Modified (81ms)


Started GET "/assets/articles.js?body=1" for 138.67.200.114 at 2012-02-16 20:32:57 -0700
Served asset /articles.js - 304 Not Modified (6ms)
